[ 2013-09-17T08:00:23+08:00 ] 127.0.0.1 /antsclub_tp/
INFO: [ app_begin ] --START--
INFO: ReadHtmlCache Behavior ::run [ RunTime:0.000000s ]
INFO: [ app_begin ] --END-- [ RunTime:0.000000s ]
SQL: SHOW COLUMNS FROM `activity` [ RunTime:0.000000s ]
SQL: SELECT * FROM `activity` WHERE ( typeCode="badminton" ) ORDER BY createTime desc LIMIT 3   [ RunTime:0.000000s ]
SQL: SELECT * FROM `activity` WHERE ( typeCode="swimming" ) ORDER BY createTime desc LIMIT 3   [ RunTime:0.015625s ]
SQL: SELECT * FROM `activity` WHERE ( typeCode="billiards" ) ORDER BY createTime desc LIMIT 3   [ RunTime:0.000000s ]
INFO: [ view_parse ] --START--
NOTIC: [8] Undefined index: uname D:\wamp\www\antsclub_tp\Index\Runtime\Cache\e9ca3d00a40c8a0e158f18fe2252bc69.php 第 25 行.
NOTIC: [8] Undefined index: role D:\wamp\www\antsclub_tp\Index\Runtime\Cache\e9ca3d00a40c8a0e158f18fe2252bc69.php 第 49 行.
INFO: ParseTemplate Behavior ::run [ RunTime:0.031250s ]
INFO: [ view_parse ] --END-- [ RunTime:0.031250s ]
INFO: [ view_filter ] --START--
INFO: ContentReplace Behavior ::run [ RunTime:0.000000s ]
INFO: TokenBuild Behavior ::run [ RunTime:0.000000s ]
INFO: WriteHtmlCache Behavior ::run [ RunTime:0.000000s ]
INFO: ShowRuntime Behavior ::run [ RunTime:0.000000s ]
INFO: [ view_filter ] --END-- [ RunTime:0.000000s ]
INFO: [ view_end ] --START--
INFO: ShowPageTrace Behavior ::run [ RunTime:0.000000s ]
INFO: [ view_end ] --END-- [ RunTime:0.000000s ]

[ 2013-09-17T23:33:22+08:00 ] 127.0.0.1 /antsclub_tp/
INFO: [ app_begin ] --START--
INFO: ReadHtmlCache Behavior ::run [ RunTime:0.000000s ]
INFO: [ app_begin ] --END-- [ RunTime:0.015625s ]
SQL: SHOW COLUMNS FROM `activity` [ RunTime:0.062500s ]
SQL: SELECT * FROM `activity` WHERE ( typeCode="badminton" ) ORDER BY createTime desc LIMIT 3   [ RunTime:0.015625s ]
SQL: SELECT * FROM `activity` WHERE ( typeCode="swimming" ) ORDER BY createTime desc LIMIT 3   [ RunTime:0.000000s ]
SQL: SELECT * FROM `activity` WHERE ( typeCode="billiards" ) ORDER BY createTime desc LIMIT 3   [ RunTime:0.000000s ]
INFO: [ view_parse ] --START--
NOTIC: [8] Undefined index: uname D:\wamp\www\antsclub_tp\Index\Runtime\Cache\e9ca3d00a40c8a0e158f18fe2252bc69.php 第 25 行.
NOTIC: [8] Undefined index: role D:\wamp\www\antsclub_tp\Index\Runtime\Cache\e9ca3d00a40c8a0e158f18fe2252bc69.php 第 49 行.
INFO: ParseTemplate Behavior ::run [ RunTime:0.250000s ]
INFO: [ view_parse ] --END-- [ RunTime:0.250000s ]
INFO: [ view_filter ] --START--
INFO: ContentReplace Behavior ::run [ RunTime:0.015625s ]
INFO: TokenBuild Behavior ::run [ RunTime:0.031250s ]
INFO: WriteHtmlCache Behavior ::run [ RunTime:0.000000s ]
INFO: ShowRuntime Behavior ::run [ RunTime:0.000000s ]
INFO: [ view_filter ] --END-- [ RunTime:0.046875s ]
INFO: [ view_end ] --START--
INFO: ShowPageTrace Behavior ::run [ RunTime:0.015625s ]
INFO: [ view_end ] --END-- [ RunTime:0.015625s ]

[ 2013-09-17T23:36:03+08:00 ] 127.0.0.1 /antsclub_tp/
INFO: [ app_begin ] --START--
INFO: ReadHtmlCache Behavior ::run [ RunTime:0.000000s ]
INFO: [ app_begin ] --END-- [ RunTime:0.000000s ]
SQL: SHOW COLUMNS FROM `activity` [ RunTime:0.015625s ]
SQL: SELECT * FROM `activity` WHERE ( typeCode="badminton" ) ORDER BY createTime desc LIMIT 3   [ RunTime:0.000000s ]
SQL: SELECT * FROM `activity` WHERE ( typeCode="swimming" ) ORDER BY createTime desc LIMIT 3   [ RunTime:0.000000s ]
SQL: SELECT * FROM `activity` WHERE ( typeCode="billiards" ) ORDER BY createTime desc LIMIT 3   [ RunTime:0.000000s ]
INFO: [ view_parse ] --START--
NOTIC: [8] Undefined index: uname D:\wamp\www\antsclub_tp\Index\Runtime\Cache\e9ca3d00a40c8a0e158f18fe2252bc69.php 第 25 行.
NOTIC: [8] Undefined index: role D:\wamp\www\antsclub_tp\Index\Runtime\Cache\e9ca3d00a40c8a0e158f18fe2252bc69.php 第 49 行.
INFO: ParseTemplate Behavior ::run [ RunTime:0.031250s ]
INFO: [ view_parse ] --END-- [ RunTime:0.031250s ]
INFO: [ view_filter ] --START--
INFO: ContentReplace Behavior ::run [ RunTime:0.000000s ]
INFO: TokenBuild Behavior ::run [ RunTime:0.000000s ]
INFO: WriteHtmlCache Behavior ::run [ RunTime:0.000000s ]
INFO: ShowRuntime Behavior ::run [ RunTime:0.000000s ]
INFO: [ view_filter ] --END-- [ RunTime:0.000000s ]
INFO: [ view_end ] --START--
INFO: ShowPageTrace Behavior ::run [ RunTime:0.015625s ]
INFO: [ view_end ] --END-- [ RunTime:0.015625s ]

[ 2013-09-17T23:45:21+08:00 ] 127.0.0.1 /antsclub_tp/
INFO: [ app_begin ] --START--
INFO: ReadHtmlCache Behavior ::run [ RunTime:0.000000s ]
INFO: [ app_begin ] --END-- [ RunTime:0.000000s ]
SQL: SHOW COLUMNS FROM `activity` [ RunTime:0.015625s ]
SQL: SELECT * FROM `activity` WHERE ( typeCode="badminton" ) ORDER BY createTime desc LIMIT 3   [ RunTime:0.000000s ]
SQL: SELECT * FROM `activity` WHERE ( typeCode="swimming" ) ORDER BY createTime desc LIMIT 3   [ RunTime:0.000000s ]
SQL: SELECT * FROM `activity` WHERE ( typeCode="billiards" ) ORDER BY createTime desc LIMIT 3   [ RunTime:0.000000s ]
INFO: [ view_parse ] --START--
NOTIC: [8] Undefined index: uname D:\wamp\www\antsclub_tp\Index\Runtime\Cache\e9ca3d00a40c8a0e158f18fe2252bc69.php 第 25 行.
NOTIC: [8] Undefined index: role D:\wamp\www\antsclub_tp\Index\Runtime\Cache\e9ca3d00a40c8a0e158f18fe2252bc69.php 第 49 行.
INFO: ParseTemplate Behavior ::run [ RunTime:0.031250s ]
INFO: [ view_parse ] --END-- [ RunTime:0.031250s ]
INFO: [ view_filter ] --START--
INFO: ContentReplace Behavior ::run [ RunTime:0.000000s ]
INFO: TokenBuild Behavior ::run [ RunTime:0.000000s ]
INFO: WriteHtmlCache Behavior ::run [ RunTime:0.000000s ]
INFO: ShowRuntime Behavior ::run [ RunTime:0.000000s ]
INFO: [ view_filter ] --END-- [ RunTime:0.015625s ]
INFO: [ view_end ] --START--
INFO: ShowPageTrace Behavior ::run [ RunTime:0.000000s ]
INFO: [ view_end ] --END-- [ RunTime:0.000000s ]

[ 2013-09-17T23:45:23+08:00 ] 127.0.0.1 /antsclub_tp/index.php/Index/wait.html
INFO: [ route_check ] --START--
INFO: CheckRoute Behavior ::run [ RunTime:0.015625s ]
INFO: [ route_check ] --END-- [ RunTime:0.015625s ]
INFO: [ app_begin ] --START--
INFO: ReadHtmlCache Behavior ::run [ RunTime:0.000000s ]
INFO: [ app_begin ] --END-- [ RunTime:0.000000s ]

[ 2013-09-17T23:45:25+08:00 ] 127.0.0.1 /antsclub_tp/index.php
INFO: [ app_begin ] --START--
INFO: ReadHtmlCache Behavior ::run [ RunTime:0.000000s ]
INFO: [ app_begin ] --END-- [ RunTime:0.000000s ]
SQL: SHOW COLUMNS FROM `activity` [ RunTime:0.000000s ]
SQL: SELECT * FROM `activity` WHERE ( typeCode="badminton" ) ORDER BY createTime desc LIMIT 3   [ RunTime:0.000000s ]
SQL: SELECT * FROM `activity` WHERE ( typeCode="swimming" ) ORDER BY createTime desc LIMIT 3   [ RunTime:0.015625s ]
SQL: SELECT * FROM `activity` WHERE ( typeCode="billiards" ) ORDER BY createTime desc LIMIT 3   [ RunTime:0.000000s ]
INFO: [ view_parse ] --START--
NOTIC: [8] Undefined index: uname D:\wamp\www\antsclub_tp\Index\Runtime\Cache\e9ca3d00a40c8a0e158f18fe2252bc69.php 第 25 行.
NOTIC: [8] Undefined index: role D:\wamp\www\antsclub_tp\Index\Runtime\Cache\e9ca3d00a40c8a0e158f18fe2252bc69.php 第 49 行.
INFO: ParseTemplate Behavior ::run [ RunTime:0.031250s ]
INFO: [ view_parse ] --END-- [ RunTime:0.031250s ]
INFO: [ view_filter ] --START--
INFO: ContentReplace Behavior ::run [ RunTime:0.000000s ]
INFO: TokenBuild Behavior ::run [ RunTime:0.000000s ]
INFO: WriteHtmlCache Behavior ::run [ RunTime:0.000000s ]
INFO: ShowRuntime Behavior ::run [ RunTime:0.000000s ]
INFO: [ view_filter ] --END-- [ RunTime:0.000000s ]
INFO: [ view_end ] --START--
INFO: ShowPageTrace Behavior ::run [ RunTime:0.000000s ]
INFO: [ view_end ] --END-- [ RunTime:0.000000s ]

[ 2013-09-17T23:45:26+08:00 ] 127.0.0.1 /antsclub_tp/index.php/Index/wait.html
INFO: [ route_check ] --START--
INFO: CheckRoute Behavior ::run [ RunTime:0.000000s ]
INFO: [ route_check ] --END-- [ RunTime:0.000000s ]
INFO: [ app_begin ] --START--
INFO: ReadHtmlCache Behavior ::run [ RunTime:0.015625s ]
INFO: [ app_begin ] --END-- [ RunTime:0.015625s ]

[ 2013-09-17T23:45:28+08:00 ] 127.0.0.1 /antsclub_tp/index.php/Index/wait.html
INFO: [ route_check ] --START--
INFO: CheckRoute Behavior ::run [ RunTime:0.000000s ]
INFO: [ route_check ] --END-- [ RunTime:0.000000s ]
INFO: [ app_begin ] --START--
INFO: ReadHtmlCache Behavior ::run [ RunTime:0.000000s ]
INFO: [ app_begin ] --END-- [ RunTime:0.000000s ]

[ 2013-09-17T23:45:30+08:00 ] 127.0.0.1 /antsclub_tp/index.php/Index/wait.html
INFO: [ route_check ] --START--
INFO: CheckRoute Behavior ::run [ RunTime:0.000000s ]
INFO: [ route_check ] --END-- [ RunTime:0.000000s ]
INFO: [ app_begin ] --START--
INFO: ReadHtmlCache Behavior ::run [ RunTime:0.000000s ]
INFO: [ app_begin ] --END-- [ RunTime:0.000000s ]

[ 2013-09-17T23:45:33+08:00 ] 127.0.0.1 /antsclub_tp/index.php/Index/wait.html
INFO: [ route_check ] --START--
INFO: CheckRoute Behavior ::run [ RunTime:0.000000s ]
INFO: [ route_check ] --END-- [ RunTime:0.000000s ]
INFO: [ app_begin ] --START--
INFO: ReadHtmlCache Behavior ::run [ RunTime:0.000000s ]
INFO: [ app_begin ] --END-- [ RunTime:0.000000s ]

[ 2013-09-17T23:45:34+08:00 ] 127.0.0.1 /antsclub_tp/index.php/Index/wait.html
INFO: [ route_check ] --START--
INFO: CheckRoute Behavior ::run [ RunTime:0.000000s ]
INFO: [ route_check ] --END-- [ RunTime:0.000000s ]
INFO: [ app_begin ] --START--
INFO: ReadHtmlCache Behavior ::run [ RunTime:0.000000s ]
INFO: [ app_begin ] --END-- [ RunTime:0.000000s ]

[ 2013-09-17T23:45:36+08:00 ] 127.0.0.1 /antsclub_tp/index.php/Login/login.html
INFO: [ route_check ] --START--
INFO: CheckRoute Behavior ::run [ RunTime:0.000000s ]
INFO: [ route_check ] --END-- [ RunTime:0.000000s ]
INFO: [ app_begin ] --START--
INFO: ReadHtmlCache Behavior ::run [ RunTime:0.000000s ]
INFO: [ app_begin ] --END-- [ RunTime:0.000000s ]
INFO: [ view_parse ] --START--
NOTIC: [8] Undefined index: uname D:\wamp\www\antsclub_tp\Index\Runtime\Cache\e5c7baedfdc4a8ba0a3244994ba009b3.php 第 24 行.
NOTIC: [8] Undefined index: role D:\wamp\www\antsclub_tp\Index\Runtime\Cache\e5c7baedfdc4a8ba0a3244994ba009b3.php 第 48 行.
INFO: ParseTemplate Behavior ::run [ RunTime:0.031250s ]
INFO: [ view_parse ] --END-- [ RunTime:0.031250s ]
INFO: [ view_filter ] --START--
INFO: ContentReplace Behavior ::run [ RunTime:0.000000s ]
INFO: TokenBuild Behavior ::run [ RunTime:0.000000s ]
INFO: WriteHtmlCache Behavior ::run [ RunTime:0.000000s ]
INFO: ShowRuntime Behavior ::run [ RunTime:0.000000s ]
INFO: [ view_filter ] --END-- [ RunTime:0.000000s ]
INFO: [ view_end ] --START--
INFO: ShowPageTrace Behavior ::run [ RunTime:0.000000s ]
INFO: [ view_end ] --END-- [ RunTime:0.000000s ]

[ 2013-09-17T23:45:41+08:00 ] 127.0.0.1 /antsclub_tp/index.php/Index/index.html
INFO: [ route_check ] --START--
INFO: CheckRoute Behavior ::run [ RunTime:0.015625s ]
INFO: [ route_check ] --END-- [ RunTime:0.015625s ]
INFO: [ app_begin ] --START--
INFO: ReadHtmlCache Behavior ::run [ RunTime:0.000000s ]
INFO: [ app_begin ] --END-- [ RunTime:0.000000s ]
SQL: SHOW COLUMNS FROM `activity` [ RunTime:0.000000s ]
SQL: SELECT * FROM `activity` WHERE ( typeCode="badminton" ) ORDER BY createTime desc LIMIT 3   [ RunTime:0.000000s ]
SQL: SELECT * FROM `activity` WHERE ( typeCode="swimming" ) ORDER BY createTime desc LIMIT 3   [ RunTime:0.000000s ]
SQL: SELECT * FROM `activity` WHERE ( typeCode="billiards" ) ORDER BY createTime desc LIMIT 3   [ RunTime:0.000000s ]
INFO: [ view_parse ] --START--
NOTIC: [8] Undefined index: uname D:\wamp\www\antsclub_tp\Index\Runtime\Cache\e9ca3d00a40c8a0e158f18fe2252bc69.php 第 25 行.
NOTIC: [8] Undefined index: role D:\wamp\www\antsclub_tp\Index\Runtime\Cache\e9ca3d00a40c8a0e158f18fe2252bc69.php 第 49 行.
INFO: ParseTemplate Behavior ::run [ RunTime:0.031250s ]
INFO: [ view_parse ] --END-- [ RunTime:0.031250s ]
INFO: [ view_filter ] --START--
INFO: ContentReplace Behavior ::run [ RunTime:0.000000s ]
INFO: TokenBuild Behavior ::run [ RunTime:0.000000s ]
INFO: WriteHtmlCache Behavior ::run [ RunTime:0.000000s ]
INFO: ShowRuntime Behavior ::run [ RunTime:0.000000s ]
INFO: [ view_filter ] --END-- [ RunTime:0.000000s ]
INFO: [ view_end ] --START--
INFO: ShowPageTrace Behavior ::run [ RunTime:0.000000s ]
INFO: [ view_end ] --END-- [ RunTime:0.000000s ]

[ 2013-09-17T23:45:43+08:00 ] 127.0.0.1 /antsclub_tp/index.php/Login/register.html
INFO: [ route_check ] --START--
INFO: CheckRoute Behavior ::run [ RunTime:0.000000s ]
INFO: [ route_check ] --END-- [ RunTime:0.015625s ]
INFO: [ app_begin ] --START--
INFO: ReadHtmlCache Behavior ::run [ RunTime:0.000000s ]
INFO: [ app_begin ] --END-- [ RunTime:0.000000s ]
INFO: [ view_parse ] --START--
NOTIC: [8] Undefined index: uname D:\wamp\www\antsclub_tp\Index\Runtime\Cache\084592a7684ff235479386cb47a25df3.php 第 25 行.
NOTIC: [8] Undefined index: role D:\wamp\www\antsclub_tp\Index\Runtime\Cache\084592a7684ff235479386cb47a25df3.php 第 49 行.
INFO: ParseTemplate Behavior ::run [ RunTime:0.015625s ]
INFO: [ view_parse ] --END-- [ RunTime:0.015625s ]
INFO: [ view_filter ] --START--
INFO: ContentReplace Behavior ::run [ RunTime:0.000000s ]
INFO: TokenBuild Behavior ::run [ RunTime:0.000000s ]
INFO: WriteHtmlCache Behavior ::run [ RunTime:0.000000s ]
INFO: ShowRuntime Behavior ::run [ RunTime:0.015625s ]
INFO: [ view_filter ] --END-- [ RunTime:0.015625s ]
INFO: [ view_end ] --START--
INFO: ShowPageTrace Behavior ::run [ RunTime:0.000000s ]
INFO: [ view_end ] --END-- [ RunTime:0.000000s ]

[ 2013-09-17T23:45:45+08:00 ] 127.0.0.1 /antsclub_tp/index.php/Login/register.html
INFO: [ route_check ] --START--
INFO: CheckRoute Behavior ::run [ RunTime:0.000000s ]
INFO: [ route_check ] --END-- [ RunTime:0.000000s ]
INFO: [ app_begin ] --START--
INFO: ReadHtmlCache Behavior ::run [ RunTime:0.000000s ]
INFO: [ app_begin ] --END-- [ RunTime:0.000000s ]
INFO: [ view_parse ] --START--
NOTIC: [8] Undefined index: uname D:\wamp\www\antsclub_tp\Index\Runtime\Cache\084592a7684ff235479386cb47a25df3.php 第 25 行.
NOTIC: [8] Undefined index: role D:\wamp\www\antsclub_tp\Index\Runtime\Cache\084592a7684ff235479386cb47a25df3.php 第 49 行.
INFO: ParseTemplate Behavior ::run [ RunTime:0.031250s ]
INFO: [ view_parse ] --END-- [ RunTime:0.031250s ]
INFO: [ view_filter ] --START--
INFO: ContentReplace Behavior ::run [ RunTime:0.000000s ]
INFO: TokenBuild Behavior ::run [ RunTime:0.000000s ]
INFO: WriteHtmlCache Behavior ::run [ RunTime:0.000000s ]
INFO: ShowRuntime Behavior ::run [ RunTime:0.000000s ]
INFO: [ view_filter ] --END-- [ RunTime:0.000000s ]
INFO: [ view_end ] --START--
INFO: ShowPageTrace Behavior ::run [ RunTime:0.000000s ]
INFO: [ view_end ] --END-- [ RunTime:0.000000s ]

[ 2013-09-17T23:45:47+08:00 ] 127.0.0.1 /antsclub_tp/index.php/Login/register.html
INFO: [ route_check ] --START--
INFO: CheckRoute Behavior ::run [ RunTime:0.000000s ]
INFO: [ route_check ] --END-- [ RunTime:0.000000s ]
INFO: [ app_begin ] --START--
INFO: ReadHtmlCache Behavior ::run [ RunTime:0.000000s ]
INFO: [ app_begin ] --END-- [ RunTime:0.000000s ]
INFO: [ view_parse ] --START--
NOTIC: [8] Undefined index: uname D:\wamp\www\antsclub_tp\Index\Runtime\Cache\084592a7684ff235479386cb47a25df3.php 第 25 行.
NOTIC: [8] Undefined index: role D:\wamp\www\antsclub_tp\Index\Runtime\Cache\084592a7684ff235479386cb47a25df3.php 第 49 行.
INFO: ParseTemplate Behavior ::run [ RunTime:0.015625s ]
INFO: [ view_parse ] --END-- [ RunTime:0.015625s ]
INFO: [ view_filter ] --START--
INFO: ContentReplace Behavior ::run [ RunTime:0.000000s ]
INFO: TokenBuild Behavior ::run [ RunTime:0.015625s ]
INFO: WriteHtmlCache Behavior ::run [ RunTime:0.000000s ]
INFO: ShowRuntime Behavior ::run [ RunTime:0.000000s ]
INFO: [ view_filter ] --END-- [ RunTime:0.015625s ]
INFO: [ view_end ] --START--
INFO: ShowPageTrace Behavior ::run [ RunTime:0.000000s ]
INFO: [ view_end ] --END-- [ RunTime:0.000000s ]

[ 2013-09-17T23:45:49+08:00 ] 127.0.0.1 /antsclub_tp/index.php/Login/login.html
INFO: [ route_check ] --START--
INFO: CheckRoute Behavior ::run [ RunTime:0.000000s ]
INFO: [ route_check ] --END-- [ RunTime:0.000000s ]
INFO: [ app_begin ] --START--
INFO: ReadHtmlCache Behavior ::run [ RunTime:0.000000s ]
INFO: [ app_begin ] --END-- [ RunTime:0.000000s ]
INFO: [ view_parse ] --START--
NOTIC: [8] Undefined index: uname D:\wamp\www\antsclub_tp\Index\Runtime\Cache\e5c7baedfdc4a8ba0a3244994ba009b3.php 第 24 行.
NOTIC: [8] Undefined index: role D:\wamp\www\antsclub_tp\Index\Runtime\Cache\e5c7baedfdc4a8ba0a3244994ba009b3.php 第 48 行.
INFO: ParseTemplate Behavior ::run [ RunTime:0.015625s ]
INFO: [ view_parse ] --END-- [ RunTime:0.015625s ]
INFO: [ view_filter ] --START--
INFO: ContentReplace Behavior ::run [ RunTime:0.000000s ]
INFO: TokenBuild Behavior ::run [ RunTime:0.000000s ]
INFO: WriteHtmlCache Behavior ::run [ RunTime:0.000000s ]
INFO: ShowRuntime Behavior ::run [ RunTime:0.000000s ]
INFO: [ view_filter ] --END-- [ RunTime:0.000000s ]
INFO: [ view_end ] --START--
INFO: ShowPageTrace Behavior ::run [ RunTime:0.015625s ]
INFO: [ view_end ] --END-- [ RunTime:0.015625s ]

[ 2013-09-17T23:45:51+08:00 ] 127.0.0.1 /antsclub_tp/index.php/Login/register.html
INFO: [ route_check ] --START--
INFO: CheckRoute Behavior ::run [ RunTime:0.000000s ]
INFO: [ route_check ] --END-- [ RunTime:0.000000s ]
INFO: [ app_begin ] --START--
INFO: ReadHtmlCache Behavior ::run [ RunTime:0.000000s ]
INFO: [ app_begin ] --END-- [ RunTime:0.000000s ]
INFO: [ view_parse ] --START--
NOTIC: [8] Undefined index: uname D:\wamp\www\antsclub_tp\Index\Runtime\Cache\084592a7684ff235479386cb47a25df3.php 第 25 行.
NOTIC: [8] Undefined index: role D:\wamp\www\antsclub_tp\Index\Runtime\Cache\084592a7684ff235479386cb47a25df3.php 第 49 行.
INFO: ParseTemplate Behavior ::run [ RunTime:0.031250s ]
INFO: [ view_parse ] --END-- [ RunTime:0.031250s ]
INFO: [ view_filter ] --START--
INFO: ContentReplace Behavior ::run [ RunTime:0.000000s ]
INFO: TokenBuild Behavior ::run [ RunTime:0.000000s ]
INFO: WriteHtmlCache Behavior ::run [ RunTime:0.000000s ]
INFO: ShowRuntime Behavior ::run [ RunTime:0.000000s ]
INFO: [ view_filter ] --END-- [ RunTime:0.000000s ]
INFO: [ view_end ] --START--
INFO: ShowPageTrace Behavior ::run [ RunTime:0.000000s ]
INFO: [ view_end ] --END-- [ RunTime:0.000000s ]

[ 2013-09-17T23:45:52+08:00 ] 127.0.0.1 /antsclub_tp/index.php/Login/login.html
INFO: [ route_check ] --START--
INFO: CheckRoute Behavior ::run [ RunTime:0.000000s ]
INFO: [ route_check ] --END-- [ RunTime:0.000000s ]
INFO: [ app_begin ] --START--
INFO: ReadHtmlCache Behavior ::run [ RunTime:0.000000s ]
INFO: [ app_begin ] --END-- [ RunTime:0.000000s ]
INFO: [ view_parse ] --START--
NOTIC: [8] Undefined index: uname D:\wamp\www\antsclub_tp\Index\Runtime\Cache\e5c7baedfdc4a8ba0a3244994ba009b3.php 第 24 行.
NOTIC: [8] Undefined index: role D:\wamp\www\antsclub_tp\Index\Runtime\Cache\e5c7baedfdc4a8ba0a3244994ba009b3.php 第 48 行.
INFO: ParseTemplate Behavior ::run [ RunTime:0.015625s ]
INFO: [ view_parse ] --END-- [ RunTime:0.015625s ]
INFO: [ view_filter ] --START--
INFO: ContentReplace Behavior ::run [ RunTime:0.015625s ]
INFO: TokenBuild Behavior ::run [ RunTime:0.000000s ]
INFO: WriteHtmlCache Behavior ::run [ RunTime:0.000000s ]
INFO: ShowRuntime Behavior ::run [ RunTime:0.000000s ]
INFO: [ view_filter ] --END-- [ RunTime:0.015625s ]
INFO: [ view_end ] --START--
INFO: ShowPageTrace Behavior ::run [ RunTime:0.000000s ]
INFO: [ view_end ] --END-- [ RunTime:0.000000s ]

[ 2013-09-17T23:45:54+08:00 ] 127.0.0.1 /antsclub_tp/index.php/Login/login.html
INFO: [ route_check ] --START--
INFO: CheckRoute Behavior ::run [ RunTime:0.000000s ]
INFO: [ route_check ] --END-- [ RunTime:0.000000s ]
INFO: [ app_begin ] --START--
INFO: ReadHtmlCache Behavior ::run [ RunTime:0.000000s ]
INFO: [ app_begin ] --END-- [ RunTime:0.000000s ]
INFO: [ view_parse ] --START--
NOTIC: [8] Undefined index: uname D:\wamp\www\antsclub_tp\Index\Runtime\Cache\e5c7baedfdc4a8ba0a3244994ba009b3.php 第 24 行.
NOTIC: [8] Undefined index: role D:\wamp\www\antsclub_tp\Index\Runtime\Cache\e5c7baedfdc4a8ba0a3244994ba009b3.php 第 48 行.
INFO: ParseTemplate Behavior ::run [ RunTime:0.031250s ]
INFO: [ view_parse ] --END-- [ RunTime:0.031250s ]
INFO: [ view_filter ] --START--
INFO: ContentReplace Behavior ::run [ RunTime:0.000000s ]
INFO: TokenBuild Behavior ::run [ RunTime:0.000000s ]
INFO: WriteHtmlCache Behavior ::run [ RunTime:0.000000s ]
INFO: ShowRuntime Behavior ::run [ RunTime:0.000000s ]
INFO: [ view_filter ] --END-- [ RunTime:0.000000s ]
INFO: [ view_end ] --START--
INFO: ShowPageTrace Behavior ::run [ RunTime:0.000000s ]
INFO: [ view_end ] --END-- [ RunTime:0.000000s ]

[ 2013-09-17T23:45:56+08:00 ] 127.0.0.1 /antsclub_tp/index.php/Login/register.html
INFO: [ route_check ] --START--
INFO: CheckRoute Behavior ::run [ RunTime:0.000000s ]
INFO: [ route_check ] --END-- [ RunTime:0.000000s ]
INFO: [ app_begin ] --START--
INFO: ReadHtmlCache Behavior ::run [ RunTime:0.000000s ]
INFO: [ app_begin ] --END-- [ RunTime:0.000000s ]
INFO: [ view_parse ] --START--
NOTIC: [8] Undefined index: uname D:\wamp\www\antsclub_tp\Index\Runtime\Cache\084592a7684ff235479386cb47a25df3.php 第 25 行.
NOTIC: [8] Undefined index: role D:\wamp\www\antsclub_tp\Index\Runtime\Cache\084592a7684ff235479386cb47a25df3.php 第 49 行.
INFO: ParseTemplate Behavior ::run [ RunTime:0.015625s ]
INFO: [ view_parse ] --END-- [ RunTime:0.015625s ]
INFO: [ view_filter ] --START--
INFO: ContentReplace Behavior ::run [ RunTime:0.000000s ]
INFO: TokenBuild Behavior ::run [ RunTime:0.000000s ]
INFO: WriteHtmlCache Behavior ::run [ RunTime:0.000000s ]
INFO: ShowRuntime Behavior ::run [ RunTime:0.000000s ]
INFO: [ view_filter ] --END-- [ RunTime:0.000000s ]
INFO: [ view_end ] --START--
INFO: ShowPageTrace Behavior ::run [ RunTime:0.000000s ]
INFO: [ view_end ] --END-- [ RunTime:0.000000s ]

[ 2013-09-17T23:46:14+08:00 ] 127.0.0.1 /antsclub_tp/index.php/Login/register.html
INFO: [ route_check ] --START--
INFO: CheckRoute Behavior ::run [ RunTime:0.000000s ]
INFO: [ route_check ] --END-- [ RunTime:0.000000s ]
INFO: [ app_begin ] --START--
INFO: ReadHtmlCache Behavior ::run [ RunTime:0.000000s ]
INFO: [ app_begin ] --END-- [ RunTime:0.000000s ]
INFO: [ view_parse ] --START--
NOTIC: [8] Undefined index: uname D:\wamp\www\antsclub_tp\Index\Runtime\Cache\084592a7684ff235479386cb47a25df3.php 第 25 行.
NOTIC: [8] Undefined index: role D:\wamp\www\antsclub_tp\Index\Runtime\Cache\084592a7684ff235479386cb47a25df3.php 第 49 行.
INFO: ParseTemplate Behavior ::run [ RunTime:0.031250s ]
INFO: [ view_parse ] --END-- [ RunTime:0.031250s ]
INFO: [ view_filter ] --START--
INFO: ContentReplace Behavior ::run [ RunTime:0.000000s ]
INFO: TokenBuild Behavior ::run [ RunTime:0.000000s ]
INFO: WriteHtmlCache Behavior ::run [ RunTime:0.000000s ]
INFO: ShowRuntime Behavior ::run [ RunTime:0.000000s ]
INFO: [ view_filter ] --END-- [ RunTime:0.000000s ]
INFO: [ view_end ] --START--
INFO: ShowPageTrace Behavior ::run [ RunTime:0.000000s ]
INFO: [ view_end ] --END-- [ RunTime:0.000000s ]

[ 2013-09-17T23:46:16+08:00 ] 127.0.0.1 /antsclub_tp/index.php/Index/index.html
INFO: [ route_check ] --START--
INFO: CheckRoute Behavior ::run [ RunTime:0.000000s ]
INFO: [ route_check ] --END-- [ RunTime:0.000000s ]
INFO: [ app_begin ] --START--
INFO: ReadHtmlCache Behavior ::run [ RunTime:0.000000s ]
INFO: [ app_begin ] --END-- [ RunTime:0.000000s ]
SQL: SHOW COLUMNS FROM `activity` [ RunTime:0.000000s ]
SQL: SELECT * FROM `activity` WHERE ( typeCode="badminton" ) ORDER BY createTime desc LIMIT 3   [ RunTime:0.000000s ]
SQL: SELECT * FROM `activity` WHERE ( typeCode="swimming" ) ORDER BY createTime desc LIMIT 3   [ RunTime:0.000000s ]
SQL: SELECT * FROM `activity` WHERE ( typeCode="billiards" ) ORDER BY createTime desc LIMIT 3   [ RunTime:0.000000s ]
INFO: [ view_parse ] --START--
NOTIC: [8] Undefined index: uname D:\wamp\www\antsclub_tp\Index\Runtime\Cache\e9ca3d00a40c8a0e158f18fe2252bc69.php 第 25 行.
NOTIC: [8] Undefined index: role D:\wamp\www\antsclub_tp\Index\Runtime\Cache\e9ca3d00a40c8a0e158f18fe2252bc69.php 第 49 行.
INFO: ParseTemplate Behavior ::run [ RunTime:0.031250s ]
INFO: [ view_parse ] --END-- [ RunTime:0.031250s ]
INFO: [ view_filter ] --START--
INFO: ContentReplace Behavior ::run [ RunTime:0.000000s ]
INFO: TokenBuild Behavior ::run [ RunTime:0.000000s ]
INFO: WriteHtmlCache Behavior ::run [ RunTime:0.000000s ]
INFO: ShowRuntime Behavior ::run [ RunTime:0.000000s ]
INFO: [ view_filter ] --END-- [ RunTime:0.000000s ]
INFO: [ view_end ] --START--
INFO: ShowPageTrace Behavior ::run [ RunTime:0.000000s ]
INFO: [ view_end ] --END-- [ RunTime:0.000000s ]

