[ 2013-09-11T20:36:27+08:00 ] 121.224.187.208 /
INFO: [ app_begin ] --START--
INFO: ReadHtmlCache Behavior ::run [ RunTime:0.000500s ]
INFO: [ app_begin ] --END-- [ RunTime:0.000607s ]
SQL: SHOW COLUMNS FROM `activity` [ RunTime:0.000760s ]
SQL: SELECT * FROM `activity` WHERE ( typeCode="badminton" ) ORDER BY createTime desc LIMIT 3   [ RunTime:0.000101s ]
SQL: SELECT * FROM `activity` WHERE ( typeCode="swimming" ) ORDER BY createTime desc LIMIT 3   [ RunTime:0.000073s ]
SQL: SELECT * FROM `activity` WHERE ( typeCode="billiards" ) ORDER BY createTime desc LIMIT 3   [ RunTime:0.000074s ]
INFO: [ view_parse ] --START--
NOTIC: [8] Undefined index:  uname /alidata/www/antsclub/Index/Runtime/Cache/e9ca3d00a40c8a0e158f18fe2252bc69.php 第 25 行.
NOTIC: [8] Undefined index:  role /alidata/www/antsclub/Index/Runtime/Cache/e9ca3d00a40c8a0e158f18fe2252bc69.php 第 49 行.
INFO: ParseTemplate Behavior ::run [ RunTime:0.014011s ]
INFO: [ view_parse ] --END-- [ RunTime:0.014125s ]
INFO: [ view_filter ] --START--
INFO: ContentReplace Behavior ::run [ RunTime:0.001709s ]
INFO: TokenBuild Behavior ::run [ RunTime:0.001350s ]
INFO: WriteHtmlCache Behavior ::run [ RunTime:0.001124s ]
INFO: ShowRuntime Behavior ::run [ RunTime:0.001333s ]
INFO: [ view_filter ] --END-- [ RunTime:0.005730s ]
INFO: [ view_end ] --START--
INFO: ShowPageTrace Behavior ::run [ RunTime:0.001514s ]
INFO: [ view_end ] --END-- [ RunTime:0.001592s ]

[ 2013-09-11T20:36:31+08:00 ] 121.224.187.208 /index.php/Activity/view/id/117.html
INFO: [ route_check ] --START--
INFO: CheckRoute Behavior ::run [ RunTime:0.002484s ]
INFO: [ route_check ] --END-- [ RunTime:0.002627s ]
INFO: [ app_begin ] --START--
INFO: ReadHtmlCache Behavior ::run [ RunTime:0.000605s ]
INFO: [ app_begin ] --END-- [ RunTime:0.000690s ]
SQL: select a.*,ua.signName,ua.signNum,ua.userName from activity a  left join user_activity ua on a.id=ua.activityId  where a.id="117" order by ua.signTime [ RunTime:0.000086s ]
NOTIC: [8] Use of undefined constant signName - assumed 'signName' /alidata/www/antsclub/Index/Lib/Action/ActivityAction.class.php 第 58 行.
NOTIC: [8] Use of undefined constant signNum - assumed 'signNum' /alidata/www/antsclub/Index/Lib/Action/ActivityAction.class.php 第 59 行.
NOTIC: [8] Use of undefined constant signName - assumed 'signName' /alidata/www/antsclub/Index/Lib/Action/ActivityAction.class.php 第 58 行.
NOTIC: [8] Use of undefined constant signNum - assumed 'signNum' /alidata/www/antsclub/Index/Lib/Action/ActivityAction.class.php 第 59 行.
NOTIC: [8] Use of undefined constant signName - assumed 'signName' /alidata/www/antsclub/Index/Lib/Action/ActivityAction.class.php 第 58 行.
NOTIC: [8] Use of undefined constant signNum - assumed 'signNum' /alidata/www/antsclub/Index/Lib/Action/ActivityAction.class.php 第 59 行.
NOTIC: [8] Use of undefined constant id - assumed 'id' /alidata/www/antsclub/Index/Lib/Action/ActivityAction.class.php 第 65 行.
NOTIC: [8] Use of undefined constant typeName - assumed 'typeName' /alidata/www/antsclub/Index/Lib/Action/ActivityAction.class.php 第 66 行.
NOTIC: [8] Use of undefined constant title - assumed 'title' /alidata/www/antsclub/Index/Lib/Action/ActivityAction.class.php 第 67 行.
NOTIC: [8] Use of undefined constant startTime - assumed 'startTime' /alidata/www/antsclub/Index/Lib/Action/ActivityAction.class.php 第 68 行.
NOTIC: [8] Use of undefined constant endTime - assumed 'endTime' /alidata/www/antsclub/Index/Lib/Action/ActivityAction.class.php 第 69 行.
NOTIC: [8] Use of undefined constant address - assumed 'address' /alidata/www/antsclub/Index/Lib/Action/ActivityAction.class.php 第 70 行.
NOTIC: [8] Use of undefined constant detail - assumed 'detail' /alidata/www/antsclub/Index/Lib/Action/ActivityAction.class.php 第 71 行.
NOTIC: [8] Use of undefined constant maxNum - assumed 'maxNum' /alidata/www/antsclub/Index/Lib/Action/ActivityAction.class.php 第 72 行.
INFO: [ view_parse ] --START--
NOTIC: [8] Undefined index:  uname /alidata/www/antsclub/Index/Runtime/Cache/ab2fbf02f9e0aad89bd0b627ad1f3bde.php 第 25 行.
NOTIC: [8] Undefined index:  role /alidata/www/antsclub/Index/Runtime/Cache/ab2fbf02f9e0aad89bd0b627ad1f3bde.php 第 49 行.
NOTIC: [8] Undefined index:  role /alidata/www/antsclub/Index/Runtime/Cache/ab2fbf02f9e0aad89bd0b627ad1f3bde.php 第 68 行.
INFO: ParseTemplate Behavior ::run [ RunTime:0.011083s ]
INFO: [ view_parse ] --END-- [ RunTime:0.011197s ]
INFO: [ view_filter ] --START--
INFO: ContentReplace Behavior ::run [ RunTime:0.000491s ]
INFO: TokenBuild Behavior ::run [ RunTime:0.000401s ]
INFO: WriteHtmlCache Behavior ::run [ RunTime:0.000257s ]
INFO: ShowRuntime Behavior ::run [ RunTime:0.000457s ]
INFO: [ view_filter ] --END-- [ RunTime:0.002010s ]
INFO: [ view_end ] --START--
INFO: ShowPageTrace Behavior ::run [ RunTime:0.000549s ]
INFO: [ view_end ] --END-- [ RunTime:0.000639s ]

[ 2013-09-11T20:36:33+08:00 ] 121.224.187.208 /
INFO: [ app_begin ] --START--
INFO: ReadHtmlCache Behavior ::run [ RunTime:0.000520s ]
INFO: [ app_begin ] --END-- [ RunTime:0.000667s ]
SQL: SHOW COLUMNS FROM `activity` [ RunTime:0.000780s ]
SQL: SELECT * FROM `activity` WHERE ( typeCode="badminton" ) ORDER BY createTime desc LIMIT 3   [ RunTime:0.000082s ]
SQL: SELECT * FROM `activity` WHERE ( typeCode="swimming" ) ORDER BY createTime desc LIMIT 3   [ RunTime:0.000076s ]
SQL: SELECT * FROM `activity` WHERE ( typeCode="billiards" ) ORDER BY createTime desc LIMIT 3   [ RunTime:0.000075s ]
INFO: [ view_parse ] --START--
NOTIC: [8] Undefined index:  uname /alidata/www/antsclub/Index/Runtime/Cache/e9ca3d00a40c8a0e158f18fe2252bc69.php 第 25 行.
NOTIC: [8] Undefined index:  role /alidata/www/antsclub/Index/Runtime/Cache/e9ca3d00a40c8a0e158f18fe2252bc69.php 第 49 行.
INFO: ParseTemplate Behavior ::run [ RunTime:0.014680s ]
INFO: [ view_parse ] --END-- [ RunTime:0.014785s ]
INFO: [ view_filter ] --START--
INFO: ContentReplace Behavior ::run [ RunTime:0.000370s ]
INFO: TokenBuild Behavior ::run [ RunTime:0.000385s ]
INFO: WriteHtmlCache Behavior ::run [ RunTime:0.000195s ]
INFO: ShowRuntime Behavior ::run [ RunTime:0.000429s ]
INFO: [ view_filter ] --END-- [ RunTime:0.001592s ]
INFO: [ view_end ] --START--
INFO: ShowPageTrace Behavior ::run [ RunTime:0.000545s ]
INFO: [ view_end ] --END-- [ RunTime:0.000637s ]

[ 2013-09-11T20:37:29+08:00 ] 121.224.187.208 /index.php/Login/register.html
INFO: [ route_check ] --START--
INFO: CheckRoute Behavior ::run [ RunTime:0.000752s ]
INFO: [ route_check ] --END-- [ RunTime:0.000865s ]
INFO: [ app_begin ] --START--
INFO: ReadHtmlCache Behavior ::run [ RunTime:0.000473s ]
INFO: [ app_begin ] --END-- [ RunTime:0.000550s ]
INFO: [ view_parse ] --START--
NOTIC: [8] Undefined index:  uname /alidata/www/antsclub/Index/Runtime/Cache/084592a7684ff235479386cb47a25df3.php 第 25 行.
NOTIC: [8] Undefined index:  role /alidata/www/antsclub/Index/Runtime/Cache/084592a7684ff235479386cb47a25df3.php 第 49 行.
INFO: ParseTemplate Behavior ::run [ RunTime:0.009276s ]
INFO: [ view_parse ] --END-- [ RunTime:0.009368s ]
INFO: [ view_filter ] --START--
INFO: ContentReplace Behavior ::run [ RunTime:0.000343s ]
INFO: TokenBuild Behavior ::run [ RunTime:0.000317s ]
INFO: WriteHtmlCache Behavior ::run [ RunTime:0.000189s ]
INFO: ShowRuntime Behavior ::run [ RunTime:0.000414s ]
INFO: [ view_filter ] --END-- [ RunTime:0.001472s ]
INFO: [ view_end ] --START--
INFO: ShowPageTrace Behavior ::run [ RunTime:0.000521s ]
INFO: [ view_end ] --END-- [ RunTime:0.000592s ]

[ 2013-09-11T20:37:34+08:00 ] 121.224.187.208 /index.php/Login/checkUnique/cName/uname.html
INFO: [ route_check ] --START--
INFO: CheckRoute Behavior ::run [ RunTime:0.000782s ]
INFO: [ route_check ] --END-- [ RunTime:0.000887s ]
INFO: [ app_begin ] --START--
INFO: ReadHtmlCache Behavior ::run [ RunTime:0.000489s ]
INFO: [ app_begin ] --END-- [ RunTime:0.000564s ]
SQL: SHOW COLUMNS FROM `user` [ RunTime:0.000641s ]
SQL: SELECT `id` FROM `user` WHERE ( `uname` = '土龙1' ) LIMIT 1   [ RunTime:0.000201s ]

[ 2013-09-11T20:37:42+08:00 ] 121.224.187.208 /index.php/Login/runRegis.html
INFO: [ route_check ] --START--
INFO: CheckRoute Behavior ::run [ RunTime:0.000904s ]
INFO: [ route_check ] --END-- [ RunTime:0.001043s ]
INFO: [ app_begin ] --START--
INFO: ReadHtmlCache Behavior ::run [ RunTime:0.000708s ]
INFO: [ app_begin ] --END-- [ RunTime:0.000846s ]
SQL: SHOW COLUMNS FROM `user` [ RunTime:0.000654s ]
SQL: INSERT INTO `user` (`uname`,`pwd`,`email`,`nickname`,`createTime`) VALUES ('土龙1','96777fa4d3d29fa3d28d95df49c59a7c',null,null,'2013-09-11 20:37:42') [ RunTime:0.000435s ]

[ 2013-09-11T20:37:44+08:00 ] 121.224.187.208 /index.php
INFO: [ app_begin ] --START--
INFO: ReadHtmlCache Behavior ::run [ RunTime:0.000485s ]
INFO: [ app_begin ] --END-- [ RunTime:0.000614s ]
SQL: SHOW COLUMNS FROM `activity` [ RunTime:0.000967s ]
SQL: SELECT * FROM `activity` WHERE ( typeCode="badminton" ) ORDER BY createTime desc LIMIT 3   [ RunTime:0.000100s ]
SQL: SELECT * FROM `activity` WHERE ( typeCode="swimming" ) ORDER BY createTime desc LIMIT 3   [ RunTime:0.000096s ]
SQL: SELECT * FROM `activity` WHERE ( typeCode="billiards" ) ORDER BY createTime desc LIMIT 3   [ RunTime:0.000078s ]
INFO: [ view_parse ] --START--
NOTIC: [8] Undefined index:  role /alidata/www/antsclub/Index/Runtime/Cache/e9ca3d00a40c8a0e158f18fe2252bc69.php 第 49 行.
INFO: ParseTemplate Behavior ::run [ RunTime:0.014064s ]
INFO: [ view_parse ] --END-- [ RunTime:0.014152s ]
INFO: [ view_filter ] --START--
INFO: ContentReplace Behavior ::run [ RunTime:0.000331s ]
INFO: TokenBuild Behavior ::run [ RunTime:0.000306s ]
INFO: WriteHtmlCache Behavior ::run [ RunTime:0.000189s ]
INFO: ShowRuntime Behavior ::run [ RunTime:0.000435s ]
INFO: [ view_filter ] --END-- [ RunTime:0.001480s ]
INFO: [ view_end ] --START--
INFO: ShowPageTrace Behavior ::run [ RunTime:0.000557s ]
INFO: [ view_end ] --END-- [ RunTime:0.000647s ]

[ 2013-09-11T20:37:46+08:00 ] 121.224.187.208 /index.php/Activity/view/id/117.html
INFO: [ route_check ] --START--
INFO: CheckRoute Behavior ::run [ RunTime:0.000750s ]
INFO: [ route_check ] --END-- [ RunTime:0.000855s ]
INFO: [ app_begin ] --START--
INFO: ReadHtmlCache Behavior ::run [ RunTime:0.000478s ]
INFO: [ app_begin ] --END-- [ RunTime:0.000556s ]
SQL: select a.*,ua.signName,ua.signNum,ua.userName from activity a  left join user_activity ua on a.id=ua.activityId  where a.id="117" order by ua.signTime [ RunTime:0.000083s ]
NOTIC: [8] Use of undefined constant signName - assumed 'signName' /alidata/www/antsclub/Index/Lib/Action/ActivityAction.class.php 第 58 行.
NOTIC: [8] Use of undefined constant signNum - assumed 'signNum' /alidata/www/antsclub/Index/Lib/Action/ActivityAction.class.php 第 59 行.
NOTIC: [8] Use of undefined constant signName - assumed 'signName' /alidata/www/antsclub/Index/Lib/Action/ActivityAction.class.php 第 58 行.
NOTIC: [8] Use of undefined constant signNum - assumed 'signNum' /alidata/www/antsclub/Index/Lib/Action/ActivityAction.class.php 第 59 行.
NOTIC: [8] Use of undefined constant signName - assumed 'signName' /alidata/www/antsclub/Index/Lib/Action/ActivityAction.class.php 第 58 行.
NOTIC: [8] Use of undefined constant signNum - assumed 'signNum' /alidata/www/antsclub/Index/Lib/Action/ActivityAction.class.php 第 59 行.
NOTIC: [8] Use of undefined constant id - assumed 'id' /alidata/www/antsclub/Index/Lib/Action/ActivityAction.class.php 第 65 行.
NOTIC: [8] Use of undefined constant typeName - assumed 'typeName' /alidata/www/antsclub/Index/Lib/Action/ActivityAction.class.php 第 66 行.
NOTIC: [8] Use of undefined constant title - assumed 'title' /alidata/www/antsclub/Index/Lib/Action/ActivityAction.class.php 第 67 行.
NOTIC: [8] Use of undefined constant startTime - assumed 'startTime' /alidata/www/antsclub/Index/Lib/Action/ActivityAction.class.php 第 68 行.
NOTIC: [8] Use of undefined constant endTime - assumed 'endTime' /alidata/www/antsclub/Index/Lib/Action/ActivityAction.class.php 第 69 行.
NOTIC: [8] Use of undefined constant address - assumed 'address' /alidata/www/antsclub/Index/Lib/Action/ActivityAction.class.php 第 70 行.
NOTIC: [8] Use of undefined constant detail - assumed 'detail' /alidata/www/antsclub/Index/Lib/Action/ActivityAction.class.php 第 71 行.
NOTIC: [8] Use of undefined constant maxNum - assumed 'maxNum' /alidata/www/antsclub/Index/Lib/Action/ActivityAction.class.php 第 72 行.
INFO: [ view_parse ] --START--
NOTIC: [8] Undefined index:  role /alidata/www/antsclub/Index/Runtime/Cache/ab2fbf02f9e0aad89bd0b627ad1f3bde.php 第 49 行.
NOTIC: [8] Undefined index:  role /alidata/www/antsclub/Index/Runtime/Cache/ab2fbf02f9e0aad89bd0b627ad1f3bde.php 第 68 行.
INFO: ParseTemplate Behavior ::run [ RunTime:0.010694s ]
INFO: [ view_parse ] --END-- [ RunTime:0.010774s ]
INFO: [ view_filter ] --START--
INFO: ContentReplace Behavior ::run [ RunTime:0.000294s ]
INFO: TokenBuild Behavior ::run [ RunTime:0.000324s ]
INFO: WriteHtmlCache Behavior ::run [ RunTime:0.000188s ]
INFO: ShowRuntime Behavior ::run [ RunTime:0.000380s ]
INFO: [ view_filter ] --END-- [ RunTime:0.001396s ]
INFO: [ view_end ] --START--
INFO: ShowPageTrace Behavior ::run [ RunTime:0.000513s ]
INFO: [ view_end ] --END-- [ RunTime:0.000588s ]

[ 2013-09-11T20:37:50+08:00 ] 121.224.187.208 /index.php/Login/logout.html
INFO: [ route_check ] --START--
INFO: CheckRoute Behavior ::run [ RunTime:0.000764s ]
INFO: [ route_check ] --END-- [ RunTime:0.000869s ]
INFO: [ app_begin ] --START--
INFO: ReadHtmlCache Behavior ::run [ RunTime:0.000479s ]
INFO: [ app_begin ] --END-- [ RunTime:0.000557s ]

[ 2013-09-11T20:37:50+08:00 ] 121.224.187.208 /index.php
INFO: [ app_begin ] --START--
INFO: ReadHtmlCache Behavior ::run [ RunTime:0.000457s ]
INFO: [ app_begin ] --END-- [ RunTime:0.000566s ]
SQL: SHOW COLUMNS FROM `activity` [ RunTime:0.000731s ]
SQL: SELECT * FROM `activity` WHERE ( typeCode="badminton" ) ORDER BY createTime desc LIMIT 3   [ RunTime:0.000081s ]
SQL: SELECT * FROM `activity` WHERE ( typeCode="swimming" ) ORDER BY createTime desc LIMIT 3   [ RunTime:0.000074s ]
SQL: SELECT * FROM `activity` WHERE ( typeCode="billiards" ) ORDER BY createTime desc LIMIT 3   [ RunTime:0.000098s ]
INFO: [ view_parse ] --START--
NOTIC: [8] Undefined index:  uname /alidata/www/antsclub/Index/Runtime/Cache/e9ca3d00a40c8a0e158f18fe2252bc69.php 第 25 行.
NOTIC: [8] Undefined index:  role /alidata/www/antsclub/Index/Runtime/Cache/e9ca3d00a40c8a0e158f18fe2252bc69.php 第 49 行.
INFO: ParseTemplate Behavior ::run [ RunTime:0.013619s ]
INFO: [ view_parse ] --END-- [ RunTime:0.013700s ]
INFO: [ view_filter ] --START--
INFO: ContentReplace Behavior ::run [ RunTime:0.000301s ]
INFO: TokenBuild Behavior ::run [ RunTime:0.000301s ]
INFO: WriteHtmlCache Behavior ::run [ RunTime:0.000185s ]
INFO: ShowRuntime Behavior ::run [ RunTime:0.000430s ]
INFO: [ view_filter ] --END-- [ RunTime:0.001429s ]
INFO: [ view_end ] --START--
INFO: ShowPageTrace Behavior ::run [ RunTime:0.000560s ]
INFO: [ view_end ] --END-- [ RunTime:0.000636s ]

[ 2013-09-11T20:37:52+08:00 ] 121.224.187.208 /index.php/Login/register.html
INFO: [ route_check ] --START--
INFO: CheckRoute Behavior ::run [ RunTime:0.000752s ]
INFO: [ route_check ] --END-- [ RunTime:0.000867s ]
INFO: [ app_begin ] --START--
INFO: ReadHtmlCache Behavior ::run [ RunTime:0.000462s ]
INFO: [ app_begin ] --END-- [ RunTime:0.000539s ]
INFO: [ view_parse ] --START--
NOTIC: [8] Undefined index:  uname /alidata/www/antsclub/Index/Runtime/Cache/084592a7684ff235479386cb47a25df3.php 第 25 行.
NOTIC: [8] Undefined index:  role /alidata/www/antsclub/Index/Runtime/Cache/084592a7684ff235479386cb47a25df3.php 第 49 行.
INFO: ParseTemplate Behavior ::run [ RunTime:0.009197s ]
INFO: [ view_parse ] --END-- [ RunTime:0.009302s ]
INFO: [ view_filter ] --START--
INFO: ContentReplace Behavior ::run [ RunTime:0.000308s ]
INFO: TokenBuild Behavior ::run [ RunTime:0.000319s ]
INFO: WriteHtmlCache Behavior ::run [ RunTime:0.000176s ]
INFO: ShowRuntime Behavior ::run [ RunTime:0.000359s ]
INFO: [ view_filter ] --END-- [ RunTime:0.001368s ]
INFO: [ view_end ] --START--
INFO: ShowPageTrace Behavior ::run [ RunTime:0.000530s ]
INFO: [ view_end ] --END-- [ RunTime:0.000603s ]

[ 2013-09-11T20:37:57+08:00 ] 121.224.187.208 /index.php/Login/checkUnique/cName/uname.html
INFO: [ route_check ] --START--
INFO: CheckRoute Behavior ::run [ RunTime:0.000767s ]
INFO: [ route_check ] --END-- [ RunTime:0.000907s ]
INFO: [ app_begin ] --START--
INFO: ReadHtmlCache Behavior ::run [ RunTime:0.000463s ]
INFO: [ app_begin ] --END-- [ RunTime:0.000533s ]
SQL: SHOW COLUMNS FROM `user` [ RunTime:0.000668s ]
SQL: SELECT `id` FROM `user` WHERE ( `uname` = '土龙2' ) LIMIT 1   [ RunTime:0.000198s ]

[ 2013-09-11T20:37:58+08:00 ] 121.224.187.208 /index.php/Login/runRegis.html
INFO: [ route_check ] --START--
INFO: CheckRoute Behavior ::run [ RunTime:0.000763s ]
INFO: [ route_check ] --END-- [ RunTime:0.000884s ]
INFO: [ app_begin ] --START--
INFO: ReadHtmlCache Behavior ::run [ RunTime:0.000497s ]
INFO: [ app_begin ] --END-- [ RunTime:0.000577s ]
SQL: SHOW COLUMNS FROM `user` [ RunTime:0.000669s ]
SQL: INSERT INTO `user` (`uname`,`pwd`,`email`,`nickname`,`createTime`) VALUES ('土龙2','5f37a50ef66a1a200be861cf92f8dcdc',null,null,'2013-09-11 20:37:58') [ RunTime:0.000251s ]

[ 2013-09-11T20:38:01+08:00 ] 121.224.187.208 /index.php
INFO: [ app_begin ] --START--
INFO: ReadHtmlCache Behavior ::run [ RunTime:0.000495s ]
INFO: [ app_begin ] --END-- [ RunTime:0.000606s ]
SQL: SHOW COLUMNS FROM `activity` [ RunTime:0.000749s ]
SQL: SELECT * FROM `activity` WHERE ( typeCode="badminton" ) ORDER BY createTime desc LIMIT 3   [ RunTime:0.000079s ]
SQL: SELECT * FROM `activity` WHERE ( typeCode="swimming" ) ORDER BY createTime desc LIMIT 3   [ RunTime:0.000074s ]
SQL: SELECT * FROM `activity` WHERE ( typeCode="billiards" ) ORDER BY createTime desc LIMIT 3   [ RunTime:0.000075s ]
INFO: [ view_parse ] --START--
NOTIC: [8] Undefined index:  role /alidata/www/antsclub/Index/Runtime/Cache/e9ca3d00a40c8a0e158f18fe2252bc69.php 第 49 行.
INFO: ParseTemplate Behavior ::run [ RunTime:0.013630s ]
INFO: [ view_parse ] --END-- [ RunTime:0.013728s ]
INFO: [ view_filter ] --START--
INFO: ContentReplace Behavior ::run [ RunTime:0.000329s ]
INFO: TokenBuild Behavior ::run [ RunTime:0.000298s ]
INFO: WriteHtmlCache Behavior ::run [ RunTime:0.000189s ]
INFO: ShowRuntime Behavior ::run [ RunTime:0.000384s ]
INFO: [ view_filter ] --END-- [ RunTime:0.001432s ]
INFO: [ view_end ] --START--
INFO: ShowPageTrace Behavior ::run [ RunTime:0.000553s ]
INFO: [ view_end ] --END-- [ RunTime:0.000629s ]

[ 2013-09-11T20:38:03+08:00 ] 121.224.187.208 /index.php/Login/logout.html
INFO: [ route_check ] --START--
INFO: CheckRoute Behavior ::run [ RunTime:0.000766s ]
INFO: [ route_check ] --END-- [ RunTime:0.000879s ]
INFO: [ app_begin ] --START--
INFO: ReadHtmlCache Behavior ::run [ RunTime:0.000495s ]
INFO: [ app_begin ] --END-- [ RunTime:0.000578s ]

[ 2013-09-11T20:38:03+08:00 ] 121.224.187.208 /index.php
INFO: [ app_begin ] --START--
INFO: ReadHtmlCache Behavior ::run [ RunTime:0.000563s ]
INFO: [ app_begin ] --END-- [ RunTime:0.000668s ]
SQL: SHOW COLUMNS FROM `activity` [ RunTime:0.000756s ]
SQL: SELECT * FROM `activity` WHERE ( typeCode="badminton" ) ORDER BY createTime desc LIMIT 3   [ RunTime:0.000104s ]
SQL: SELECT * FROM `activity` WHERE ( typeCode="swimming" ) ORDER BY createTime desc LIMIT 3   [ RunTime:0.000078s ]
SQL: SELECT * FROM `activity` WHERE ( typeCode="billiards" ) ORDER BY createTime desc LIMIT 3   [ RunTime:0.000083s ]
INFO: [ view_parse ] --START--
NOTIC: [8] Undefined index:  uname /alidata/www/antsclub/Index/Runtime/Cache/e9ca3d00a40c8a0e158f18fe2252bc69.php 第 25 行.
NOTIC: [8] Undefined index:  role /alidata/www/antsclub/Index/Runtime/Cache/e9ca3d00a40c8a0e158f18fe2252bc69.php 第 49 行.
INFO: ParseTemplate Behavior ::run [ RunTime:0.014207s ]
INFO: [ view_parse ] --END-- [ RunTime:0.014293s ]
INFO: [ view_filter ] --START--
INFO: ContentReplace Behavior ::run [ RunTime:0.000310s ]
INFO: TokenBuild Behavior ::run [ RunTime:0.000311s ]
INFO: WriteHtmlCache Behavior ::run [ RunTime:0.000196s ]
INFO: ShowRuntime Behavior ::run [ RunTime:0.000385s ]
INFO: [ view_filter ] --END-- [ RunTime:0.001449s ]
INFO: [ view_end ] --START--
INFO: ShowPageTrace Behavior ::run [ RunTime:0.000566s ]
INFO: [ view_end ] --END-- [ RunTime:0.000640s ]

[ 2013-09-11T20:38:05+08:00 ] 121.224.187.208 /index.php/Login/register.html
INFO: [ route_check ] --START--
INFO: CheckRoute Behavior ::run [ RunTime:0.000755s ]
INFO: [ route_check ] --END-- [ RunTime:0.000861s ]
INFO: [ app_begin ] --START--
INFO: ReadHtmlCache Behavior ::run [ RunTime:0.000481s ]
INFO: [ app_begin ] --END-- [ RunTime:0.000559s ]
INFO: [ view_parse ] --START--
NOTIC: [8] Undefined index:  uname /alidata/www/antsclub/Index/Runtime/Cache/084592a7684ff235479386cb47a25df3.php 第 25 行.
NOTIC: [8] Undefined index:  role /alidata/www/antsclub/Index/Runtime/Cache/084592a7684ff235479386cb47a25df3.php 第 49 行.
INFO: ParseTemplate Behavior ::run [ RunTime:0.009272s ]
INFO: [ view_parse ] --END-- [ RunTime:0.009357s ]
INFO: [ view_filter ] --START--
INFO: ContentReplace Behavior ::run [ RunTime:0.000312s ]
INFO: TokenBuild Behavior ::run [ RunTime:0.000339s ]
INFO: WriteHtmlCache Behavior ::run [ RunTime:0.000189s ]
INFO: ShowRuntime Behavior ::run [ RunTime:0.000396s ]
INFO: [ view_filter ] --END-- [ RunTime:0.001466s ]
INFO: [ view_end ] --START--
INFO: ShowPageTrace Behavior ::run [ RunTime:0.000525s ]
INFO: [ view_end ] --END-- [ RunTime:0.000598s ]

[ 2013-09-11T20:38:11+08:00 ] 121.224.187.208 /index.php/Login/checkUnique/cName/uname.html
INFO: [ route_check ] --START--
INFO: CheckRoute Behavior ::run [ RunTime:0.001156s ]
INFO: [ route_check ] --END-- [ RunTime:0.001325s ]
INFO: [ app_begin ] --START--
INFO: ReadHtmlCache Behavior ::run [ RunTime:0.000762s ]
INFO: [ app_begin ] --END-- [ RunTime:0.000918s ]
SQL: SHOW COLUMNS FROM `user` [ RunTime:0.000665s ]
SQL: SELECT `id` FROM `user` WHERE ( `uname` = '土龙2' ) LIMIT 1   [ RunTime:0.000220s ]

[ 2013-09-11T20:38:14+08:00 ] 121.224.187.208 /index.php/Login/checkUnique/cName/uname.html
INFO: [ route_check ] --START--
INFO: CheckRoute Behavior ::run [ RunTime:0.000757s ]
INFO: [ route_check ] --END-- [ RunTime:0.000867s ]
INFO: [ app_begin ] --START--
INFO: ReadHtmlCache Behavior ::run [ RunTime:0.000480s ]
INFO: [ app_begin ] --END-- [ RunTime:0.000551s ]
SQL: SHOW COLUMNS FROM `user` [ RunTime:0.000659s ]
SQL: SELECT `id` FROM `user` WHERE ( `uname` = '土龙3' ) LIMIT 1   [ RunTime:0.000200s ]

[ 2013-09-11T20:38:17+08:00 ] 121.224.187.208 /index.php/Login/checkUnique/cName/email.html
INFO: [ route_check ] --START--
INFO: CheckRoute Behavior ::run [ RunTime:0.000753s ]
INFO: [ route_check ] --END-- [ RunTime:0.000861s ]
INFO: [ app_begin ] --START--
INFO: ReadHtmlCache Behavior ::run [ RunTime:0.000483s ]
INFO: [ app_begin ] --END-- [ RunTime:0.000551s ]
SQL: SHOW COLUMNS FROM `user` [ RunTime:0.000759s ]
SQL: SELECT `id` FROM `user` WHERE ( `email` = '土龙3' ) LIMIT 1   [ RunTime:0.000240s ]

[ 2013-09-11T20:38:18+08:00 ] 121.224.187.208 /index.php/Login/checkUnique/cName/nickname.html
INFO: [ route_check ] --START--
INFO: CheckRoute Behavior ::run [ RunTime:0.000775s ]
INFO: [ route_check ] --END-- [ RunTime:0.000887s ]
INFO: [ app_begin ] --START--
INFO: ReadHtmlCache Behavior ::run [ RunTime:0.000491s ]
INFO: [ app_begin ] --END-- [ RunTime:0.000563s ]
SQL: SHOW COLUMNS FROM `user` [ RunTime:0.000663s ]
SQL: SELECT `id` FROM `user` WHERE ( `nickname` = '土龙3' ) LIMIT 1   [ RunTime:0.000207s ]

[ 2013-09-11T20:38:18+08:00 ] 121.224.187.208 /index.php/Login/runRegis.html
INFO: [ route_check ] --START--
INFO: CheckRoute Behavior ::run [ RunTime:0.000726s ]
INFO: [ route_check ] --END-- [ RunTime:0.000837s ]
INFO: [ app_begin ] --START--
INFO: ReadHtmlCache Behavior ::run [ RunTime:0.000458s ]
INFO: [ app_begin ] --END-- [ RunTime:0.000562s ]
SQL: SHOW COLUMNS FROM `user` [ RunTime:0.000665s ]
SQL: INSERT INTO `user` (`uname`,`pwd`,`email`,`nickname`,`createTime`) VALUES ('土龙3','ec64d34bf176233e87270c194af4674c','土龙3','土龙3','2013-09-11 20:38:18') [ RunTime:0.000277s ]

[ 2013-09-11T20:38:20+08:00 ] 121.224.187.208 /index.php
INFO: [ app_begin ] --START--
INFO: ReadHtmlCache Behavior ::run [ RunTime:0.000464s ]
INFO: [ app_begin ] --END-- [ RunTime:0.000564s ]
SQL: SHOW COLUMNS FROM `activity` [ RunTime:0.000767s ]
SQL: SELECT * FROM `activity` WHERE ( typeCode="badminton" ) ORDER BY createTime desc LIMIT 3   [ RunTime:0.000079s ]
SQL: SELECT * FROM `activity` WHERE ( typeCode="swimming" ) ORDER BY createTime desc LIMIT 3   [ RunTime:0.000074s ]
SQL: SELECT * FROM `activity` WHERE ( typeCode="billiards" ) ORDER BY createTime desc LIMIT 3   [ RunTime:0.000074s ]
INFO: [ view_parse ] --START--
NOTIC: [8] Undefined index:  role /alidata/www/antsclub/Index/Runtime/Cache/e9ca3d00a40c8a0e158f18fe2252bc69.php 第 49 行.
INFO: ParseTemplate Behavior ::run [ RunTime:0.014408s ]
INFO: [ view_parse ] --END-- [ RunTime:0.014509s ]
INFO: [ view_filter ] --START--
INFO: ContentReplace Behavior ::run [ RunTime:0.000321s ]
INFO: TokenBuild Behavior ::run [ RunTime:0.000382s ]
INFO: WriteHtmlCache Behavior ::run [ RunTime:0.000202s ]
INFO: ShowRuntime Behavior ::run [ RunTime:0.000401s ]
INFO: [ view_filter ] --END-- [ RunTime:0.001519s ]
INFO: [ view_end ] --START--
INFO: ShowPageTrace Behavior ::run [ RunTime:0.000531s ]
INFO: [ view_end ] --END-- [ RunTime:0.000623s ]

[ 2013-09-11T20:39:35+08:00 ] 121.224.187.208 /index.php/Activity/view/id/117.html
INFO: [ route_check ] --START--
INFO: CheckRoute Behavior ::run [ RunTime:0.000745s ]
INFO: [ route_check ] --END-- [ RunTime:0.000848s ]
INFO: [ app_begin ] --START--
INFO: ReadHtmlCache Behavior ::run [ RunTime:0.000455s ]
INFO: [ app_begin ] --END-- [ RunTime:0.000536s ]
SQL: select a.*,ua.signName,ua.signNum,ua.userName from activity a  left join user_activity ua on a.id=ua.activityId  where a.id="117" order by ua.signTime [ RunTime:0.000082s ]
NOTIC: [8] Use of undefined constant signName - assumed 'signName' /alidata/www/antsclub/Index/Lib/Action/ActivityAction.class.php 第 58 行.
NOTIC: [8] Use of undefined constant signNum - assumed 'signNum' /alidata/www/antsclub/Index/Lib/Action/ActivityAction.class.php 第 59 行.
NOTIC: [8] Use of undefined constant signName - assumed 'signName' /alidata/www/antsclub/Index/Lib/Action/ActivityAction.class.php 第 58 行.
NOTIC: [8] Use of undefined constant signNum - assumed 'signNum' /alidata/www/antsclub/Index/Lib/Action/ActivityAction.class.php 第 59 行.
NOTIC: [8] Use of undefined constant signName - assumed 'signName' /alidata/www/antsclub/Index/Lib/Action/ActivityAction.class.php 第 58 行.
NOTIC: [8] Use of undefined constant signNum - assumed 'signNum' /alidata/www/antsclub/Index/Lib/Action/ActivityAction.class.php 第 59 行.
NOTIC: [8] Use of undefined constant id - assumed 'id' /alidata/www/antsclub/Index/Lib/Action/ActivityAction.class.php 第 65 行.
NOTIC: [8] Use of undefined constant typeName - assumed 'typeName' /alidata/www/antsclub/Index/Lib/Action/ActivityAction.class.php 第 66 行.
NOTIC: [8] Use of undefined constant title - assumed 'title' /alidata/www/antsclub/Index/Lib/Action/ActivityAction.class.php 第 67 行.
NOTIC: [8] Use of undefined constant startTime - assumed 'startTime' /alidata/www/antsclub/Index/Lib/Action/ActivityAction.class.php 第 68 行.
NOTIC: [8] Use of undefined constant endTime - assumed 'endTime' /alidata/www/antsclub/Index/Lib/Action/ActivityAction.class.php 第 69 行.
NOTIC: [8] Use of undefined constant address - assumed 'address' /alidata/www/antsclub/Index/Lib/Action/ActivityAction.class.php 第 70 行.
NOTIC: [8] Use of undefined constant detail - assumed 'detail' /alidata/www/antsclub/Index/Lib/Action/ActivityAction.class.php 第 71 行.
NOTIC: [8] Use of undefined constant maxNum - assumed 'maxNum' /alidata/www/antsclub/Index/Lib/Action/ActivityAction.class.php 第 72 行.
INFO: [ view_parse ] --START--
NOTIC: [8] Undefined index:  role /alidata/www/antsclub/Index/Runtime/Cache/ab2fbf02f9e0aad89bd0b627ad1f3bde.php 第 49 行.
NOTIC: [8] Undefined index:  role /alidata/www/antsclub/Index/Runtime/Cache/ab2fbf02f9e0aad89bd0b627ad1f3bde.php 第 68 行.
INFO: ParseTemplate Behavior ::run [ RunTime:0.010736s ]
INFO: [ view_parse ] --END-- [ RunTime:0.010820s ]
INFO: [ view_filter ] --START--
INFO: ContentReplace Behavior ::run [ RunTime:0.000324s ]
INFO: TokenBuild Behavior ::run [ RunTime:0.000302s ]
INFO: WriteHtmlCache Behavior ::run [ RunTime:0.000190s ]
INFO: ShowRuntime Behavior ::run [ RunTime:0.000399s ]
INFO: [ view_filter ] --END-- [ RunTime:0.001423s ]
INFO: [ view_end ] --START--
INFO: ShowPageTrace Behavior ::run [ RunTime:0.000516s ]
INFO: [ view_end ] --END-- [ RunTime:0.000613s ]

[ 2013-09-11T20:39:37+08:00 ] 121.224.187.208 /index.php/Login/logout.html
INFO: [ route_check ] --START--
INFO: CheckRoute Behavior ::run [ RunTime:0.000814s ]
INFO: [ route_check ] --END-- [ RunTime:0.000928s ]
INFO: [ app_begin ] --START--
INFO: ReadHtmlCache Behavior ::run [ RunTime:0.000515s ]
INFO: [ app_begin ] --END-- [ RunTime:0.000594s ]

[ 2013-09-11T20:39:37+08:00 ] 121.224.187.208 /index.php
INFO: [ app_begin ] --START--
INFO: ReadHtmlCache Behavior ::run [ RunTime:0.000506s ]
INFO: [ app_begin ] --END-- [ RunTime:0.000625s ]
SQL: SHOW COLUMNS FROM `activity` [ RunTime:0.000987s ]
SQL: SELECT * FROM `activity` WHERE ( typeCode="badminton" ) ORDER BY createTime desc LIMIT 3   [ RunTime:0.000111s ]
SQL: SELECT * FROM `activity` WHERE ( typeCode="swimming" ) ORDER BY createTime desc LIMIT 3   [ RunTime:0.000102s ]
SQL: SELECT * FROM `activity` WHERE ( typeCode="billiards" ) ORDER BY createTime desc LIMIT 3   [ RunTime:0.000106s ]
INFO: [ view_parse ] --START--
NOTIC: [8] Undefined index:  uname /alidata/www/antsclub/Index/Runtime/Cache/e9ca3d00a40c8a0e158f18fe2252bc69.php 第 25 行.
NOTIC: [8] Undefined index:  role /alidata/www/antsclub/Index/Runtime/Cache/e9ca3d00a40c8a0e158f18fe2252bc69.php 第 49 行.
INFO: ParseTemplate Behavior ::run [ RunTime:0.014405s ]
INFO: [ view_parse ] --END-- [ RunTime:0.014510s ]
INFO: [ view_filter ] --START--
INFO: ContentReplace Behavior ::run [ RunTime:0.000383s ]
INFO: TokenBuild Behavior ::run [ RunTime:0.000316s ]
INFO: WriteHtmlCache Behavior ::run [ RunTime:0.000192s ]
INFO: ShowRuntime Behavior ::run [ RunTime:0.000426s ]
INFO: [ view_filter ] --END-- [ RunTime:0.001536s ]
INFO: [ view_end ] --START--
INFO: ShowPageTrace Behavior ::run [ RunTime:0.000567s ]
INFO: [ view_end ] --END-- [ RunTime:0.000647s ]

[ 2013-09-11T20:40:42+08:00 ] 121.224.187.208 /
INFO: [ app_begin ] --START--
INFO: ReadHtmlCache Behavior ::run [ RunTime:0.000513s ]
INFO: [ app_begin ] --END-- [ RunTime:0.000619s ]
SQL: SHOW COLUMNS FROM `activity` [ RunTime:0.000765s ]
SQL: SELECT * FROM `activity` WHERE ( typeCode="badminton" ) ORDER BY createTime desc LIMIT 3   [ RunTime:0.000082s ]
SQL: SELECT * FROM `activity` WHERE ( typeCode="swimming" ) ORDER BY createTime desc LIMIT 3   [ RunTime:0.000076s ]
SQL: SELECT * FROM `activity` WHERE ( typeCode="billiards" ) ORDER BY createTime desc LIMIT 3   [ RunTime:0.000076s ]
INFO: [ view_parse ] --START--
NOTIC: [8] Undefined index:  uname /alidata/www/antsclub/Index/Runtime/Cache/e9ca3d00a40c8a0e158f18fe2252bc69.php 第 25 行.
NOTIC: [8] Undefined index:  role /alidata/www/antsclub/Index/Runtime/Cache/e9ca3d00a40c8a0e158f18fe2252bc69.php 第 49 行.
INFO: ParseTemplate Behavior ::run [ RunTime:0.014165s ]
INFO: [ view_parse ] --END-- [ RunTime:0.014282s ]
INFO: [ view_filter ] --START--
INFO: ContentReplace Behavior ::run [ RunTime:0.000341s ]
INFO: TokenBuild Behavior ::run [ RunTime:0.000319s ]
INFO: WriteHtmlCache Behavior ::run [ RunTime:0.000224s ]
INFO: ShowRuntime Behavior ::run [ RunTime:0.000414s ]
INFO: [ view_filter ] --END-- [ RunTime:0.001512s ]
INFO: [ view_end ] --START--
INFO: ShowPageTrace Behavior ::run [ RunTime:0.000573s ]
INFO: [ view_end ] --END-- [ RunTime:0.000650s ]

[ 2013-09-11T20:40:56+08:00 ] 121.224.187.208 /index.php/Login/login.html
INFO: [ route_check ] --START--
INFO: CheckRoute Behavior ::run [ RunTime:0.000769s ]
INFO: [ route_check ] --END-- [ RunTime:0.000886s ]
INFO: [ app_begin ] --START--
INFO: ReadHtmlCache Behavior ::run [ RunTime:0.000458s ]
INFO: [ app_begin ] --END-- [ RunTime:0.000539s ]
INFO: [ view_parse ] --START--
NOTIC: [8] Undefined index:  uname /alidata/www/antsclub/Index/Runtime/Cache/e5c7baedfdc4a8ba0a3244994ba009b3.php 第 24 行.
NOTIC: [8] Undefined index:  role /alidata/www/antsclub/Index/Runtime/Cache/e5c7baedfdc4a8ba0a3244994ba009b3.php 第 48 行.
INFO: ParseTemplate Behavior ::run [ RunTime:0.008766s ]
INFO: [ view_parse ] --END-- [ RunTime:0.008851s ]
INFO: [ view_filter ] --START--
INFO: ContentReplace Behavior ::run [ RunTime:0.000305s ]
INFO: TokenBuild Behavior ::run [ RunTime:0.000335s ]
INFO: WriteHtmlCache Behavior ::run [ RunTime:0.000192s ]
INFO: ShowRuntime Behavior ::run [ RunTime:0.000381s ]
INFO: [ view_filter ] --END-- [ RunTime:0.001427s ]
INFO: [ view_end ] --START--
INFO: ShowPageTrace Behavior ::run [ RunTime:0.000548s ]
INFO: [ view_end ] --END-- [ RunTime:0.000620s ]

[ 2013-09-11T20:41:01+08:00 ] 121.224.187.208 /index.php/Login/runLogin.html
INFO: [ route_check ] --START--
INFO: CheckRoute Behavior ::run [ RunTime:0.000854s ]
INFO: [ route_check ] --END-- [ RunTime:0.000981s ]
INFO: [ app_begin ] --START--
INFO: ReadHtmlCache Behavior ::run [ RunTime:0.000491s ]
INFO: [ app_begin ] --END-- [ RunTime:0.000567s ]
SQL: SHOW COLUMNS FROM `user` [ RunTime:0.000664s ]
SQL: SELECT * FROM `user` WHERE ( `uname` = '土龙' ) AND ( `pwd` = '670b14728ad9902aecba32e22fa4f6bd' ) LIMIT 1   [ RunTime:0.000335s ]
NOTIC: [8] Use of undefined constant id - assumed 'id' /alidata/www/antsclub/Index/Lib/Action/LoginAction.class.php 第 29 行.
NOTIC: [8] Use of undefined constant role - assumed 'role' /alidata/www/antsclub/Index/Lib/Action/LoginAction.class.php 第 30 行.
NOTIC: [8] Use of undefined constant nickname - assumed 'nickname' /alidata/www/antsclub/Index/Lib/Action/LoginAction.class.php 第 31 行.

[ 2013-09-11T20:41:03+08:00 ] 121.224.187.208 /index.php
INFO: [ app_begin ] --START--
INFO: ReadHtmlCache Behavior ::run [ RunTime:0.000465s ]
INFO: [ app_begin ] --END-- [ RunTime:0.000566s ]
SQL: SHOW COLUMNS FROM `activity` [ RunTime:0.000732s ]
SQL: SELECT * FROM `activity` WHERE ( typeCode="badminton" ) ORDER BY createTime desc LIMIT 3   [ RunTime:0.000081s ]
SQL: SELECT * FROM `activity` WHERE ( typeCode="swimming" ) ORDER BY createTime desc LIMIT 3   [ RunTime:0.000075s ]
SQL: SELECT * FROM `activity` WHERE ( typeCode="billiards" ) ORDER BY createTime desc LIMIT 3   [ RunTime:0.000078s ]
INFO: [ view_parse ] --START--
INFO: ParseTemplate Behavior ::run [ RunTime:0.013756s ]
INFO: [ view_parse ] --END-- [ RunTime:0.013865s ]
INFO: [ view_filter ] --START--
INFO: ContentReplace Behavior ::run [ RunTime:0.000323s ]
INFO: TokenBuild Behavior ::run [ RunTime:0.000307s ]
INFO: WriteHtmlCache Behavior ::run [ RunTime:0.000183s ]
INFO: ShowRuntime Behavior ::run [ RunTime:0.000405s ]
INFO: [ view_filter ] --END-- [ RunTime:0.001425s ]
INFO: [ view_end ] --START--
INFO: ShowPageTrace Behavior ::run [ RunTime:0.000566s ]
INFO: [ view_end ] --END-- [ RunTime:0.000652s ]

[ 2013-09-11T20:41:04+08:00 ] 121.224.187.208 /index.php/Activity/view/id/117.html
INFO: [ route_check ] --START--
INFO: CheckRoute Behavior ::run [ RunTime:0.000773s ]
INFO: [ route_check ] --END-- [ RunTime:0.000880s ]
INFO: [ app_begin ] --START--
INFO: ReadHtmlCache Behavior ::run [ RunTime:0.000481s ]
INFO: [ app_begin ] --END-- [ RunTime:0.000561s ]
SQL: select a.*,ua.signName,ua.signNum,ua.userName from activity a  left join user_activity ua on a.id=ua.activityId  where a.id="117" order by ua.signTime [ RunTime:0.000086s ]
NOTIC: [8] Use of undefined constant signName - assumed 'signName' /alidata/www/antsclub/Index/Lib/Action/ActivityAction.class.php 第 58 行.
NOTIC: [8] Use of undefined constant signNum - assumed 'signNum' /alidata/www/antsclub/Index/Lib/Action/ActivityAction.class.php 第 59 行.
NOTIC: [8] Use of undefined constant signName - assumed 'signName' /alidata/www/antsclub/Index/Lib/Action/ActivityAction.class.php 第 58 行.
NOTIC: [8] Use of undefined constant signNum - assumed 'signNum' /alidata/www/antsclub/Index/Lib/Action/ActivityAction.class.php 第 59 行.
NOTIC: [8] Use of undefined constant signName - assumed 'signName' /alidata/www/antsclub/Index/Lib/Action/ActivityAction.class.php 第 58 行.
NOTIC: [8] Use of undefined constant signNum - assumed 'signNum' /alidata/www/antsclub/Index/Lib/Action/ActivityAction.class.php 第 59 行.
NOTIC: [8] Use of undefined constant id - assumed 'id' /alidata/www/antsclub/Index/Lib/Action/ActivityAction.class.php 第 65 行.
NOTIC: [8] Use of undefined constant typeName - assumed 'typeName' /alidata/www/antsclub/Index/Lib/Action/ActivityAction.class.php 第 66 行.
NOTIC: [8] Use of undefined constant title - assumed 'title' /alidata/www/antsclub/Index/Lib/Action/ActivityAction.class.php 第 67 行.
NOTIC: [8] Use of undefined constant startTime - assumed 'startTime' /alidata/www/antsclub/Index/Lib/Action/ActivityAction.class.php 第 68 行.
NOTIC: [8] Use of undefined constant endTime - assumed 'endTime' /alidata/www/antsclub/Index/Lib/Action/ActivityAction.class.php 第 69 行.
NOTIC: [8] Use of undefined constant address - assumed 'address' /alidata/www/antsclub/Index/Lib/Action/ActivityAction.class.php 第 70 行.
NOTIC: [8] Use of undefined constant detail - assumed 'detail' /alidata/www/antsclub/Index/Lib/Action/ActivityAction.class.php 第 71 行.
NOTIC: [8] Use of undefined constant maxNum - assumed 'maxNum' /alidata/www/antsclub/Index/Lib/Action/ActivityAction.class.php 第 72 行.
INFO: [ view_parse ] --START--
INFO: ParseTemplate Behavior ::run [ RunTime:0.010887s ]
INFO: [ view_parse ] --END-- [ RunTime:0.010968s ]
INFO: [ view_filter ] --START--
INFO: ContentReplace Behavior ::run [ RunTime:0.000332s ]
INFO: TokenBuild Behavior ::run [ RunTime:0.000307s ]
INFO: WriteHtmlCache Behavior ::run [ RunTime:0.000245s ]
INFO: ShowRuntime Behavior ::run [ RunTime:0.000415s ]
INFO: [ view_filter ] --END-- [ RunTime:0.001539s ]
INFO: [ view_end ] --START--
INFO: ShowPageTrace Behavior ::run [ RunTime:0.000535s ]
INFO: [ view_end ] --END-- [ RunTime:0.000633s ]

[ 2013-09-11T20:41:06+08:00 ] 121.224.187.208 /index.php/Activity/sign.html
INFO: [ route_check ] --START--
INFO: CheckRoute Behavior ::run [ RunTime:0.000741s ]
INFO: [ route_check ] --END-- [ RunTime:0.000847s ]
INFO: [ app_begin ] --START--
INFO: ReadHtmlCache Behavior ::run [ RunTime:0.000446s ]
INFO: [ app_begin ] --END-- [ RunTime:0.000519s ]
SQL: SHOW COLUMNS FROM `user_activity` [ RunTime:0.000699s ]
SQL: SELECT * FROM `user_activity` WHERE ( `activityId` = 117 ) AND ( `userId` = '1' ) LIMIT 1   [ RunTime:0.000349s ]
SQL: INSERT INTO `user_activity` (`activityId`,`userId`,`userName`,`signName`,`signNum`,`signTime`) VALUES (117,'1','土龙','土龙',1,'2013-09-11 20:41:06') [ RunTime:0.000246s ]

[ 2013-09-11T20:42:29+08:00 ] 58.208.99.87 /
INFO: [ app_begin ] --START--
INFO: ReadHtmlCache Behavior ::run [ RunTime:0.000484s ]
INFO: [ app_begin ] --END-- [ RunTime:0.000584s ]
SQL: SHOW COLUMNS FROM `activity` [ RunTime:0.000738s ]
SQL: SELECT * FROM `activity` WHERE ( typeCode="badminton" ) ORDER BY createTime desc LIMIT 3   [ RunTime:0.000080s ]
SQL: SELECT * FROM `activity` WHERE ( typeCode="swimming" ) ORDER BY createTime desc LIMIT 3   [ RunTime:0.000075s ]
SQL: SELECT * FROM `activity` WHERE ( typeCode="billiards" ) ORDER BY createTime desc LIMIT 3   [ RunTime:0.000076s ]
INFO: [ view_parse ] --START--
NOTIC: [8] Undefined index:  uname /alidata/www/antsclub/Index/Runtime/Cache/e9ca3d00a40c8a0e158f18fe2252bc69.php 第 25 行.
NOTIC: [8] Undefined index:  role /alidata/www/antsclub/Index/Runtime/Cache/e9ca3d00a40c8a0e158f18fe2252bc69.php 第 49 行.
INFO: ParseTemplate Behavior ::run [ RunTime:0.013632s ]
INFO: [ view_parse ] --END-- [ RunTime:0.013717s ]
INFO: [ view_filter ] --START--
INFO: ContentReplace Behavior ::run [ RunTime:0.000304s ]
INFO: TokenBuild Behavior ::run [ RunTime:0.000317s ]
INFO: WriteHtmlCache Behavior ::run [ RunTime:0.000182s ]
INFO: ShowRuntime Behavior ::run [ RunTime:0.000373s ]
INFO: [ view_filter ] --END-- [ RunTime:0.001387s ]
INFO: [ view_end ] --START--
INFO: ShowPageTrace Behavior ::run [ RunTime:0.000547s ]
INFO: [ view_end ] --END-- [ RunTime:0.000624s ]

[ 2013-09-11T20:47:12+08:00 ] 121.224.187.208 /
INFO: [ app_begin ] --START--
INFO: ReadHtmlCache Behavior ::run [ RunTime:0.000528s ]
INFO: [ app_begin ] --END-- [ RunTime:0.000627s ]
SQL: SHOW COLUMNS FROM `activity` [ RunTime:0.000737s ]
SQL: SELECT * FROM `activity` WHERE ( typeCode="badminton" ) ORDER BY createTime desc LIMIT 3   [ RunTime:0.000081s ]
SQL: SELECT * FROM `activity` WHERE ( typeCode="swimming" ) ORDER BY createTime desc LIMIT 3   [ RunTime:0.000073s ]
SQL: SELECT * FROM `activity` WHERE ( typeCode="billiards" ) ORDER BY createTime desc LIMIT 3   [ RunTime:0.000098s ]
INFO: [ view_parse ] --START--
INFO: ParseTemplate Behavior ::run [ RunTime:0.013689s ]
INFO: [ view_parse ] --END-- [ RunTime:0.013778s ]
INFO: [ view_filter ] --START--
INFO: ContentReplace Behavior ::run [ RunTime:0.000308s ]
INFO: TokenBuild Behavior ::run [ RunTime:0.000297s ]
INFO: WriteHtmlCache Behavior ::run [ RunTime:0.000210s ]
INFO: ShowRuntime Behavior ::run [ RunTime:0.000388s ]
INFO: [ view_filter ] --END-- [ RunTime:0.001411s ]
INFO: [ view_end ] --START--
INFO: ShowPageTrace Behavior ::run [ RunTime:0.000567s ]
INFO: [ view_end ] --END-- [ RunTime:0.000643s ]

[ 2013-09-11T20:47:32+08:00 ] 121.224.187.208 /index.php/Activity/view/id/117.html
INFO: [ route_check ] --START--
INFO: CheckRoute Behavior ::run [ RunTime:0.000757s ]
INFO: [ route_check ] --END-- [ RunTime:0.000859s ]
INFO: [ app_begin ] --START--
INFO: ReadHtmlCache Behavior ::run [ RunTime:0.000493s ]
INFO: [ app_begin ] --END-- [ RunTime:0.000571s ]
SQL: select a.*,ua.signName,ua.signNum,ua.userName from activity a  left join user_activity ua on a.id=ua.activityId  where a.id="117" order by ua.signTime [ RunTime:0.000648s ]
NOTIC: [8] Use of undefined constant signName - assumed 'signName' /alidata/www/antsclub/Index/Lib/Action/ActivityAction.class.php 第 58 行.
NOTIC: [8] Use of undefined constant signNum - assumed 'signNum' /alidata/www/antsclub/Index/Lib/Action/ActivityAction.class.php 第 59 行.
NOTIC: [8] Use of undefined constant signName - assumed 'signName' /alidata/www/antsclub/Index/Lib/Action/ActivityAction.class.php 第 58 行.
NOTIC: [8] Use of undefined constant signNum - assumed 'signNum' /alidata/www/antsclub/Index/Lib/Action/ActivityAction.class.php 第 59 行.
NOTIC: [8] Use of undefined constant signName - assumed 'signName' /alidata/www/antsclub/Index/Lib/Action/ActivityAction.class.php 第 58 行.
NOTIC: [8] Use of undefined constant signNum - assumed 'signNum' /alidata/www/antsclub/Index/Lib/Action/ActivityAction.class.php 第 59 行.
NOTIC: [8] Use of undefined constant signName - assumed 'signName' /alidata/www/antsclub/Index/Lib/Action/ActivityAction.class.php 第 58 行.
NOTIC: [8] Use of undefined constant signNum - assumed 'signNum' /alidata/www/antsclub/Index/Lib/Action/ActivityAction.class.php 第 59 行.
NOTIC: [8] Use of undefined constant id - assumed 'id' /alidata/www/antsclub/Index/Lib/Action/ActivityAction.class.php 第 65 行.
NOTIC: [8] Use of undefined constant typeName - assumed 'typeName' /alidata/www/antsclub/Index/Lib/Action/ActivityAction.class.php 第 66 行.
NOTIC: [8] Use of undefined constant title - assumed 'title' /alidata/www/antsclub/Index/Lib/Action/ActivityAction.class.php 第 67 行.
NOTIC: [8] Use of undefined constant startTime - assumed 'startTime' /alidata/www/antsclub/Index/Lib/Action/ActivityAction.class.php 第 68 行.
NOTIC: [8] Use of undefined constant endTime - assumed 'endTime' /alidata/www/antsclub/Index/Lib/Action/ActivityAction.class.php 第 69 行.
NOTIC: [8] Use of undefined constant address - assumed 'address' /alidata/www/antsclub/Index/Lib/Action/ActivityAction.class.php 第 70 行.
NOTIC: [8] Use of undefined constant detail - assumed 'detail' /alidata/www/antsclub/Index/Lib/Action/ActivityAction.class.php 第 71 行.
NOTIC: [8] Use of undefined constant maxNum - assumed 'maxNum' /alidata/www/antsclub/Index/Lib/Action/ActivityAction.class.php 第 72 行.
INFO: [ view_parse ] --START--
INFO: ParseTemplate Behavior ::run [ RunTime:0.010961s ]
INFO: [ view_parse ] --END-- [ RunTime:0.011041s ]
INFO: [ view_filter ] --START--
INFO: ContentReplace Behavior ::run [ RunTime:0.000335s ]
INFO: TokenBuild Behavior ::run [ RunTime:0.000313s ]
INFO: WriteHtmlCache Behavior ::run [ RunTime:0.000200s ]
INFO: ShowRuntime Behavior ::run [ RunTime:0.000408s ]
INFO: [ view_filter ] --END-- [ RunTime:0.001464s ]
INFO: [ view_end ] --START--
INFO: ShowPageTrace Behavior ::run [ RunTime:0.000521s ]
INFO: [ view_end ] --END-- [ RunTime:0.000596s ]

[ 2013-09-11T20:47:33+08:00 ] 121.224.187.208 /
INFO: [ app_begin ] --START--
INFO: ReadHtmlCache Behavior ::run [ RunTime:0.000461s ]
INFO: [ app_begin ] --END-- [ RunTime:0.000560s ]
SQL: SHOW COLUMNS FROM `activity` [ RunTime:0.000749s ]
SQL: SELECT * FROM `activity` WHERE ( typeCode="badminton" ) ORDER BY createTime desc LIMIT 3   [ RunTime:0.000081s ]
SQL: SELECT * FROM `activity` WHERE ( typeCode="swimming" ) ORDER BY createTime desc LIMIT 3   [ RunTime:0.000074s ]
SQL: SELECT * FROM `activity` WHERE ( typeCode="billiards" ) ORDER BY createTime desc LIMIT 3   [ RunTime:0.000074s ]
INFO: [ view_parse ] --START--
INFO: ParseTemplate Behavior ::run [ RunTime:0.013624s ]
INFO: [ view_parse ] --END-- [ RunTime:0.013712s ]
INFO: [ view_filter ] --START--
INFO: ContentReplace Behavior ::run [ RunTime:0.000325s ]
INFO: TokenBuild Behavior ::run [ RunTime:0.000300s ]
INFO: WriteHtmlCache Behavior ::run [ RunTime:0.000180s ]
INFO: ShowRuntime Behavior ::run [ RunTime:0.000401s ]
INFO: [ view_filter ] --END-- [ RunTime:0.001412s ]
INFO: [ view_end ] --START--
INFO: ShowPageTrace Behavior ::run [ RunTime:0.000543s ]
INFO: [ view_end ] --END-- [ RunTime:0.000620s ]

[ 2013-09-11T21:10:00+08:00 ] 60.173.10.101 /
INFO: [ app_begin ] --START--
INFO: ReadHtmlCache Behavior ::run [ RunTime:0.000488s ]
INFO: [ app_begin ] --END-- [ RunTime:0.000589s ]
SQL: SHOW COLUMNS FROM `activity` [ RunTime:0.000755s ]
SQL: SELECT * FROM `activity` WHERE ( typeCode="badminton" ) ORDER BY createTime desc LIMIT 3   [ RunTime:0.000081s ]
SQL: SELECT * FROM `activity` WHERE ( typeCode="swimming" ) ORDER BY createTime desc LIMIT 3   [ RunTime:0.000080s ]
SQL: SELECT * FROM `activity` WHERE ( typeCode="billiards" ) ORDER BY createTime desc LIMIT 3   [ RunTime:0.000075s ]
INFO: [ view_parse ] --START--
NOTIC: [8] Undefined index:  uname /alidata/www/antsclub/Index/Runtime/Cache/e9ca3d00a40c8a0e158f18fe2252bc69.php 第 25 行.
NOTIC: [8] Undefined index:  role /alidata/www/antsclub/Index/Runtime/Cache/e9ca3d00a40c8a0e158f18fe2252bc69.php 第 49 行.
INFO: ParseTemplate Behavior ::run [ RunTime:0.013874s ]
INFO: [ view_parse ] --END-- [ RunTime:0.013959s ]
INFO: [ view_filter ] --START--
INFO: ContentReplace Behavior ::run [ RunTime:0.000299s ]
INFO: TokenBuild Behavior ::run [ RunTime:0.000329s ]
INFO: WriteHtmlCache Behavior ::run [ RunTime:0.000189s ]
INFO: ShowRuntime Behavior ::run [ RunTime:0.000379s ]
INFO: [ view_filter ] --END-- [ RunTime:0.001415s ]
INFO: [ view_end ] --START--
INFO: ShowPageTrace Behavior ::run [ RunTime:0.000535s ]
INFO: [ view_end ] --END-- [ RunTime:0.000611s ]

[ 2013-09-11T21:49:51+08:00 ] 60.213.49.74 http://www.baidu.com/
INFO: [ app_begin ] --START--
INFO: ReadHtmlCache Behavior ::run [ RunTime:0.000484s ]
INFO: [ app_begin ] --END-- [ RunTime:0.000586s ]
SQL: SHOW COLUMNS FROM `activity` [ RunTime:0.000728s ]
SQL: SELECT * FROM `activity` WHERE ( typeCode="badminton" ) ORDER BY createTime desc LIMIT 3   [ RunTime:0.000079s ]
SQL: SELECT * FROM `activity` WHERE ( typeCode="swimming" ) ORDER BY createTime desc LIMIT 3   [ RunTime:0.000074s ]
SQL: SELECT * FROM `activity` WHERE ( typeCode="billiards" ) ORDER BY createTime desc LIMIT 3   [ RunTime:0.000074s ]
INFO: [ view_parse ] --START--
NOTIC: [8] Undefined index:  uname /alidata/www/antsclub/Index/Runtime/Cache/e9ca3d00a40c8a0e158f18fe2252bc69.php 第 25 行.
NOTIC: [8] Undefined index:  role /alidata/www/antsclub/Index/Runtime/Cache/e9ca3d00a40c8a0e158f18fe2252bc69.php 第 49 行.
INFO: ParseTemplate Behavior ::run [ RunTime:0.014740s ]
INFO: [ view_parse ] --END-- [ RunTime:0.014826s ]
INFO: [ view_filter ] --START--
INFO: ContentReplace Behavior ::run [ RunTime:0.000311s ]
INFO: TokenBuild Behavior ::run [ RunTime:0.000300s ]
INFO: WriteHtmlCache Behavior ::run [ RunTime:0.000185s ]
INFO: ShowRuntime Behavior ::run [ RunTime:0.000398s ]
INFO: [ view_filter ] --END-- [ RunTime:0.001432s ]
INFO: [ view_end ] --START--
INFO: ShowPageTrace Behavior ::run [ RunTime:0.000524s ]
INFO: [ view_end ] --END-- [ RunTime:0.000601s ]

[ 2013-09-11T22:40:51+08:00 ] 121.239.203.33 /
INFO: [ app_begin ] --START--
INFO: ReadHtmlCache Behavior ::run [ RunTime:0.000462s ]
INFO: [ app_begin ] --END-- [ RunTime:0.000561s ]
SQL: SHOW COLUMNS FROM `activity` [ RunTime:0.000717s ]
SQL: SELECT * FROM `activity` WHERE ( typeCode="badminton" ) ORDER BY createTime desc LIMIT 3   [ RunTime:0.000080s ]
SQL: SELECT * FROM `activity` WHERE ( typeCode="swimming" ) ORDER BY createTime desc LIMIT 3   [ RunTime:0.000074s ]
SQL: SELECT * FROM `activity` WHERE ( typeCode="billiards" ) ORDER BY createTime desc LIMIT 3   [ RunTime:0.000075s ]
INFO: [ view_parse ] --START--
NOTIC: [8] Undefined index:  uname /alidata/www/antsclub/Index/Runtime/Cache/e9ca3d00a40c8a0e158f18fe2252bc69.php 第 25 行.
NOTIC: [8] Undefined index:  role /alidata/www/antsclub/Index/Runtime/Cache/e9ca3d00a40c8a0e158f18fe2252bc69.php 第 49 行.
INFO: ParseTemplate Behavior ::run [ RunTime:0.014047s ]
INFO: [ view_parse ] --END-- [ RunTime:0.014138s ]
INFO: [ view_filter ] --START--
INFO: ContentReplace Behavior ::run [ RunTime:0.000306s ]
INFO: TokenBuild Behavior ::run [ RunTime:0.000311s ]
INFO: WriteHtmlCache Behavior ::run [ RunTime:0.000188s ]
INFO: ShowRuntime Behavior ::run [ RunTime:0.000378s ]
INFO: [ view_filter ] --END-- [ RunTime:0.001428s ]
INFO: [ view_end ] --START--
INFO: ShowPageTrace Behavior ::run [ RunTime:0.000536s ]
INFO: [ view_end ] --END-- [ RunTime:0.000631s ]

[ 2013-09-11T22:57:08+08:00 ] 118.69.192.79 /
INFO: [ app_begin ] --START--
INFO: ReadHtmlCache Behavior ::run [ RunTime:0.000471s ]
INFO: [ app_begin ] --END-- [ RunTime:0.000576s ]
SQL: SHOW COLUMNS FROM `activity` [ RunTime:0.000730s ]
SQL: SELECT * FROM `activity` WHERE ( typeCode="badminton" ) ORDER BY createTime desc LIMIT 3   [ RunTime:0.000079s ]
SQL: SELECT * FROM `activity` WHERE ( typeCode="swimming" ) ORDER BY createTime desc LIMIT 3   [ RunTime:0.000074s ]
SQL: SELECT * FROM `activity` WHERE ( typeCode="billiards" ) ORDER BY createTime desc LIMIT 3   [ RunTime:0.000074s ]
INFO: [ view_parse ] --START--
NOTIC: [8] Undefined index:  uname /alidata/www/antsclub/Index/Runtime/Cache/e9ca3d00a40c8a0e158f18fe2252bc69.php 第 25 行.
NOTIC: [8] Undefined index:  role /alidata/www/antsclub/Index/Runtime/Cache/e9ca3d00a40c8a0e158f18fe2252bc69.php 第 49 行.
INFO: ParseTemplate Behavior ::run [ RunTime:0.013866s ]
INFO: [ view_parse ] --END-- [ RunTime:0.013947s ]
INFO: [ view_filter ] --START--
INFO: ContentReplace Behavior ::run [ RunTime:0.000325s ]
INFO: TokenBuild Behavior ::run [ RunTime:0.000298s ]
INFO: WriteHtmlCache Behavior ::run [ RunTime:0.000196s ]
INFO: ShowRuntime Behavior ::run [ RunTime:0.000402s ]
INFO: [ view_filter ] --END-- [ RunTime:0.001433s ]
INFO: [ view_end ] --START--
INFO: ShowPageTrace Behavior ::run [ RunTime:0.000563s ]
INFO: [ view_end ] --END-- [ RunTime:0.000638s ]

[ 2013-09-11T22:57:11+08:00 ] 118.69.192.79 /
INFO: [ app_begin ] --START--
INFO: ReadHtmlCache Behavior ::run [ RunTime:0.000466s ]
INFO: [ app_begin ] --END-- [ RunTime:0.000566s ]
SQL: SHOW COLUMNS FROM `activity` [ RunTime:0.000735s ]
SQL: SELECT * FROM `activity` WHERE ( typeCode="badminton" ) ORDER BY createTime desc LIMIT 3   [ RunTime:0.000079s ]
SQL: SELECT * FROM `activity` WHERE ( typeCode="swimming" ) ORDER BY createTime desc LIMIT 3   [ RunTime:0.000073s ]
SQL: SELECT * FROM `activity` WHERE ( typeCode="billiards" ) ORDER BY createTime desc LIMIT 3   [ RunTime:0.000073s ]
INFO: [ view_parse ] --START--
NOTIC: [8] Undefined index:  uname /alidata/www/antsclub/Index/Runtime/Cache/e9ca3d00a40c8a0e158f18fe2252bc69.php 第 25 行.
NOTIC: [8] Undefined index:  role /alidata/www/antsclub/Index/Runtime/Cache/e9ca3d00a40c8a0e158f18fe2252bc69.php 第 49 行.
INFO: ParseTemplate Behavior ::run [ RunTime:0.014824s ]
INFO: [ view_parse ] --END-- [ RunTime:0.014921s ]
INFO: [ view_filter ] --START--
INFO: ContentReplace Behavior ::run [ RunTime:0.000376s ]
INFO: TokenBuild Behavior ::run [ RunTime:0.000308s ]
INFO: WriteHtmlCache Behavior ::run [ RunTime:0.000200s ]
INFO: ShowRuntime Behavior ::run [ RunTime:0.000476s ]
INFO: [ view_filter ] --END-- [ RunTime:0.001579s ]
INFO: [ view_end ] --START--
INFO: ShowPageTrace Behavior ::run [ RunTime:0.000572s ]
INFO: [ view_end ] --END-- [ RunTime:0.000658s ]

[ 2013-09-11T23:25:32+08:00 ] 49.72.242.168 /
INFO: [ app_begin ] --START--
INFO: ReadHtmlCache Behavior ::run [ RunTime:0.000465s ]
INFO: [ app_begin ] --END-- [ RunTime:0.000569s ]
SQL: SHOW COLUMNS FROM `activity` [ RunTime:0.000743s ]
SQL: SELECT * FROM `activity` WHERE ( typeCode="badminton" ) ORDER BY createTime desc LIMIT 3   [ RunTime:0.000081s ]
SQL: SELECT * FROM `activity` WHERE ( typeCode="swimming" ) ORDER BY createTime desc LIMIT 3   [ RunTime:0.000075s ]
SQL: SELECT * FROM `activity` WHERE ( typeCode="billiards" ) ORDER BY createTime desc LIMIT 3   [ RunTime:0.000075s ]
INFO: [ view_parse ] --START--
INFO: ParseTemplate Behavior ::run [ RunTime:0.014222s ]
INFO: [ view_parse ] --END-- [ RunTime:0.014311s ]
INFO: [ view_filter ] --START--
INFO: ContentReplace Behavior ::run [ RunTime:0.000304s ]
INFO: TokenBuild Behavior ::run [ RunTime:0.000302s ]
INFO: WriteHtmlCache Behavior ::run [ RunTime:0.000184s ]
INFO: ShowRuntime Behavior ::run [ RunTime:0.000511s ]
INFO: [ view_filter ] --END-- [ RunTime:0.001511s ]
INFO: [ view_end ] --START--
INFO: ShowPageTrace Behavior ::run [ RunTime:0.000565s ]
INFO: [ view_end ] --END-- [ RunTime:0.000642s ]

[ 2013-09-11T23:25:34+08:00 ] 49.72.242.168 /index.php/Activity/view/id/117.html
INFO: [ route_check ] --START--
INFO: CheckRoute Behavior ::run [ RunTime:0.000757s ]
INFO: [ route_check ] --END-- [ RunTime:0.000861s ]
INFO: [ app_begin ] --START--
INFO: ReadHtmlCache Behavior ::run [ RunTime:0.000452s ]
INFO: [ app_begin ] --END-- [ RunTime:0.000555s ]
SQL: select a.*,ua.signName,ua.signNum,ua.userName from activity a  left join user_activity ua on a.id=ua.activityId  where a.id="117" order by ua.signTime [ RunTime:0.000084s ]
NOTIC: [8] Use of undefined constant signName - assumed 'signName' /alidata/www/antsclub/Index/Lib/Action/ActivityAction.class.php 第 58 行.
NOTIC: [8] Use of undefined constant signNum - assumed 'signNum' /alidata/www/antsclub/Index/Lib/Action/ActivityAction.class.php 第 59 行.
NOTIC: [8] Use of undefined constant signName - assumed 'signName' /alidata/www/antsclub/Index/Lib/Action/ActivityAction.class.php 第 58 行.
NOTIC: [8] Use of undefined constant signNum - assumed 'signNum' /alidata/www/antsclub/Index/Lib/Action/ActivityAction.class.php 第 59 行.
NOTIC: [8] Use of undefined constant signName - assumed 'signName' /alidata/www/antsclub/Index/Lib/Action/ActivityAction.class.php 第 58 行.
NOTIC: [8] Use of undefined constant signNum - assumed 'signNum' /alidata/www/antsclub/Index/Lib/Action/ActivityAction.class.php 第 59 行.
NOTIC: [8] Use of undefined constant signName - assumed 'signName' /alidata/www/antsclub/Index/Lib/Action/ActivityAction.class.php 第 58 行.
NOTIC: [8] Use of undefined constant signNum - assumed 'signNum' /alidata/www/antsclub/Index/Lib/Action/ActivityAction.class.php 第 59 行.
NOTIC: [8] Use of undefined constant id - assumed 'id' /alidata/www/antsclub/Index/Lib/Action/ActivityAction.class.php 第 65 行.
NOTIC: [8] Use of undefined constant typeName - assumed 'typeName' /alidata/www/antsclub/Index/Lib/Action/ActivityAction.class.php 第 66 行.
NOTIC: [8] Use of undefined constant title - assumed 'title' /alidata/www/antsclub/Index/Lib/Action/ActivityAction.class.php 第 67 行.
NOTIC: [8] Use of undefined constant startTime - assumed 'startTime' /alidata/www/antsclub/Index/Lib/Action/ActivityAction.class.php 第 68 行.
NOTIC: [8] Use of undefined constant endTime - assumed 'endTime' /alidata/www/antsclub/Index/Lib/Action/ActivityAction.class.php 第 69 行.
NOTIC: [8] Use of undefined constant address - assumed 'address' /alidata/www/antsclub/Index/Lib/Action/ActivityAction.class.php 第 70 行.
NOTIC: [8] Use of undefined constant detail - assumed 'detail' /alidata/www/antsclub/Index/Lib/Action/ActivityAction.class.php 第 71 行.
NOTIC: [8] Use of undefined constant maxNum - assumed 'maxNum' /alidata/www/antsclub/Index/Lib/Action/ActivityAction.class.php 第 72 行.
INFO: [ view_parse ] --START--
INFO: ParseTemplate Behavior ::run [ RunTime:0.010873s ]
INFO: [ view_parse ] --END-- [ RunTime:0.010960s ]
INFO: [ view_filter ] --START--
INFO: ContentReplace Behavior ::run [ RunTime:0.000300s ]
INFO: TokenBuild Behavior ::run [ RunTime:0.000306s ]
INFO: WriteHtmlCache Behavior ::run [ RunTime:0.000217s ]
INFO: ShowRuntime Behavior ::run [ RunTime:0.000372s ]
INFO: [ view_filter ] --END-- [ RunTime:0.001416s ]
INFO: [ view_end ] --START--
INFO: ShowPageTrace Behavior ::run [ RunTime:0.000547s ]
INFO: [ view_end ] --END-- [ RunTime:0.000622s ]

[ 2013-09-11T23:29:11+08:00 ] 49.72.242.168 /
INFO: [ app_begin ] --START--
INFO: ReadHtmlCache Behavior ::run [ RunTime:0.000471s ]
INFO: [ app_begin ] --END-- [ RunTime:0.000574s ]
SQL: SHOW COLUMNS FROM `activity` [ RunTime:0.000728s ]
SQL: SELECT * FROM `activity` WHERE ( typeCode="badminton" ) ORDER BY createTime desc LIMIT 3   [ RunTime:0.000082s ]
SQL: SELECT * FROM `activity` WHERE ( typeCode="swimming" ) ORDER BY createTime desc LIMIT 3   [ RunTime:0.000074s ]
SQL: SELECT * FROM `activity` WHERE ( typeCode="billiards" ) ORDER BY createTime desc LIMIT 3   [ RunTime:0.000098s ]
INFO: [ view_parse ] --START--
INFO: ParseTemplate Behavior ::run [ RunTime:0.013773s ]
INFO: [ view_parse ] --END-- [ RunTime:0.013856s ]
INFO: [ view_filter ] --START--
INFO: ContentReplace Behavior ::run [ RunTime:0.000302s ]
INFO: TokenBuild Behavior ::run [ RunTime:0.000302s ]
INFO: WriteHtmlCache Behavior ::run [ RunTime:0.000209s ]
INFO: ShowRuntime Behavior ::run [ RunTime:0.000379s ]
INFO: [ view_filter ] --END-- [ RunTime:0.001402s ]
INFO: [ view_end ] --START--
INFO: ShowPageTrace Behavior ::run [ RunTime:0.000562s ]
INFO: [ view_end ] --END-- [ RunTime:0.000640s ]

