[ 2013-09-24T07:11:35+08:00 ] 127.0.0.1 /antsclub_tp/
INFO: [ app_begin ] --START--
INFO: ReadHtmlCache Behavior ::run [ RunTime:0.015625s ]
INFO: [ app_begin ] --END-- [ RunTime:0.015625s ]
SQL: SHOW COLUMNS FROM `activity` [ RunTime:0.031250s ]
SQL: SELECT * FROM `activity` WHERE ( typeCode="badminton" ) ORDER BY createTime desc LIMIT 3   [ RunTime:0.015625s ]
SQL: SELECT * FROM `activity` WHERE ( typeCode="swimming" ) ORDER BY createTime desc LIMIT 3   [ RunTime:0.000000s ]
SQL: SELECT * FROM `activity` WHERE ( typeCode="billiards" ) ORDER BY createTime desc LIMIT 3   [ RunTime:0.000000s ]
INFO: [ view_parse ] --START--
NOTIC: [8] Undefined index: uname D:\wamp\www\antsclub_tp\Index\Runtime\Cache\e9ca3d00a40c8a0e158f18fe2252bc69.php 第 25 行.
NOTIC: [8] Undefined index: role D:\wamp\www\antsclub_tp\Index\Runtime\Cache\e9ca3d00a40c8a0e158f18fe2252bc69.php 第 49 行.
INFO: ParseTemplate Behavior ::run [ RunTime:0.078125s ]
INFO: [ view_parse ] --END-- [ RunTime:0.078125s ]
INFO: [ view_filter ] --START--
INFO: ContentReplace Behavior ::run [ RunTime:0.015625s ]
INFO: TokenBuild Behavior ::run [ RunTime:0.000000s ]
INFO: WriteHtmlCache Behavior ::run [ RunTime:0.015625s ]
INFO: ShowRuntime Behavior ::run [ RunTime:0.000000s ]
INFO: [ view_filter ] --END-- [ RunTime:0.031250s ]
INFO: [ view_end ] --START--
INFO: ShowPageTrace Behavior ::run [ RunTime:0.000000s ]
INFO: [ view_end ] --END-- [ RunTime:0.000000s ]

[ 2013-09-24T07:11:39+08:00 ] 127.0.0.1 /antsclub_tp/index.php/Login/login.html
INFO: [ route_check ] --START--
INFO: CheckRoute Behavior ::run [ RunTime:0.015625s ]
INFO: [ route_check ] --END-- [ RunTime:0.015625s ]
INFO: [ app_begin ] --START--
INFO: ReadHtmlCache Behavior ::run [ RunTime:0.000000s ]
INFO: [ app_begin ] --END-- [ RunTime:0.000000s ]
INFO: [ view_parse ] --START--
NOTIC: [8] Undefined index: uname D:\wamp\www\antsclub_tp\Index\Runtime\Cache\e5c7baedfdc4a8ba0a3244994ba009b3.php 第 24 行.
NOTIC: [8] Undefined index: role D:\wamp\www\antsclub_tp\Index\Runtime\Cache\e5c7baedfdc4a8ba0a3244994ba009b3.php 第 48 行.
INFO: ParseTemplate Behavior ::run [ RunTime:0.031250s ]
INFO: [ view_parse ] --END-- [ RunTime:0.031250s ]
INFO: [ view_filter ] --START--
INFO: ContentReplace Behavior ::run [ RunTime:0.000000s ]
INFO: TokenBuild Behavior ::run [ RunTime:0.000000s ]
INFO: WriteHtmlCache Behavior ::run [ RunTime:0.000000s ]
INFO: ShowRuntime Behavior ::run [ RunTime:0.000000s ]
INFO: [ view_filter ] --END-- [ RunTime:0.000000s ]
INFO: [ view_end ] --START--
INFO: ShowPageTrace Behavior ::run [ RunTime:0.015625s ]
INFO: [ view_end ] --END-- [ RunTime:0.015625s ]

[ 2013-09-24T07:11:43+08:00 ] 127.0.0.1 /antsclub_tp/index.php/Login/runLogin.html
INFO: [ route_check ] --START--
INFO: CheckRoute Behavior ::run [ RunTime:0.000000s ]
INFO: [ route_check ] --END-- [ RunTime:0.000000s ]
INFO: [ app_begin ] --START--
INFO: ReadHtmlCache Behavior ::run [ RunTime:0.000000s ]
INFO: [ app_begin ] --END-- [ RunTime:0.000000s ]
SQL: SHOW COLUMNS FROM `user` [ RunTime:0.062500s ]
SQL: SELECT * FROM `user` WHERE ( `uname` = '土龙' ) AND ( `pwd` = '670b14728ad9902aecba32e22fa4f6bd' ) LIMIT 1   [ RunTime:0.015625s ]

[ 2013-09-24T07:11:45+08:00 ] 127.0.0.1 /antsclub_tp/index.php/Login/login.html
INFO: [ route_check ] --START--
INFO: CheckRoute Behavior ::run [ RunTime:0.015625s ]
INFO: [ route_check ] --END-- [ RunTime:0.015625s ]
INFO: [ app_begin ] --START--
INFO: ReadHtmlCache Behavior ::run [ RunTime:0.000000s ]
INFO: [ app_begin ] --END-- [ RunTime:0.000000s ]
INFO: [ view_parse ] --START--
NOTIC: [8] Undefined index: uname D:\wamp\www\antsclub_tp\Index\Runtime\Cache\e5c7baedfdc4a8ba0a3244994ba009b3.php 第 24 行.
NOTIC: [8] Undefined index: role D:\wamp\www\antsclub_tp\Index\Runtime\Cache\e5c7baedfdc4a8ba0a3244994ba009b3.php 第 48 行.
INFO: ParseTemplate Behavior ::run [ RunTime:0.015625s ]
INFO: [ view_parse ] --END-- [ RunTime:0.015625s ]
INFO: [ view_filter ] --START--
INFO: ContentReplace Behavior ::run [ RunTime:0.000000s ]
INFO: TokenBuild Behavior ::run [ RunTime:0.000000s ]
INFO: WriteHtmlCache Behavior ::run [ RunTime:0.000000s ]
INFO: ShowRuntime Behavior ::run [ RunTime:0.015625s ]
INFO: [ view_filter ] --END-- [ RunTime:0.015625s ]
INFO: [ view_end ] --START--
INFO: ShowPageTrace Behavior ::run [ RunTime:0.000000s ]
INFO: [ view_end ] --END-- [ RunTime:0.000000s ]

[ 2013-09-24T07:12:11+08:00 ] 127.0.0.1 /antsclub_tp/index.php/Login/runLogin.html
INFO: [ route_check ] --START--
INFO: CheckRoute Behavior ::run [ RunTime:0.000000s ]
INFO: [ route_check ] --END-- [ RunTime:0.000000s ]
INFO: [ app_begin ] --START--
INFO: ReadHtmlCache Behavior ::run [ RunTime:0.000000s ]
INFO: [ app_begin ] --END-- [ RunTime:0.000000s ]
SQL: SHOW COLUMNS FROM `user` [ RunTime:0.000000s ]
SQL: SELECT * FROM `user` WHERE ( `uname` = '土龙' ) AND ( `pwd` = 'cfcd208495d565ef66e7dff9f98764da' ) LIMIT 1   [ RunTime:0.000000s ]

[ 2013-09-24T07:12:13+08:00 ] 127.0.0.1 /antsclub_tp/index.php/Login/login.html
INFO: [ route_check ] --START--
INFO: CheckRoute Behavior ::run [ RunTime:0.000000s ]
INFO: [ route_check ] --END-- [ RunTime:0.000000s ]
INFO: [ app_begin ] --START--
INFO: ReadHtmlCache Behavior ::run [ RunTime:0.000000s ]
INFO: [ app_begin ] --END-- [ RunTime:0.000000s ]
INFO: [ view_parse ] --START--
NOTIC: [8] Undefined index: uname D:\wamp\www\antsclub_tp\Index\Runtime\Cache\e5c7baedfdc4a8ba0a3244994ba009b3.php 第 24 行.
NOTIC: [8] Undefined index: role D:\wamp\www\antsclub_tp\Index\Runtime\Cache\e5c7baedfdc4a8ba0a3244994ba009b3.php 第 48 行.
INFO: ParseTemplate Behavior ::run [ RunTime:0.015625s ]
INFO: [ view_parse ] --END-- [ RunTime:0.015625s ]
INFO: [ view_filter ] --START--
INFO: ContentReplace Behavior ::run [ RunTime:0.000000s ]
INFO: TokenBuild Behavior ::run [ RunTime:0.000000s ]
INFO: WriteHtmlCache Behavior ::run [ RunTime:0.000000s ]
INFO: ShowRuntime Behavior ::run [ RunTime:0.000000s ]
INFO: [ view_filter ] --END-- [ RunTime:0.000000s ]
INFO: [ view_end ] --START--
INFO: ShowPageTrace Behavior ::run [ RunTime:0.000000s ]
INFO: [ view_end ] --END-- [ RunTime:0.000000s ]

[ 2013-09-24T07:12:21+08:00 ] 127.0.0.1 /antsclub_tp/index.php/Login/runLogin.html
INFO: [ route_check ] --START--
INFO: CheckRoute Behavior ::run [ RunTime:0.000000s ]
INFO: [ route_check ] --END-- [ RunTime:0.000000s ]
INFO: [ app_begin ] --START--
INFO: ReadHtmlCache Behavior ::run [ RunTime:0.000000s ]
INFO: [ app_begin ] --END-- [ RunTime:0.000000s ]
SQL: SHOW COLUMNS FROM `user` [ RunTime:0.015625s ]
SQL: SELECT * FROM `user` WHERE ( `uname` = '土龙' ) AND ( `pwd` = 'e10adc3949ba59abbe56e057f20f883e' ) LIMIT 1   [ RunTime:0.000000s ]

[ 2013-09-24T07:12:23+08:00 ] 127.0.0.1 /antsclub_tp/index.php/Login/login.html
INFO: [ route_check ] --START--
INFO: CheckRoute Behavior ::run [ RunTime:0.000000s ]
INFO: [ route_check ] --END-- [ RunTime:0.000000s ]
INFO: [ app_begin ] --START--
INFO: ReadHtmlCache Behavior ::run [ RunTime:0.000000s ]
INFO: [ app_begin ] --END-- [ RunTime:0.000000s ]
INFO: [ view_parse ] --START--
NOTIC: [8] Undefined index: uname D:\wamp\www\antsclub_tp\Index\Runtime\Cache\e5c7baedfdc4a8ba0a3244994ba009b3.php 第 24 行.
NOTIC: [8] Undefined index: role D:\wamp\www\antsclub_tp\Index\Runtime\Cache\e5c7baedfdc4a8ba0a3244994ba009b3.php 第 48 行.
INFO: ParseTemplate Behavior ::run [ RunTime:0.015625s ]
INFO: [ view_parse ] --END-- [ RunTime:0.015625s ]
INFO: [ view_filter ] --START--
INFO: ContentReplace Behavior ::run [ RunTime:0.000000s ]
INFO: TokenBuild Behavior ::run [ RunTime:0.000000s ]
INFO: WriteHtmlCache Behavior ::run [ RunTime:0.000000s ]
INFO: ShowRuntime Behavior ::run [ RunTime:0.000000s ]
INFO: [ view_filter ] --END-- [ RunTime:0.000000s ]
INFO: [ view_end ] --START--
INFO: ShowPageTrace Behavior ::run [ RunTime:0.000000s ]
INFO: [ view_end ] --END-- [ RunTime:0.000000s ]

[ 2013-09-24T07:13:34+08:00 ] 127.0.0.1 /antsclub_tp/index.php/Login/runLogin.html
INFO: [ route_check ] --START--
INFO: CheckRoute Behavior ::run [ RunTime:0.000000s ]
INFO: [ route_check ] --END-- [ RunTime:0.000000s ]
INFO: [ app_begin ] --START--
INFO: ReadHtmlCache Behavior ::run [ RunTime:0.000000s ]
INFO: [ app_begin ] --END-- [ RunTime:0.000000s ]
SQL: SHOW COLUMNS FROM `user` [ RunTime:0.000000s ]
SQL: SELECT * FROM `user` WHERE ( `uname` = '土龙' ) AND ( `pwd` = 'e10adc3949ba59abbe56e057f20f883e' ) LIMIT 1   [ RunTime:0.000000s ]

[ 2013-09-24T07:13:36+08:00 ] 127.0.0.1 /antsclub_tp/index.php/Login/login.html
INFO: [ route_check ] --START--
INFO: CheckRoute Behavior ::run [ RunTime:0.000000s ]
INFO: [ route_check ] --END-- [ RunTime:0.000000s ]
INFO: [ app_begin ] --START--
INFO: ReadHtmlCache Behavior ::run [ RunTime:0.000000s ]
INFO: [ app_begin ] --END-- [ RunTime:0.000000s ]
INFO: [ view_parse ] --START--
NOTIC: [8] Undefined index: uname D:\wamp\www\antsclub_tp\Index\Runtime\Cache\e5c7baedfdc4a8ba0a3244994ba009b3.php 第 24 行.
NOTIC: [8] Undefined index: role D:\wamp\www\antsclub_tp\Index\Runtime\Cache\e5c7baedfdc4a8ba0a3244994ba009b3.php 第 48 行.
INFO: ParseTemplate Behavior ::run [ RunTime:0.031250s ]
INFO: [ view_parse ] --END-- [ RunTime:0.031250s ]
INFO: [ view_filter ] --START--
INFO: ContentReplace Behavior ::run [ RunTime:0.000000s ]
INFO: TokenBuild Behavior ::run [ RunTime:0.000000s ]
INFO: WriteHtmlCache Behavior ::run [ RunTime:0.000000s ]
INFO: ShowRuntime Behavior ::run [ RunTime:0.000000s ]
INFO: [ view_filter ] --END-- [ RunTime:0.000000s ]
INFO: [ view_end ] --START--
INFO: ShowPageTrace Behavior ::run [ RunTime:0.000000s ]
INFO: [ view_end ] --END-- [ RunTime:0.000000s ]

[ 2013-09-24T07:14:55+08:00 ] 127.0.0.1 /antsclub_tp/index.php/Login/runLogin.html
INFO: [ route_check ] --START--
INFO: CheckRoute Behavior ::run [ RunTime:0.000000s ]
INFO: [ route_check ] --END-- [ RunTime:0.000000s ]
INFO: [ app_begin ] --START--
INFO: ReadHtmlCache Behavior ::run [ RunTime:0.000000s ]
INFO: [ app_begin ] --END-- [ RunTime:0.000000s ]
SQL: SHOW COLUMNS FROM `user` [ RunTime:0.000000s ]
SQL: SELECT * FROM `user` WHERE ( `uname` = '土龙' ) AND ( `pwd` = 'd41d8cd98f00b204e9800998ecf8427e' ) LIMIT 1   [ RunTime:0.000000s ]

[ 2013-09-24T07:14:57+08:00 ] 127.0.0.1 /antsclub_tp/index.php/Login/login.html
INFO: [ route_check ] --START--
INFO: CheckRoute Behavior ::run [ RunTime:0.000000s ]
INFO: [ route_check ] --END-- [ RunTime:0.000000s ]
INFO: [ app_begin ] --START--
INFO: ReadHtmlCache Behavior ::run [ RunTime:0.000000s ]
INFO: [ app_begin ] --END-- [ RunTime:0.000000s ]
INFO: [ view_parse ] --START--
NOTIC: [8] Undefined index: uname D:\wamp\www\antsclub_tp\Index\Runtime\Cache\e5c7baedfdc4a8ba0a3244994ba009b3.php 第 24 行.
NOTIC: [8] Undefined index: role D:\wamp\www\antsclub_tp\Index\Runtime\Cache\e5c7baedfdc4a8ba0a3244994ba009b3.php 第 48 行.
INFO: ParseTemplate Behavior ::run [ RunTime:0.015625s ]
INFO: [ view_parse ] --END-- [ RunTime:0.015625s ]
INFO: [ view_filter ] --START--
INFO: ContentReplace Behavior ::run [ RunTime:0.000000s ]
INFO: TokenBuild Behavior ::run [ RunTime:0.000000s ]
INFO: WriteHtmlCache Behavior ::run [ RunTime:0.000000s ]
INFO: ShowRuntime Behavior ::run [ RunTime:0.000000s ]
INFO: [ view_filter ] --END-- [ RunTime:0.015625s ]
INFO: [ view_end ] --START--
INFO: ShowPageTrace Behavior ::run [ RunTime:0.000000s ]
INFO: [ view_end ] --END-- [ RunTime:0.000000s ]

[ 2013-09-24T07:15:39+08:00 ] 127.0.0.1 /antsclub_tp/index.php/Login/runLogin.html
INFO: [ route_check ] --START--
INFO: CheckRoute Behavior ::run [ RunTime:0.015625s ]
INFO: [ route_check ] --END-- [ RunTime:0.015625s ]
INFO: [ app_begin ] --START--
INFO: ReadHtmlCache Behavior ::run [ RunTime:0.000000s ]
INFO: [ app_begin ] --END-- [ RunTime:0.000000s ]
SQL: SHOW COLUMNS FROM `user` [ RunTime:0.000000s ]
SQL: SELECT * FROM `user` WHERE ( `uname` = '土龙' ) AND ( `pwd` = 'e10adc3949ba59abbe56e057f20f883e' ) LIMIT 1   [ RunTime:0.000000s ]
NOTIC: [8] Use of undefined constant id - assumed 'id' D:\wamp\www\antsclub_tp\Index\Lib\Action\LoginAction.class.php 第 29 行.
NOTIC: [8] Use of undefined constant role - assumed 'role' D:\wamp\www\antsclub_tp\Index\Lib\Action\LoginAction.class.php 第 30 行.
NOTIC: [8] Undefined index: role D:\wamp\www\antsclub_tp\Index\Lib\Action\LoginAction.class.php 第 30 行.
NOTIC: [8] Use of undefined constant nickname - assumed 'nickname' D:\wamp\www\antsclub_tp\Index\Lib\Action\LoginAction.class.php 第 31 行.
NOTIC: [8] Use of undefined constant nickname - assumed 'nickname' D:\wamp\www\antsclub_tp\Index\Lib\Action\LoginAction.class.php 第 32 行.

[ 2013-09-24T07:15:40+08:00 ] 127.0.0.1 /antsclub_tp/index.php
INFO: [ app_begin ] --START--
INFO: ReadHtmlCache Behavior ::run [ RunTime:0.000000s ]
INFO: [ app_begin ] --END-- [ RunTime:0.000000s ]
SQL: SHOW COLUMNS FROM `activity` [ RunTime:0.000000s ]
SQL: SELECT * FROM `activity` WHERE ( typeCode="badminton" ) ORDER BY createTime desc LIMIT 3   [ RunTime:0.000000s ]
SQL: SELECT * FROM `activity` WHERE ( typeCode="swimming" ) ORDER BY createTime desc LIMIT 3   [ RunTime:0.000000s ]
SQL: SELECT * FROM `activity` WHERE ( typeCode="billiards" ) ORDER BY createTime desc LIMIT 3   [ RunTime:0.000000s ]
INFO: [ view_parse ] --START--
NOTIC: [8] Undefined index: role D:\wamp\www\antsclub_tp\Index\Runtime\Cache\e9ca3d00a40c8a0e158f18fe2252bc69.php 第 49 行.
INFO: ParseTemplate Behavior ::run [ RunTime:0.031250s ]
INFO: [ view_parse ] --END-- [ RunTime:0.031250s ]
INFO: [ view_filter ] --START--
INFO: ContentReplace Behavior ::run [ RunTime:0.000000s ]
INFO: TokenBuild Behavior ::run [ RunTime:0.000000s ]
INFO: WriteHtmlCache Behavior ::run [ RunTime:0.000000s ]
INFO: ShowRuntime Behavior ::run [ RunTime:0.000000s ]
INFO: [ view_filter ] --END-- [ RunTime:0.000000s ]
INFO: [ view_end ] --START--
INFO: ShowPageTrace Behavior ::run [ RunTime:0.000000s ]
INFO: [ view_end ] --END-- [ RunTime:0.000000s ]

[ 2013-09-24T07:16:39+08:00 ] 127.0.0.1 /antsclub_tp/index.php
INFO: [ app_begin ] --START--
INFO: ReadHtmlCache Behavior ::run [ RunTime:0.000000s ]
INFO: [ app_begin ] --END-- [ RunTime:0.000000s ]
SQL: SHOW COLUMNS FROM `activity` [ RunTime:0.000000s ]
SQL: SELECT * FROM `activity` WHERE ( typeCode="badminton" ) ORDER BY createTime desc LIMIT 3   [ RunTime:0.015625s ]
SQL: SELECT * FROM `activity` WHERE ( typeCode="swimming" ) ORDER BY createTime desc LIMIT 3   [ RunTime:0.000000s ]
SQL: SELECT * FROM `activity` WHERE ( typeCode="billiards" ) ORDER BY createTime desc LIMIT 3   [ RunTime:0.000000s ]
INFO: [ view_parse ] --START--
NOTIC: [8] Undefined index: role D:\wamp\www\antsclub_tp\Index\Runtime\Cache\e9ca3d00a40c8a0e158f18fe2252bc69.php 第 49 行.
INFO: ParseTemplate Behavior ::run [ RunTime:0.031250s ]
INFO: [ view_parse ] --END-- [ RunTime:0.031250s ]
INFO: [ view_filter ] --START--
INFO: ContentReplace Behavior ::run [ RunTime:0.000000s ]
INFO: TokenBuild Behavior ::run [ RunTime:0.000000s ]
INFO: WriteHtmlCache Behavior ::run [ RunTime:0.000000s ]
INFO: ShowRuntime Behavior ::run [ RunTime:0.000000s ]
INFO: [ view_filter ] --END-- [ RunTime:0.000000s ]
INFO: [ view_end ] --START--
INFO: ShowPageTrace Behavior ::run [ RunTime:0.000000s ]
INFO: [ view_end ] --END-- [ RunTime:0.000000s ]

[ 2013-09-24T07:16:42+08:00 ] 127.0.0.1 /antsclub_tp/index.php
INFO: [ app_begin ] --START--
INFO: ReadHtmlCache Behavior ::run [ RunTime:0.000000s ]
INFO: [ app_begin ] --END-- [ RunTime:0.000000s ]
SQL: SHOW COLUMNS FROM `activity` [ RunTime:0.000000s ]
SQL: SELECT * FROM `activity` WHERE ( typeCode="badminton" ) ORDER BY createTime desc LIMIT 3   [ RunTime:0.015625s ]
SQL: SELECT * FROM `activity` WHERE ( typeCode="swimming" ) ORDER BY createTime desc LIMIT 3   [ RunTime:0.000000s ]
SQL: SELECT * FROM `activity` WHERE ( typeCode="billiards" ) ORDER BY createTime desc LIMIT 3   [ RunTime:0.000000s ]
INFO: [ view_parse ] --START--
NOTIC: [8] Undefined index: role D:\wamp\www\antsclub_tp\Index\Runtime\Cache\e9ca3d00a40c8a0e158f18fe2252bc69.php 第 49 行.
INFO: ParseTemplate Behavior ::run [ RunTime:0.031250s ]
INFO: [ view_parse ] --END-- [ RunTime:0.031250s ]
INFO: [ view_filter ] --START--
INFO: ContentReplace Behavior ::run [ RunTime:0.000000s ]
INFO: TokenBuild Behavior ::run [ RunTime:0.000000s ]
INFO: WriteHtmlCache Behavior ::run [ RunTime:0.000000s ]
INFO: ShowRuntime Behavior ::run [ RunTime:0.000000s ]
INFO: [ view_filter ] --END-- [ RunTime:0.000000s ]
INFO: [ view_end ] --START--
INFO: ShowPageTrace Behavior ::run [ RunTime:0.015625s ]
INFO: [ view_end ] --END-- [ RunTime:0.015625s ]

[ 2013-09-24T07:16:43+08:00 ] 127.0.0.1 /antsclub_tp/index.php
INFO: [ app_begin ] --START--
INFO: ReadHtmlCache Behavior ::run [ RunTime:0.015625s ]
INFO: [ app_begin ] --END-- [ RunTime:0.015625s ]
SQL: SHOW COLUMNS FROM `activity` [ RunTime:0.000000s ]
SQL: SELECT * FROM `activity` WHERE ( typeCode="badminton" ) ORDER BY createTime desc LIMIT 3   [ RunTime:0.000000s ]
SQL: SELECT * FROM `activity` WHERE ( typeCode="swimming" ) ORDER BY createTime desc LIMIT 3   [ RunTime:0.000000s ]
SQL: SELECT * FROM `activity` WHERE ( typeCode="billiards" ) ORDER BY createTime desc LIMIT 3   [ RunTime:0.000000s ]
INFO: [ view_parse ] --START--
NOTIC: [8] Undefined index: role D:\wamp\www\antsclub_tp\Index\Runtime\Cache\e9ca3d00a40c8a0e158f18fe2252bc69.php 第 49 行.
INFO: ParseTemplate Behavior ::run [ RunTime:0.031250s ]
INFO: [ view_parse ] --END-- [ RunTime:0.031250s ]
INFO: [ view_filter ] --START--
INFO: ContentReplace Behavior ::run [ RunTime:0.000000s ]
INFO: TokenBuild Behavior ::run [ RunTime:0.000000s ]
INFO: WriteHtmlCache Behavior ::run [ RunTime:0.000000s ]
INFO: ShowRuntime Behavior ::run [ RunTime:0.000000s ]
INFO: [ view_filter ] --END-- [ RunTime:0.000000s ]
INFO: [ view_end ] --START--
INFO: ShowPageTrace Behavior ::run [ RunTime:0.000000s ]
INFO: [ view_end ] --END-- [ RunTime:0.000000s ]

[ 2013-09-24T07:16:44+08:00 ] 127.0.0.1 /antsclub_tp/index.php
INFO: [ app_begin ] --START--
INFO: ReadHtmlCache Behavior ::run [ RunTime:0.000000s ]
INFO: [ app_begin ] --END-- [ RunTime:0.000000s ]
SQL: SHOW COLUMNS FROM `activity` [ RunTime:0.000000s ]
SQL: SELECT * FROM `activity` WHERE ( typeCode="badminton" ) ORDER BY createTime desc LIMIT 3   [ RunTime:0.000000s ]
SQL: SELECT * FROM `activity` WHERE ( typeCode="swimming" ) ORDER BY createTime desc LIMIT 3   [ RunTime:0.000000s ]
SQL: SELECT * FROM `activity` WHERE ( typeCode="billiards" ) ORDER BY createTime desc LIMIT 3   [ RunTime:0.000000s ]
INFO: [ view_parse ] --START--
NOTIC: [8] Undefined index: role D:\wamp\www\antsclub_tp\Index\Runtime\Cache\e9ca3d00a40c8a0e158f18fe2252bc69.php 第 49 行.
INFO: ParseTemplate Behavior ::run [ RunTime:0.031250s ]
INFO: [ view_parse ] --END-- [ RunTime:0.031250s ]
INFO: [ view_filter ] --START--
INFO: ContentReplace Behavior ::run [ RunTime:0.015625s ]
INFO: TokenBuild Behavior ::run [ RunTime:0.000000s ]
INFO: WriteHtmlCache Behavior ::run [ RunTime:0.000000s ]
INFO: ShowRuntime Behavior ::run [ RunTime:0.000000s ]
INFO: [ view_filter ] --END-- [ RunTime:0.015625s ]
INFO: [ view_end ] --START--
INFO: ShowPageTrace Behavior ::run [ RunTime:0.000000s ]
INFO: [ view_end ] --END-- [ RunTime:0.000000s ]

[ 2013-09-24T07:16:44+08:00 ] 127.0.0.1 /antsclub_tp/index.php
INFO: [ app_begin ] --START--
INFO: ReadHtmlCache Behavior ::run [ RunTime:0.000000s ]
INFO: [ app_begin ] --END-- [ RunTime:0.000000s ]
SQL: SHOW COLUMNS FROM `activity` [ RunTime:0.000000s ]
SQL: SELECT * FROM `activity` WHERE ( typeCode="badminton" ) ORDER BY createTime desc LIMIT 3   [ RunTime:0.000000s ]
SQL: SELECT * FROM `activity` WHERE ( typeCode="swimming" ) ORDER BY createTime desc LIMIT 3   [ RunTime:0.000000s ]
SQL: SELECT * FROM `activity` WHERE ( typeCode="billiards" ) ORDER BY createTime desc LIMIT 3   [ RunTime:0.000000s ]
INFO: [ view_parse ] --START--
NOTIC: [8] Undefined index: role D:\wamp\www\antsclub_tp\Index\Runtime\Cache\e9ca3d00a40c8a0e158f18fe2252bc69.php 第 49 行.
INFO: ParseTemplate Behavior ::run [ RunTime:0.031250s ]
INFO: [ view_parse ] --END-- [ RunTime:0.031250s ]
INFO: [ view_filter ] --START--
INFO: ContentReplace Behavior ::run [ RunTime:0.000000s ]
INFO: TokenBuild Behavior ::run [ RunTime:0.000000s ]
INFO: WriteHtmlCache Behavior ::run [ RunTime:0.000000s ]
INFO: ShowRuntime Behavior ::run [ RunTime:0.000000s ]
INFO: [ view_filter ] --END-- [ RunTime:0.000000s ]
INFO: [ view_end ] --START--
INFO: ShowPageTrace Behavior ::run [ RunTime:0.000000s ]
INFO: [ view_end ] --END-- [ RunTime:0.000000s ]

[ 2013-09-24T07:16:44+08:00 ] 127.0.0.1 /antsclub_tp/index.php
INFO: [ app_begin ] --START--
INFO: ReadHtmlCache Behavior ::run [ RunTime:0.000000s ]
INFO: [ app_begin ] --END-- [ RunTime:0.000000s ]
SQL: SHOW COLUMNS FROM `activity` [ RunTime:0.000000s ]
SQL: SELECT * FROM `activity` WHERE ( typeCode="badminton" ) ORDER BY createTime desc LIMIT 3   [ RunTime:0.000000s ]
SQL: SELECT * FROM `activity` WHERE ( typeCode="swimming" ) ORDER BY createTime desc LIMIT 3   [ RunTime:0.000000s ]
SQL: SELECT * FROM `activity` WHERE ( typeCode="billiards" ) ORDER BY createTime desc LIMIT 3   [ RunTime:0.000000s ]
INFO: [ view_parse ] --START--
NOTIC: [8] Undefined index: role D:\wamp\www\antsclub_tp\Index\Runtime\Cache\e9ca3d00a40c8a0e158f18fe2252bc69.php 第 49 行.
INFO: ParseTemplate Behavior ::run [ RunTime:0.031250s ]
INFO: [ view_parse ] --END-- [ RunTime:0.031250s ]
INFO: [ view_filter ] --START--
INFO: ContentReplace Behavior ::run [ RunTime:0.000000s ]
INFO: TokenBuild Behavior ::run [ RunTime:0.000000s ]
INFO: WriteHtmlCache Behavior ::run [ RunTime:0.000000s ]
INFO: ShowRuntime Behavior ::run [ RunTime:0.000000s ]
INFO: [ view_filter ] --END-- [ RunTime:0.000000s ]
INFO: [ view_end ] --START--
INFO: ShowPageTrace Behavior ::run [ RunTime:0.000000s ]
INFO: [ view_end ] --END-- [ RunTime:0.015625s ]

[ 2013-09-24T07:16:44+08:00 ] 127.0.0.1 /antsclub_tp/index.php
INFO: [ app_begin ] --START--
INFO: ReadHtmlCache Behavior ::run [ RunTime:0.000000s ]
INFO: [ app_begin ] --END-- [ RunTime:0.000000s ]
SQL: SHOW COLUMNS FROM `activity` [ RunTime:0.015625s ]
SQL: SELECT * FROM `activity` WHERE ( typeCode="badminton" ) ORDER BY createTime desc LIMIT 3   [ RunTime:0.000000s ]
SQL: SELECT * FROM `activity` WHERE ( typeCode="swimming" ) ORDER BY createTime desc LIMIT 3   [ RunTime:0.000000s ]
SQL: SELECT * FROM `activity` WHERE ( typeCode="billiards" ) ORDER BY createTime desc LIMIT 3   [ RunTime:0.000000s ]
INFO: [ view_parse ] --START--
NOTIC: [8] Undefined index: role D:\wamp\www\antsclub_tp\Index\Runtime\Cache\e9ca3d00a40c8a0e158f18fe2252bc69.php 第 49 行.
INFO: ParseTemplate Behavior ::run [ RunTime:0.031250s ]
INFO: [ view_parse ] --END-- [ RunTime:0.031250s ]
INFO: [ view_filter ] --START--
INFO: ContentReplace Behavior ::run [ RunTime:0.000000s ]
INFO: TokenBuild Behavior ::run [ RunTime:0.000000s ]
INFO: WriteHtmlCache Behavior ::run [ RunTime:0.000000s ]
INFO: ShowRuntime Behavior ::run [ RunTime:0.000000s ]
INFO: [ view_filter ] --END-- [ RunTime:0.000000s ]
INFO: [ view_end ] --START--
INFO: ShowPageTrace Behavior ::run [ RunTime:0.015625s ]
INFO: [ view_end ] --END-- [ RunTime:0.015625s ]

[ 2013-09-24T07:16:44+08:00 ] 127.0.0.1 /antsclub_tp/index.php
INFO: [ app_begin ] --START--
INFO: ReadHtmlCache Behavior ::run [ RunTime:0.000000s ]
INFO: [ app_begin ] --END-- [ RunTime:0.000000s ]
SQL: SHOW COLUMNS FROM `activity` [ RunTime:0.015625s ]
SQL: SELECT * FROM `activity` WHERE ( typeCode="badminton" ) ORDER BY createTime desc LIMIT 3   [ RunTime:0.000000s ]
SQL: SELECT * FROM `activity` WHERE ( typeCode="swimming" ) ORDER BY createTime desc LIMIT 3   [ RunTime:0.000000s ]
SQL: SELECT * FROM `activity` WHERE ( typeCode="billiards" ) ORDER BY createTime desc LIMIT 3   [ RunTime:0.000000s ]
INFO: [ view_parse ] --START--
NOTIC: [8] Undefined index: role D:\wamp\www\antsclub_tp\Index\Runtime\Cache\e9ca3d00a40c8a0e158f18fe2252bc69.php 第 49 行.
INFO: ParseTemplate Behavior ::run [ RunTime:0.031250s ]
INFO: [ view_parse ] --END-- [ RunTime:0.031250s ]
INFO: [ view_filter ] --START--
INFO: ContentReplace Behavior ::run [ RunTime:0.000000s ]
INFO: TokenBuild Behavior ::run [ RunTime:0.000000s ]
INFO: WriteHtmlCache Behavior ::run [ RunTime:0.000000s ]
INFO: ShowRuntime Behavior ::run [ RunTime:0.000000s ]
INFO: [ view_filter ] --END-- [ RunTime:0.000000s ]
INFO: [ view_end ] --START--
INFO: ShowPageTrace Behavior ::run [ RunTime:0.015625s ]
INFO: [ view_end ] --END-- [ RunTime:0.015625s ]

[ 2013-09-24T07:16:45+08:00 ] 127.0.0.1 /antsclub_tp/index.php
INFO: [ app_begin ] --START--
INFO: ReadHtmlCache Behavior ::run [ RunTime:0.000000s ]
INFO: [ app_begin ] --END-- [ RunTime:0.000000s ]
SQL: SHOW COLUMNS FROM `activity` [ RunTime:0.000000s ]
SQL: SELECT * FROM `activity` WHERE ( typeCode="badminton" ) ORDER BY createTime desc LIMIT 3   [ RunTime:0.000000s ]
SQL: SELECT * FROM `activity` WHERE ( typeCode="swimming" ) ORDER BY createTime desc LIMIT 3   [ RunTime:0.000000s ]
SQL: SELECT * FROM `activity` WHERE ( typeCode="billiards" ) ORDER BY createTime desc LIMIT 3   [ RunTime:0.000000s ]
INFO: [ view_parse ] --START--
NOTIC: [8] Undefined index: role D:\wamp\www\antsclub_tp\Index\Runtime\Cache\e9ca3d00a40c8a0e158f18fe2252bc69.php 第 49 行.
INFO: ParseTemplate Behavior ::run [ RunTime:0.031250s ]
INFO: [ view_parse ] --END-- [ RunTime:0.031250s ]
INFO: [ view_filter ] --START--
INFO: ContentReplace Behavior ::run [ RunTime:0.000000s ]
INFO: TokenBuild Behavior ::run [ RunTime:0.000000s ]
INFO: WriteHtmlCache Behavior ::run [ RunTime:0.000000s ]
INFO: ShowRuntime Behavior ::run [ RunTime:0.000000s ]
INFO: [ view_filter ] --END-- [ RunTime:0.000000s ]
INFO: [ view_end ] --START--
INFO: ShowPageTrace Behavior ::run [ RunTime:0.000000s ]
INFO: [ view_end ] --END-- [ RunTime:0.000000s ]

[ 2013-09-24T07:16:45+08:00 ] 127.0.0.1 /antsclub_tp/index.php
INFO: [ app_begin ] --START--
INFO: ReadHtmlCache Behavior ::run [ RunTime:0.000000s ]
INFO: [ app_begin ] --END-- [ RunTime:0.000000s ]
SQL: SHOW COLUMNS FROM `activity` [ RunTime:0.000000s ]
SQL: SELECT * FROM `activity` WHERE ( typeCode="badminton" ) ORDER BY createTime desc LIMIT 3   [ RunTime:0.000000s ]
SQL: SELECT * FROM `activity` WHERE ( typeCode="swimming" ) ORDER BY createTime desc LIMIT 3   [ RunTime:0.000000s ]
SQL: SELECT * FROM `activity` WHERE ( typeCode="billiards" ) ORDER BY createTime desc LIMIT 3   [ RunTime:0.000000s ]
INFO: [ view_parse ] --START--
NOTIC: [8] Undefined index: role D:\wamp\www\antsclub_tp\Index\Runtime\Cache\e9ca3d00a40c8a0e158f18fe2252bc69.php 第 49 行.
INFO: ParseTemplate Behavior ::run [ RunTime:0.031250s ]
INFO: [ view_parse ] --END-- [ RunTime:0.031250s ]
INFO: [ view_filter ] --START--
INFO: ContentReplace Behavior ::run [ RunTime:0.015625s ]
INFO: TokenBuild Behavior ::run [ RunTime:0.000000s ]
INFO: WriteHtmlCache Behavior ::run [ RunTime:0.000000s ]
INFO: ShowRuntime Behavior ::run [ RunTime:0.000000s ]
INFO: [ view_filter ] --END-- [ RunTime:0.015625s ]
INFO: [ view_end ] --START--
INFO: ShowPageTrace Behavior ::run [ RunTime:0.000000s ]
INFO: [ view_end ] --END-- [ RunTime:0.000000s ]

[ 2013-09-24T07:16:45+08:00 ] 127.0.0.1 /antsclub_tp/index.php
INFO: [ app_begin ] --START--
INFO: ReadHtmlCache Behavior ::run [ RunTime:0.000000s ]
INFO: [ app_begin ] --END-- [ RunTime:0.000000s ]
SQL: SHOW COLUMNS FROM `activity` [ RunTime:0.015625s ]
SQL: SELECT * FROM `activity` WHERE ( typeCode="badminton" ) ORDER BY createTime desc LIMIT 3   [ RunTime:0.000000s ]
SQL: SELECT * FROM `activity` WHERE ( typeCode="swimming" ) ORDER BY createTime desc LIMIT 3   [ RunTime:0.000000s ]
SQL: SELECT * FROM `activity` WHERE ( typeCode="billiards" ) ORDER BY createTime desc LIMIT 3   [ RunTime:0.000000s ]
INFO: [ view_parse ] --START--
NOTIC: [8] Undefined index: role D:\wamp\www\antsclub_tp\Index\Runtime\Cache\e9ca3d00a40c8a0e158f18fe2252bc69.php 第 49 行.
INFO: ParseTemplate Behavior ::run [ RunTime:0.031250s ]
INFO: [ view_parse ] --END-- [ RunTime:0.031250s ]
INFO: [ view_filter ] --START--
INFO: ContentReplace Behavior ::run [ RunTime:0.000000s ]
INFO: TokenBuild Behavior ::run [ RunTime:0.000000s ]
INFO: WriteHtmlCache Behavior ::run [ RunTime:0.000000s ]
INFO: ShowRuntime Behavior ::run [ RunTime:0.000000s ]
INFO: [ view_filter ] --END-- [ RunTime:0.000000s ]
INFO: [ view_end ] --START--
INFO: ShowPageTrace Behavior ::run [ RunTime:0.015625s ]
INFO: [ view_end ] --END-- [ RunTime:0.015625s ]

[ 2013-09-24T07:16:46+08:00 ] 127.0.0.1 /antsclub_tp/index.php/Login/logout.html
INFO: [ route_check ] --START--
INFO: CheckRoute Behavior ::run [ RunTime:0.000000s ]
INFO: [ route_check ] --END-- [ RunTime:0.000000s ]
INFO: [ app_begin ] --START--
INFO: ReadHtmlCache Behavior ::run [ RunTime:0.000000s ]
INFO: [ app_begin ] --END-- [ RunTime:0.000000s ]

[ 2013-09-24T07:16:46+08:00 ] 127.0.0.1 /antsclub_tp/index.php
INFO: [ app_begin ] --START--
INFO: ReadHtmlCache Behavior ::run [ RunTime:0.000000s ]
INFO: [ app_begin ] --END-- [ RunTime:0.000000s ]
SQL: SHOW COLUMNS FROM `activity` [ RunTime:0.000000s ]
SQL: SELECT * FROM `activity` WHERE ( typeCode="badminton" ) ORDER BY createTime desc LIMIT 3   [ RunTime:0.000000s ]
SQL: SELECT * FROM `activity` WHERE ( typeCode="swimming" ) ORDER BY createTime desc LIMIT 3   [ RunTime:0.000000s ]
SQL: SELECT * FROM `activity` WHERE ( typeCode="billiards" ) ORDER BY createTime desc LIMIT 3   [ RunTime:0.000000s ]
INFO: [ view_parse ] --START--
NOTIC: [8] Undefined index: uname D:\wamp\www\antsclub_tp\Index\Runtime\Cache\e9ca3d00a40c8a0e158f18fe2252bc69.php 第 25 行.
NOTIC: [8] Undefined index: role D:\wamp\www\antsclub_tp\Index\Runtime\Cache\e9ca3d00a40c8a0e158f18fe2252bc69.php 第 49 行.
INFO: ParseTemplate Behavior ::run [ RunTime:0.046875s ]
INFO: [ view_parse ] --END-- [ RunTime:0.046875s ]
INFO: [ view_filter ] --START--
INFO: ContentReplace Behavior ::run [ RunTime:0.000000s ]
INFO: TokenBuild Behavior ::run [ RunTime:0.000000s ]
INFO: WriteHtmlCache Behavior ::run [ RunTime:0.000000s ]
INFO: ShowRuntime Behavior ::run [ RunTime:0.000000s ]
INFO: [ view_filter ] --END-- [ RunTime:0.000000s ]
INFO: [ view_end ] --START--
INFO: ShowPageTrace Behavior ::run [ RunTime:0.000000s ]
INFO: [ view_end ] --END-- [ RunTime:0.000000s ]

[ 2013-09-24T07:16:47+08:00 ] 127.0.0.1 /antsclub_tp/index.php/Login/login.html
INFO: [ route_check ] --START--
INFO: CheckRoute Behavior ::run [ RunTime:0.015625s ]
INFO: [ route_check ] --END-- [ RunTime:0.015625s ]
INFO: [ app_begin ] --START--
INFO: ReadHtmlCache Behavior ::run [ RunTime:0.000000s ]
INFO: [ app_begin ] --END-- [ RunTime:0.000000s ]
INFO: [ view_parse ] --START--
NOTIC: [8] Undefined index: uname D:\wamp\www\antsclub_tp\Index\Runtime\Cache\e5c7baedfdc4a8ba0a3244994ba009b3.php 第 24 行.
NOTIC: [8] Undefined index: role D:\wamp\www\antsclub_tp\Index\Runtime\Cache\e5c7baedfdc4a8ba0a3244994ba009b3.php 第 48 行.
INFO: ParseTemplate Behavior ::run [ RunTime:0.015625s ]
INFO: [ view_parse ] --END-- [ RunTime:0.015625s ]
INFO: [ view_filter ] --START--
INFO: ContentReplace Behavior ::run [ RunTime:0.000000s ]
INFO: TokenBuild Behavior ::run [ RunTime:0.000000s ]
INFO: WriteHtmlCache Behavior ::run [ RunTime:0.000000s ]
INFO: ShowRuntime Behavior ::run [ RunTime:0.000000s ]
INFO: [ view_filter ] --END-- [ RunTime:0.000000s ]
INFO: [ view_end ] --START--
INFO: ShowPageTrace Behavior ::run [ RunTime:0.015625s ]
INFO: [ view_end ] --END-- [ RunTime:0.015625s ]

[ 2013-09-24T07:16:51+08:00 ] 127.0.0.1 /antsclub_tp/index.php/Login/runLogin.html
INFO: [ route_check ] --START--
INFO: CheckRoute Behavior ::run [ RunTime:0.000000s ]
INFO: [ route_check ] --END-- [ RunTime:0.000000s ]
INFO: [ app_begin ] --START--
INFO: ReadHtmlCache Behavior ::run [ RunTime:0.000000s ]
INFO: [ app_begin ] --END-- [ RunTime:0.000000s ]
SQL: SHOW COLUMNS FROM `user` [ RunTime:0.000000s ]
SQL: SELECT * FROM `user` WHERE ( `uname` = '土龙' ) AND ( `pwd` = 'e10adc3949ba59abbe56e057f20f883e' ) LIMIT 1   [ RunTime:0.000000s ]
NOTIC: [8] Use of undefined constant id - assumed 'id' D:\wamp\www\antsclub_tp\Index\Lib\Action\LoginAction.class.php 第 29 行.
NOTIC: [8] Use of undefined constant role - assumed 'role' D:\wamp\www\antsclub_tp\Index\Lib\Action\LoginAction.class.php 第 30 行.
NOTIC: [8] Use of undefined constant nickname - assumed 'nickname' D:\wamp\www\antsclub_tp\Index\Lib\Action\LoginAction.class.php 第 31 行.

[ 2013-09-24T07:16:53+08:00 ] 127.0.0.1 /antsclub_tp/index.php
INFO: [ app_begin ] --START--
INFO: ReadHtmlCache Behavior ::run [ RunTime:0.000000s ]
INFO: [ app_begin ] --END-- [ RunTime:0.000000s ]
SQL: SHOW COLUMNS FROM `activity` [ RunTime:0.000000s ]
SQL: SELECT * FROM `activity` WHERE ( typeCode="badminton" ) ORDER BY createTime desc LIMIT 3   [ RunTime:0.000000s ]
SQL: SELECT * FROM `activity` WHERE ( typeCode="swimming" ) ORDER BY createTime desc LIMIT 3   [ RunTime:0.000000s ]
SQL: SELECT * FROM `activity` WHERE ( typeCode="billiards" ) ORDER BY createTime desc LIMIT 3   [ RunTime:0.000000s ]
INFO: [ view_parse ] --START--
INFO: ParseTemplate Behavior ::run [ RunTime:0.031250s ]
INFO: [ view_parse ] --END-- [ RunTime:0.031250s ]
INFO: [ view_filter ] --START--
INFO: ContentReplace Behavior ::run [ RunTime:0.000000s ]
INFO: TokenBuild Behavior ::run [ RunTime:0.000000s ]
INFO: WriteHtmlCache Behavior ::run [ RunTime:0.000000s ]
INFO: ShowRuntime Behavior ::run [ RunTime:0.000000s ]
INFO: [ view_filter ] --END-- [ RunTime:0.000000s ]
INFO: [ view_end ] --START--
INFO: ShowPageTrace Behavior ::run [ RunTime:0.000000s ]
INFO: [ view_end ] --END-- [ RunTime:0.000000s ]

[ 2013-09-24T07:16:54+08:00 ] 127.0.0.1 /antsclub_tp/index.php/Activity/add.html
INFO: [ route_check ] --START--
INFO: CheckRoute Behavior ::run [ RunTime:0.000000s ]
INFO: [ route_check ] --END-- [ RunTime:0.000000s ]
INFO: [ app_begin ] --START--
INFO: ReadHtmlCache Behavior ::run [ RunTime:0.000000s ]
INFO: [ app_begin ] --END-- [ RunTime:0.000000s ]
INFO: [ view_parse ] --START--
NOTIC: [8] Undefined variable: activity D:\wamp\www\antsclub_tp\Index\Runtime\Cache\41776f456d878c7b2bca5e96e7454900.php 第 69 行.
NOTIC: [8] Undefined variable: activity D:\wamp\www\antsclub_tp\Index\Runtime\Cache\41776f456d878c7b2bca5e96e7454900.php 第 88 行.
NOTIC: [8] Undefined variable: activity D:\wamp\www\antsclub_tp\Index\Runtime\Cache\41776f456d878c7b2bca5e96e7454900.php 第 96 行.
NOTIC: [8] Undefined variable: activity D:\wamp\www\antsclub_tp\Index\Runtime\Cache\41776f456d878c7b2bca5e96e7454900.php 第 103 行.
NOTIC: [8] Undefined variable: activity D:\wamp\www\antsclub_tp\Index\Runtime\Cache\41776f456d878c7b2bca5e96e7454900.php 第 110 行.
NOTIC: [8] Undefined variable: activity D:\wamp\www\antsclub_tp\Index\Runtime\Cache\41776f456d878c7b2bca5e96e7454900.php 第 117 行.
NOTIC: [8] Undefined variable: activity D:\wamp\www\antsclub_tp\Index\Runtime\Cache\41776f456d878c7b2bca5e96e7454900.php 第 125 行.
INFO: ParseTemplate Behavior ::run [ RunTime:0.046875s ]
INFO: [ view_parse ] --END-- [ RunTime:0.046875s ]
INFO: [ view_filter ] --START--
INFO: ContentReplace Behavior ::run [ RunTime:0.000000s ]
INFO: TokenBuild Behavior ::run [ RunTime:0.000000s ]
INFO: WriteHtmlCache Behavior ::run [ RunTime:0.000000s ]
INFO: ShowRuntime Behavior ::run [ RunTime:0.000000s ]
INFO: [ view_filter ] --END-- [ RunTime:0.000000s ]
INFO: [ view_end ] --START--
INFO: ShowPageTrace Behavior ::run [ RunTime:0.000000s ]
INFO: [ view_end ] --END-- [ RunTime:0.015625s ]

[ 2013-09-24T07:17:06+08:00 ] 127.0.0.1 /antsclub_tp/index.php/Activity/saveOrUpdate.html
INFO: [ route_check ] --START--
INFO: CheckRoute Behavior ::run [ RunTime:0.000000s ]
INFO: [ route_check ] --END-- [ RunTime:0.000000s ]
INFO: [ app_begin ] --START--
INFO: ReadHtmlCache Behavior ::run [ RunTime:0.015625s ]
INFO: [ app_begin ] --END-- [ RunTime:0.015625s ]
SQL: SHOW COLUMNS FROM `activity` [ RunTime:0.000000s ]
SQL: INSERT INTO `activity` (`id`,`typeCode`,`title`,`address`,`startTime`,`endTime`,`maxNum`,`detail`,`createTime`,`typeName`) VALUES (0,'badminton','ThinkPHP 学习笔记2-创建许愿墙2','456','2013-09-24 07:17:01','2013-09-24 07:17:03',0,'','2013-09-24 07:17:06','羽毛球') [ RunTime:0.000000s ]

[ 2013-09-24T07:17:07+08:00 ] 127.0.0.1 /antsclub_tp/index.php
INFO: [ app_begin ] --START--
INFO: ReadHtmlCache Behavior ::run [ RunTime:0.000000s ]
INFO: [ app_begin ] --END-- [ RunTime:0.000000s ]
SQL: SHOW COLUMNS FROM `activity` [ RunTime:0.000000s ]
SQL: SELECT * FROM `activity` WHERE ( typeCode="badminton" ) ORDER BY createTime desc LIMIT 3   [ RunTime:0.000000s ]
SQL: SELECT * FROM `activity` WHERE ( typeCode="swimming" ) ORDER BY createTime desc LIMIT 3   [ RunTime:0.000000s ]
SQL: SELECT * FROM `activity` WHERE ( typeCode="billiards" ) ORDER BY createTime desc LIMIT 3   [ RunTime:0.000000s ]
INFO: [ view_parse ] --START--
INFO: ParseTemplate Behavior ::run [ RunTime:0.031250s ]
INFO: [ view_parse ] --END-- [ RunTime:0.031250s ]
INFO: [ view_filter ] --START--
INFO: ContentReplace Behavior ::run [ RunTime:0.000000s ]
INFO: TokenBuild Behavior ::run [ RunTime:0.000000s ]
INFO: WriteHtmlCache Behavior ::run [ RunTime:0.000000s ]
INFO: ShowRuntime Behavior ::run [ RunTime:0.000000s ]
INFO: [ view_filter ] --END-- [ RunTime:0.000000s ]
INFO: [ view_end ] --START--
INFO: ShowPageTrace Behavior ::run [ RunTime:0.000000s ]
INFO: [ view_end ] --END-- [ RunTime:0.000000s ]

[ 2013-09-24T07:19:44+08:00 ] 127.0.0.1 /antsclub_tp/index.php/Activity/add.html
INFO: [ route_check ] --START--
INFO: CheckRoute Behavior ::run [ RunTime:0.000000s ]
INFO: [ route_check ] --END-- [ RunTime:0.000000s ]
INFO: [ app_begin ] --START--
INFO: ReadHtmlCache Behavior ::run [ RunTime:0.000000s ]
INFO: [ app_begin ] --END-- [ RunTime:0.000000s ]
INFO: [ view_parse ] --START--
NOTIC: [8] Undefined variable: activity D:\wamp\www\antsclub_tp\Index\Runtime\Cache\41776f456d878c7b2bca5e96e7454900.php 第 69 行.
NOTIC: [8] Undefined variable: activity D:\wamp\www\antsclub_tp\Index\Runtime\Cache\41776f456d878c7b2bca5e96e7454900.php 第 88 行.
NOTIC: [8] Undefined variable: activity D:\wamp\www\antsclub_tp\Index\Runtime\Cache\41776f456d878c7b2bca5e96e7454900.php 第 96 行.
NOTIC: [8] Undefined variable: activity D:\wamp\www\antsclub_tp\Index\Runtime\Cache\41776f456d878c7b2bca5e96e7454900.php 第 103 行.
NOTIC: [8] Undefined variable: activity D:\wamp\www\antsclub_tp\Index\Runtime\Cache\41776f456d878c7b2bca5e96e7454900.php 第 110 行.
NOTIC: [8] Undefined variable: activity D:\wamp\www\antsclub_tp\Index\Runtime\Cache\41776f456d878c7b2bca5e96e7454900.php 第 117 行.
NOTIC: [8] Undefined variable: activity D:\wamp\www\antsclub_tp\Index\Runtime\Cache\41776f456d878c7b2bca5e96e7454900.php 第 125 行.
INFO: ParseTemplate Behavior ::run [ RunTime:0.031250s ]
INFO: [ view_parse ] --END-- [ RunTime:0.031250s ]
INFO: [ view_filter ] --START--
INFO: ContentReplace Behavior ::run [ RunTime:0.000000s ]
INFO: TokenBuild Behavior ::run [ RunTime:0.000000s ]
INFO: WriteHtmlCache Behavior ::run [ RunTime:0.000000s ]
INFO: ShowRuntime Behavior ::run [ RunTime:0.000000s ]
INFO: [ view_filter ] --END-- [ RunTime:0.000000s ]
INFO: [ view_end ] --START--
INFO: ShowPageTrace Behavior ::run [ RunTime:0.000000s ]
INFO: [ view_end ] --END-- [ RunTime:0.000000s ]

[ 2013-09-24T07:19:54+08:00 ] 127.0.0.1 /antsclub_tp/index.php/Activity/saveOrUpdate.html
INFO: [ route_check ] --START--
INFO: CheckRoute Behavior ::run [ RunTime:0.000000s ]
INFO: [ route_check ] --END-- [ RunTime:0.000000s ]
INFO: [ app_begin ] --START--
INFO: ReadHtmlCache Behavior ::run [ RunTime:0.000000s ]
INFO: [ app_begin ] --END-- [ RunTime:0.000000s ]
SQL: SHOW COLUMNS FROM `activity` [ RunTime:0.000000s ]
DEBUG: 
SQL: INSERT INTO `activity` (`id`,`typeCode`,`title`,`address`,`startTime`,`endTime`,`maxNum`,`detail`,`createTime`,`typeName`) VALUES (0,'badminton','ThinkPHP 学习笔记2-创建许愿墙2','菁英文体中心二楼','2013-09-24 07:19:47','2013-09-24 07:19:51',0,'','2013-09-24 07:19:54','羽毛球') [ RunTime:0.000000s ]

[ 2013-09-24T07:19:55+08:00 ] 127.0.0.1 /antsclub_tp/index.php
INFO: [ app_begin ] --START--
INFO: ReadHtmlCache Behavior ::run [ RunTime:0.000000s ]
INFO: [ app_begin ] --END-- [ RunTime:0.000000s ]
SQL: SHOW COLUMNS FROM `activity` [ RunTime:0.015625s ]
SQL: SELECT * FROM `activity` WHERE ( typeCode="badminton" ) ORDER BY createTime desc LIMIT 3   [ RunTime:0.000000s ]
SQL: SELECT * FROM `activity` WHERE ( typeCode="swimming" ) ORDER BY createTime desc LIMIT 3   [ RunTime:0.000000s ]
SQL: SELECT * FROM `activity` WHERE ( typeCode="billiards" ) ORDER BY createTime desc LIMIT 3   [ RunTime:0.000000s ]
INFO: [ view_parse ] --START--
INFO: ParseTemplate Behavior ::run [ RunTime:0.031250s ]
INFO: [ view_parse ] --END-- [ RunTime:0.031250s ]
INFO: [ view_filter ] --START--
INFO: ContentReplace Behavior ::run [ RunTime:0.000000s ]
INFO: TokenBuild Behavior ::run [ RunTime:0.000000s ]
INFO: WriteHtmlCache Behavior ::run [ RunTime:0.000000s ]
INFO: ShowRuntime Behavior ::run [ RunTime:0.000000s ]
INFO: [ view_filter ] --END-- [ RunTime:0.000000s ]
INFO: [ view_end ] --START--
INFO: ShowPageTrace Behavior ::run [ RunTime:0.000000s ]
INFO: [ view_end ] --END-- [ RunTime:0.000000s ]

[ 2013-09-24T07:22:31+08:00 ] 127.0.0.1 /antsclub_tp/index.php/Activity/add.html
INFO: [ route_check ] --START--
INFO: CheckRoute Behavior ::run [ RunTime:0.000000s ]
INFO: [ route_check ] --END-- [ RunTime:0.000000s ]
INFO: [ app_begin ] --START--
INFO: ReadHtmlCache Behavior ::run [ RunTime:0.000000s ]
INFO: [ app_begin ] --END-- [ RunTime:0.000000s ]
INFO: [ view_parse ] --START--
NOTIC: [8] Undefined variable: activity D:\wamp\www\antsclub_tp\Index\Runtime\Cache\41776f456d878c7b2bca5e96e7454900.php 第 69 行.
NOTIC: [8] Undefined variable: activity D:\wamp\www\antsclub_tp\Index\Runtime\Cache\41776f456d878c7b2bca5e96e7454900.php 第 88 行.
NOTIC: [8] Undefined variable: activity D:\wamp\www\antsclub_tp\Index\Runtime\Cache\41776f456d878c7b2bca5e96e7454900.php 第 96 行.
NOTIC: [8] Undefined variable: activity D:\wamp\www\antsclub_tp\Index\Runtime\Cache\41776f456d878c7b2bca5e96e7454900.php 第 103 行.
NOTIC: [8] Undefined variable: activity D:\wamp\www\antsclub_tp\Index\Runtime\Cache\41776f456d878c7b2bca5e96e7454900.php 第 110 行.
NOTIC: [8] Undefined variable: activity D:\wamp\www\antsclub_tp\Index\Runtime\Cache\41776f456d878c7b2bca5e96e7454900.php 第 117 行.
NOTIC: [8] Undefined variable: activity D:\wamp\www\antsclub_tp\Index\Runtime\Cache\41776f456d878c7b2bca5e96e7454900.php 第 125 行.
INFO: ParseTemplate Behavior ::run [ RunTime:0.031250s ]
INFO: [ view_parse ] --END-- [ RunTime:0.031250s ]
INFO: [ view_filter ] --START--
INFO: ContentReplace Behavior ::run [ RunTime:0.000000s ]
INFO: TokenBuild Behavior ::run [ RunTime:0.000000s ]
INFO: WriteHtmlCache Behavior ::run [ RunTime:0.000000s ]
INFO: ShowRuntime Behavior ::run [ RunTime:0.000000s ]
INFO: [ view_filter ] --END-- [ RunTime:0.000000s ]
INFO: [ view_end ] --START--
INFO: ShowPageTrace Behavior ::run [ RunTime:0.000000s ]
INFO: [ view_end ] --END-- [ RunTime:0.000000s ]

[ 2013-09-24T07:22:41+08:00 ] 127.0.0.1 /antsclub_tp/index.php/Activity/saveOrUpdate.html
INFO: [ route_check ] --START--
INFO: CheckRoute Behavior ::run [ RunTime:0.000000s ]
INFO: [ route_check ] --END-- [ RunTime:0.000000s ]
INFO: [ app_begin ] --START--
INFO: ReadHtmlCache Behavior ::run [ RunTime:0.000000s ]
INFO: [ app_begin ] --END-- [ RunTime:0.000000s ]
SQL: SHOW COLUMNS FROM `activity` [ RunTime:0.000000s ]
DEBUG: 
SQL: INSERT INTO `activity` (`id`,`typeCode`,`title`,`address`,`startTime`,`endTime`,`maxNum`,`detail`,`createTime`,`typeName`) VALUES (0,'badminton','ThinkPHP 学习笔记2-创建许愿墙2','菁英文体中心二楼','2013-09-24 07:22:36','2013-09-24 07:22:38',null,'','2013-09-24 07:22:41','羽毛球') [ RunTime:0.000000s ]

[ 2013-09-24T07:22:42+08:00 ] 127.0.0.1 /antsclub_tp/index.php
INFO: [ app_begin ] --START--
INFO: ReadHtmlCache Behavior ::run [ RunTime:0.000000s ]
INFO: [ app_begin ] --END-- [ RunTime:0.000000s ]
SQL: SHOW COLUMNS FROM `activity` [ RunTime:0.000000s ]
SQL: SELECT * FROM `activity` WHERE ( typeCode="badminton" ) ORDER BY createTime desc LIMIT 3   [ RunTime:0.000000s ]
SQL: SELECT * FROM `activity` WHERE ( typeCode="swimming" ) ORDER BY createTime desc LIMIT 3   [ RunTime:0.000000s ]
SQL: SELECT * FROM `activity` WHERE ( typeCode="billiards" ) ORDER BY createTime desc LIMIT 3   [ RunTime:0.000000s ]
INFO: [ view_parse ] --START--
INFO: ParseTemplate Behavior ::run [ RunTime:0.031250s ]
INFO: [ view_parse ] --END-- [ RunTime:0.031250s ]
INFO: [ view_filter ] --START--
INFO: ContentReplace Behavior ::run [ RunTime:0.000000s ]
INFO: TokenBuild Behavior ::run [ RunTime:0.000000s ]
INFO: WriteHtmlCache Behavior ::run [ RunTime:0.000000s ]
INFO: ShowRuntime Behavior ::run [ RunTime:0.000000s ]
INFO: [ view_filter ] --END-- [ RunTime:0.000000s ]
INFO: [ view_end ] --START--
INFO: ShowPageTrace Behavior ::run [ RunTime:0.000000s ]
INFO: [ view_end ] --END-- [ RunTime:0.000000s ]

[ 2013-09-24T07:23:30+08:00 ] 127.0.0.1 /antsclub_tp/index.php/Activity/view/id/116.html
INFO: [ route_check ] --START--
INFO: CheckRoute Behavior ::run [ RunTime:0.000000s ]
INFO: [ route_check ] --END-- [ RunTime:0.000000s ]
INFO: [ app_begin ] --START--
INFO: ReadHtmlCache Behavior ::run [ RunTime:0.000000s ]
INFO: [ app_begin ] --END-- [ RunTime:0.000000s ]
SQL: select a.*,ua.signName,ua.signNum,ua.userName from activity a  left join user_activity ua on a.id=ua.activityId  where a.id="116" order by ua.signTime [ RunTime:0.015625s ]
NOTIC: [8] Use of undefined constant signName - assumed 'signName' D:\wamp\www\antsclub_tp\Index\Lib\Action\ActivityAction.class.php 第 62 行.
NOTIC: [8] Use of undefined constant signNum - assumed 'signNum' D:\wamp\www\antsclub_tp\Index\Lib\Action\ActivityAction.class.php 第 63 行.
NOTIC: [8] Use of undefined constant id - assumed 'id' D:\wamp\www\antsclub_tp\Index\Lib\Action\ActivityAction.class.php 第 69 行.
NOTIC: [8] Use of undefined constant typeName - assumed 'typeName' D:\wamp\www\antsclub_tp\Index\Lib\Action\ActivityAction.class.php 第 70 行.
NOTIC: [8] Use of undefined constant title - assumed 'title' D:\wamp\www\antsclub_tp\Index\Lib\Action\ActivityAction.class.php 第 71 行.
NOTIC: [8] Use of undefined constant startTime - assumed 'startTime' D:\wamp\www\antsclub_tp\Index\Lib\Action\ActivityAction.class.php 第 72 行.
NOTIC: [8] Use of undefined constant endTime - assumed 'endTime' D:\wamp\www\antsclub_tp\Index\Lib\Action\ActivityAction.class.php 第 73 行.
NOTIC: [8] Use of undefined constant address - assumed 'address' D:\wamp\www\antsclub_tp\Index\Lib\Action\ActivityAction.class.php 第 74 行.
NOTIC: [8] Use of undefined constant detail - assumed 'detail' D:\wamp\www\antsclub_tp\Index\Lib\Action\ActivityAction.class.php 第 75 行.
NOTIC: [8] Use of undefined constant maxNum - assumed 'maxNum' D:\wamp\www\antsclub_tp\Index\Lib\Action\ActivityAction.class.php 第 76 行.
INFO: [ view_parse ] --START--
INFO: ParseTemplate Behavior ::run [ RunTime:0.031250s ]
INFO: [ view_parse ] --END-- [ RunTime:0.031250s ]
INFO: [ view_filter ] --START--
INFO: ContentReplace Behavior ::run [ RunTime:0.000000s ]
INFO: TokenBuild Behavior ::run [ RunTime:0.000000s ]
INFO: WriteHtmlCache Behavior ::run [ RunTime:0.000000s ]
INFO: ShowRuntime Behavior ::run [ RunTime:0.000000s ]
INFO: [ view_filter ] --END-- [ RunTime:0.015625s ]
INFO: [ view_end ] --START--
INFO: ShowPageTrace Behavior ::run [ RunTime:0.000000s ]
INFO: [ view_end ] --END-- [ RunTime:0.000000s ]

[ 2013-09-24T07:23:33+08:00 ] 127.0.0.1 /antsclub_tp/index.php/Activity/sign.html
INFO: [ route_check ] --START--
INFO: CheckRoute Behavior ::run [ RunTime:0.015625s ]
INFO: [ route_check ] --END-- [ RunTime:0.015625s ]
INFO: [ app_begin ] --START--
INFO: ReadHtmlCache Behavior ::run [ RunTime:0.000000s ]
INFO: [ app_begin ] --END-- [ RunTime:0.000000s ]
SQL: SHOW COLUMNS FROM `user_activity` [ RunTime:0.000000s ]
SQL: SELECT * FROM `user_activity` WHERE ( `activityId` = 116 ) AND ( `userId` = '1' ) LIMIT 1   [ RunTime:0.000000s ]
SQL: INSERT INTO `user_activity` (`activityId`,`userId`,`userName`,`signName`,`signNum`,`signTime`) VALUES (116,'1','土龙','土龙',1,'2013-09-24 07:23:33') [ RunTime:0.000000s ]

[ 2013-09-24T07:23:37+08:00 ] 127.0.0.1 /antsclub_tp/index.php/Activity/signMore.html
INFO: [ route_check ] --START--
INFO: CheckRoute Behavior ::run [ RunTime:0.000000s ]
INFO: [ route_check ] --END-- [ RunTime:0.000000s ]
INFO: [ app_begin ] --START--
INFO: ReadHtmlCache Behavior ::run [ RunTime:0.000000s ]
INFO: [ app_begin ] --END-- [ RunTime:0.000000s ]
SQL: SHOW COLUMNS FROM `user_activity` [ RunTime:0.000000s ]
SQL: SELECT `signNum` FROM `user_activity` WHERE ( `activityId` = 116 ) AND ( `userId` = '1' ) LIMIT 1   [ RunTime:0.000000s ]
SQL: DELETE FROM `user_activity` WHERE ( `activityId` = 116 ) AND ( `userId` = '1' ) [ RunTime:0.000000s ]
SQL: INSERT INTO `user_activity` (`activityId`,`userId`,`userName`,`signName`,`signNum`,`signTime`) VALUES (116,'1','土龙','土龙(+1)',2,'2013-09-24 07:23:37') [ RunTime:0.000000s ]
SQL: select ua.signName,ua.signNum from activity a  left join user_activity ua on a.id=ua.activityId  where a.id="116" order by ua.signTime [ RunTime:0.000000s ]
NOTIC: [8] Use of undefined constant signName - assumed 'signName' D:\wamp\www\antsclub_tp\Index\Lib\Action\ActivityAction.class.php 第 181 行.
NOTIC: [8] Use of undefined constant signNum - assumed 'signNum' D:\wamp\www\antsclub_tp\Index\Lib\Action\ActivityAction.class.php 第 182 行.

[ 2013-09-24T07:23:45+08:00 ] 127.0.0.1 /antsclub_tp/index.php/Activity/signMore.html
INFO: [ route_check ] --START--
INFO: CheckRoute Behavior ::run [ RunTime:0.000000s ]
INFO: [ route_check ] --END-- [ RunTime:0.000000s ]
INFO: [ app_begin ] --START--
INFO: ReadHtmlCache Behavior ::run [ RunTime:0.000000s ]
INFO: [ app_begin ] --END-- [ RunTime:0.000000s ]
SQL: SHOW COLUMNS FROM `user_activity` [ RunTime:0.000000s ]
SQL: SELECT `signNum` FROM `user_activity` WHERE ( `activityId` = 116 ) AND ( `userId` = '1' ) LIMIT 1   [ RunTime:0.000000s ]
SQL: DELETE FROM `user_activity` WHERE ( `activityId` = 116 ) AND ( `userId` = '1' ) [ RunTime:0.000000s ]
SQL: INSERT INTO `user_activity` (`activityId`,`userId`,`userName`,`signName`,`signNum`,`signTime`) VALUES (116,'1','土龙','土龙(+1)',100,'2013-09-24 07:23:45') [ RunTime:0.000000s ]
SQL: select ua.signName,ua.signNum from activity a  left join user_activity ua on a.id=ua.activityId  where a.id="116" order by ua.signTime [ RunTime:0.000000s ]
NOTIC: [8] Use of undefined constant signName - assumed 'signName' D:\wamp\www\antsclub_tp\Index\Lib\Action\ActivityAction.class.php 第 181 行.
NOTIC: [8] Use of undefined constant signNum - assumed 'signNum' D:\wamp\www\antsclub_tp\Index\Lib\Action\ActivityAction.class.php 第 182 行.

[ 2013-09-24T07:25:41+08:00 ] 127.0.0.1 /antsclub_tp/index.php/Login/logout.html
INFO: [ route_check ] --START--
INFO: CheckRoute Behavior ::run [ RunTime:0.000000s ]
INFO: [ route_check ] --END-- [ RunTime:0.000000s ]
INFO: [ app_begin ] --START--
INFO: ReadHtmlCache Behavior ::run [ RunTime:0.000000s ]
INFO: [ app_begin ] --END-- [ RunTime:0.000000s ]

[ 2013-09-24T07:25:42+08:00 ] 127.0.0.1 /antsclub_tp/index.php
INFO: [ app_begin ] --START--
INFO: ReadHtmlCache Behavior ::run [ RunTime:0.015625s ]
INFO: [ app_begin ] --END-- [ RunTime:0.015625s ]
SQL: SHOW COLUMNS FROM `activity` [ RunTime:0.000000s ]
SQL: SELECT * FROM `activity` WHERE ( typeCode="badminton" ) ORDER BY createTime desc LIMIT 3   [ RunTime:0.000000s ]
SQL: SELECT * FROM `activity` WHERE ( typeCode="swimming" ) ORDER BY createTime desc LIMIT 3   [ RunTime:0.000000s ]
SQL: SELECT * FROM `activity` WHERE ( typeCode="billiards" ) ORDER BY createTime desc LIMIT 3   [ RunTime:0.000000s ]
INFO: [ view_parse ] --START--
NOTIC: [8] Undefined index: uname D:\wamp\www\antsclub_tp\Index\Runtime\Cache\e9ca3d00a40c8a0e158f18fe2252bc69.php 第 25 行.
NOTIC: [8] Undefined index: role D:\wamp\www\antsclub_tp\Index\Runtime\Cache\e9ca3d00a40c8a0e158f18fe2252bc69.php 第 49 行.
INFO: ParseTemplate Behavior ::run [ RunTime:0.031250s ]
INFO: [ view_parse ] --END-- [ RunTime:0.046875s ]
INFO: [ view_filter ] --START--
INFO: ContentReplace Behavior ::run [ RunTime:0.000000s ]
INFO: TokenBuild Behavior ::run [ RunTime:0.000000s ]
INFO: WriteHtmlCache Behavior ::run [ RunTime:0.000000s ]
INFO: ShowRuntime Behavior ::run [ RunTime:0.000000s ]
INFO: [ view_filter ] --END-- [ RunTime:0.000000s ]
INFO: [ view_end ] --START--
INFO: ShowPageTrace Behavior ::run [ RunTime:0.000000s ]
INFO: [ view_end ] --END-- [ RunTime:0.000000s ]

[ 2013-09-24T07:25:43+08:00 ] 127.0.0.1 /antsclub_tp/index.php/Login/login.html
INFO: [ route_check ] --START--
INFO: CheckRoute Behavior ::run [ RunTime:0.000000s ]
INFO: [ route_check ] --END-- [ RunTime:0.000000s ]
INFO: [ app_begin ] --START--
INFO: ReadHtmlCache Behavior ::run [ RunTime:0.000000s ]
INFO: [ app_begin ] --END-- [ RunTime:0.000000s ]
INFO: [ view_parse ] --START--
NOTIC: [8] Undefined index: uname D:\wamp\www\antsclub_tp\Index\Runtime\Cache\e5c7baedfdc4a8ba0a3244994ba009b3.php 第 24 行.
NOTIC: [8] Undefined index: role D:\wamp\www\antsclub_tp\Index\Runtime\Cache\e5c7baedfdc4a8ba0a3244994ba009b3.php 第 48 行.
INFO: ParseTemplate Behavior ::run [ RunTime:0.015625s ]
INFO: [ view_parse ] --END-- [ RunTime:0.031250s ]
INFO: [ view_filter ] --START--
INFO: ContentReplace Behavior ::run [ RunTime:0.000000s ]
INFO: TokenBuild Behavior ::run [ RunTime:0.000000s ]
INFO: WriteHtmlCache Behavior ::run [ RunTime:0.000000s ]
INFO: ShowRuntime Behavior ::run [ RunTime:0.000000s ]
INFO: [ view_filter ] --END-- [ RunTime:0.000000s ]
INFO: [ view_end ] --START--
INFO: ShowPageTrace Behavior ::run [ RunTime:0.000000s ]
INFO: [ view_end ] --END-- [ RunTime:0.000000s ]

[ 2013-09-24T07:25:48+08:00 ] 127.0.0.1 /antsclub_tp/index.php/Login/runLogin.html
INFO: [ route_check ] --START--
INFO: CheckRoute Behavior ::run [ RunTime:0.000000s ]
INFO: [ route_check ] --END-- [ RunTime:0.000000s ]
INFO: [ app_begin ] --START--
INFO: ReadHtmlCache Behavior ::run [ RunTime:0.000000s ]
INFO: [ app_begin ] --END-- [ RunTime:0.000000s ]
SQL: SHOW COLUMNS FROM `user` [ RunTime:0.000000s ]
SQL: SELECT * FROM `user` WHERE ( `uname` = 'allan' ) AND ( `pwd` = 'cfcd208495d565ef66e7dff9f98764da' ) LIMIT 1   [ RunTime:0.015625s ]

[ 2013-09-24T07:25:50+08:00 ] 127.0.0.1 /antsclub_tp/index.php/Login/login.html
INFO: [ route_check ] --START--
INFO: CheckRoute Behavior ::run [ RunTime:0.000000s ]
INFO: [ route_check ] --END-- [ RunTime:0.000000s ]
INFO: [ app_begin ] --START--
INFO: ReadHtmlCache Behavior ::run [ RunTime:0.000000s ]
INFO: [ app_begin ] --END-- [ RunTime:0.000000s ]
INFO: [ view_parse ] --START--
NOTIC: [8] Undefined index: uname D:\wamp\www\antsclub_tp\Index\Runtime\Cache\e5c7baedfdc4a8ba0a3244994ba009b3.php 第 24 行.
NOTIC: [8] Undefined index: role D:\wamp\www\antsclub_tp\Index\Runtime\Cache\e5c7baedfdc4a8ba0a3244994ba009b3.php 第 48 行.
INFO: ParseTemplate Behavior ::run [ RunTime:0.015625s ]
INFO: [ view_parse ] --END-- [ RunTime:0.015625s ]
INFO: [ view_filter ] --START--
INFO: ContentReplace Behavior ::run [ RunTime:0.000000s ]
INFO: TokenBuild Behavior ::run [ RunTime:0.000000s ]
INFO: WriteHtmlCache Behavior ::run [ RunTime:0.000000s ]
INFO: ShowRuntime Behavior ::run [ RunTime:0.000000s ]
INFO: [ view_filter ] --END-- [ RunTime:0.015625s ]
INFO: [ view_end ] --START--
INFO: ShowPageTrace Behavior ::run [ RunTime:0.000000s ]
INFO: [ view_end ] --END-- [ RunTime:0.000000s ]

[ 2013-09-24T07:25:58+08:00 ] 127.0.0.1 /antsclub_tp/index.php/Login/runLogin.html
INFO: [ route_check ] --START--
INFO: CheckRoute Behavior ::run [ RunTime:0.000000s ]
INFO: [ route_check ] --END-- [ RunTime:0.000000s ]
INFO: [ app_begin ] --START--
INFO: ReadHtmlCache Behavior ::run [ RunTime:0.000000s ]
INFO: [ app_begin ] --END-- [ RunTime:0.000000s ]
SQL: SHOW COLUMNS FROM `user` [ RunTime:0.000000s ]
SQL: SELECT * FROM `user` WHERE ( `uname` = 'allan' ) AND ( `pwd` = 'e10adc3949ba59abbe56e057f20f883e' ) LIMIT 1   [ RunTime:0.000000s ]
NOTIC: [8] Use of undefined constant id - assumed 'id' D:\wamp\www\antsclub_tp\Index\Lib\Action\LoginAction.class.php 第 29 行.
NOTIC: [8] Use of undefined constant role - assumed 'role' D:\wamp\www\antsclub_tp\Index\Lib\Action\LoginAction.class.php 第 30 行.
NOTIC: [8] Use of undefined constant nickname - assumed 'nickname' D:\wamp\www\antsclub_tp\Index\Lib\Action\LoginAction.class.php 第 31 行.
NOTIC: [8] Use of undefined constant nickname - assumed 'nickname' D:\wamp\www\antsclub_tp\Index\Lib\Action\LoginAction.class.php 第 32 行.

[ 2013-09-24T07:25:59+08:00 ] 127.0.0.1 /antsclub_tp/index.php
INFO: [ app_begin ] --START--
INFO: ReadHtmlCache Behavior ::run [ RunTime:0.000000s ]
INFO: [ app_begin ] --END-- [ RunTime:0.000000s ]
SQL: SHOW COLUMNS FROM `activity` [ RunTime:0.000000s ]
SQL: SELECT * FROM `activity` WHERE ( typeCode="badminton" ) ORDER BY createTime desc LIMIT 3   [ RunTime:0.000000s ]
SQL: SELECT * FROM `activity` WHERE ( typeCode="swimming" ) ORDER BY createTime desc LIMIT 3   [ RunTime:0.000000s ]
SQL: SELECT * FROM `activity` WHERE ( typeCode="billiards" ) ORDER BY createTime desc LIMIT 3   [ RunTime:0.000000s ]
INFO: [ view_parse ] --START--
NOTIC: [8] Undefined index: role D:\wamp\www\antsclub_tp\Index\Runtime\Cache\e9ca3d00a40c8a0e158f18fe2252bc69.php 第 49 行.
INFO: ParseTemplate Behavior ::run [ RunTime:0.031250s ]
INFO: [ view_parse ] --END-- [ RunTime:0.031250s ]
INFO: [ view_filter ] --START--
INFO: ContentReplace Behavior ::run [ RunTime:0.000000s ]
INFO: TokenBuild Behavior ::run [ RunTime:0.000000s ]
INFO: WriteHtmlCache Behavior ::run [ RunTime:0.000000s ]
INFO: ShowRuntime Behavior ::run [ RunTime:0.000000s ]
INFO: [ view_filter ] --END-- [ RunTime:0.000000s ]
INFO: [ view_end ] --START--
INFO: ShowPageTrace Behavior ::run [ RunTime:0.000000s ]
INFO: [ view_end ] --END-- [ RunTime:0.000000s ]

[ 2013-09-24T07:26:01+08:00 ] 127.0.0.1 /antsclub_tp/index.php/Activity/view/id/116.html
INFO: [ route_check ] --START--
INFO: CheckRoute Behavior ::run [ RunTime:0.000000s ]
INFO: [ route_check ] --END-- [ RunTime:0.000000s ]
INFO: [ app_begin ] --START--
INFO: ReadHtmlCache Behavior ::run [ RunTime:0.000000s ]
INFO: [ app_begin ] --END-- [ RunTime:0.000000s ]
SQL: select a.*,ua.signName,ua.signNum,ua.userName from activity a  left join user_activity ua on a.id=ua.activityId  where a.id="116" order by ua.signTime [ RunTime:0.000000s ]
NOTIC: [8] Use of undefined constant signName - assumed 'signName' D:\wamp\www\antsclub_tp\Index\Lib\Action\ActivityAction.class.php 第 62 行.
NOTIC: [8] Use of undefined constant signNum - assumed 'signNum' D:\wamp\www\antsclub_tp\Index\Lib\Action\ActivityAction.class.php 第 63 行.
NOTIC: [8] Use of undefined constant id - assumed 'id' D:\wamp\www\antsclub_tp\Index\Lib\Action\ActivityAction.class.php 第 69 行.
NOTIC: [8] Use of undefined constant typeName - assumed 'typeName' D:\wamp\www\antsclub_tp\Index\Lib\Action\ActivityAction.class.php 第 70 行.
NOTIC: [8] Use of undefined constant title - assumed 'title' D:\wamp\www\antsclub_tp\Index\Lib\Action\ActivityAction.class.php 第 71 行.
NOTIC: [8] Use of undefined constant startTime - assumed 'startTime' D:\wamp\www\antsclub_tp\Index\Lib\Action\ActivityAction.class.php 第 72 行.
NOTIC: [8] Use of undefined constant endTime - assumed 'endTime' D:\wamp\www\antsclub_tp\Index\Lib\Action\ActivityAction.class.php 第 73 行.
NOTIC: [8] Use of undefined constant address - assumed 'address' D:\wamp\www\antsclub_tp\Index\Lib\Action\ActivityAction.class.php 第 74 行.
NOTIC: [8] Use of undefined constant detail - assumed 'detail' D:\wamp\www\antsclub_tp\Index\Lib\Action\ActivityAction.class.php 第 75 行.
NOTIC: [8] Use of undefined constant maxNum - assumed 'maxNum' D:\wamp\www\antsclub_tp\Index\Lib\Action\ActivityAction.class.php 第 76 行.
INFO: [ view_parse ] --START--
NOTIC: [8] Undefined index: role D:\wamp\www\antsclub_tp\Index\Runtime\Cache\ab2fbf02f9e0aad89bd0b627ad1f3bde.php 第 49 行.
NOTIC: [8] Undefined index: role D:\wamp\www\antsclub_tp\Index\Runtime\Cache\ab2fbf02f9e0aad89bd0b627ad1f3bde.php 第 68 行.
INFO: ParseTemplate Behavior ::run [ RunTime:0.031250s ]
INFO: [ view_parse ] --END-- [ RunTime:0.031250s ]
INFO: [ view_filter ] --START--
INFO: ContentReplace Behavior ::run [ RunTime:0.000000s ]
INFO: TokenBuild Behavior ::run [ RunTime:0.000000s ]
INFO: WriteHtmlCache Behavior ::run [ RunTime:0.000000s ]
INFO: ShowRuntime Behavior ::run [ RunTime:0.000000s ]
INFO: [ view_filter ] --END-- [ RunTime:0.000000s ]
INFO: [ view_end ] --START--
INFO: ShowPageTrace Behavior ::run [ RunTime:0.000000s ]
INFO: [ view_end ] --END-- [ RunTime:0.000000s ]

[ 2013-09-24T07:26:03+08:00 ] 127.0.0.1 /antsclub_tp/index.php/Activity/sign.html
INFO: [ route_check ] --START--
INFO: CheckRoute Behavior ::run [ RunTime:0.000000s ]
INFO: [ route_check ] --END-- [ RunTime:0.000000s ]
INFO: [ app_begin ] --START--
INFO: ReadHtmlCache Behavior ::run [ RunTime:0.000000s ]
INFO: [ app_begin ] --END-- [ RunTime:0.000000s ]
SQL: SHOW COLUMNS FROM `user_activity` [ RunTime:0.000000s ]
SQL: SELECT * FROM `user_activity` WHERE ( `activityId` = 116 ) AND ( `userId` = '19' ) LIMIT 1   [ RunTime:0.000000s ]
SQL: INSERT INTO `user_activity` (`activityId`,`userId`,`userName`,`signName`,`signNum`,`signTime`) VALUES (116,'19','Allan','Allan',1,'2013-09-24 07:26:03') [ RunTime:0.000000s ]

[ 2013-09-24T07:26:09+08:00 ] 127.0.0.1 /antsclub_tp/index.php/Activity/signMore.html
INFO: [ route_check ] --START--
INFO: CheckRoute Behavior ::run [ RunTime:0.000000s ]
INFO: [ route_check ] --END-- [ RunTime:0.000000s ]
INFO: [ app_begin ] --START--
INFO: ReadHtmlCache Behavior ::run [ RunTime:0.015625s ]
INFO: [ app_begin ] --END-- [ RunTime:0.015625s ]
SQL: SHOW COLUMNS FROM `user_activity` [ RunTime:0.000000s ]
SQL: SELECT `signNum` FROM `user_activity` WHERE ( `activityId` = 116 ) AND ( `userId` = '19' ) LIMIT 1   [ RunTime:0.000000s ]
SQL: DELETE FROM `user_activity` WHERE ( `activityId` = 116 ) AND ( `userId` = '19' ) [ RunTime:0.000000s ]
SQL: INSERT INTO `user_activity` (`activityId`,`userId`,`userName`,`signName`,`signNum`,`signTime`) VALUES (116,'19','Allan','Allan(+1)',2,'2013-09-24 07:26:09') [ RunTime:0.000000s ]
SQL: select ua.signName,ua.signNum from activity a  left join user_activity ua on a.id=ua.activityId  where a.id="116" order by ua.signTime [ RunTime:0.000000s ]
NOTIC: [8] Use of undefined constant signName - assumed 'signName' D:\wamp\www\antsclub_tp\Index\Lib\Action\ActivityAction.class.php 第 181 行.
NOTIC: [8] Use of undefined constant signNum - assumed 'signNum' D:\wamp\www\antsclub_tp\Index\Lib\Action\ActivityAction.class.php 第 182 行.
NOTIC: [8] Use of undefined constant signName - assumed 'signName' D:\wamp\www\antsclub_tp\Index\Lib\Action\ActivityAction.class.php 第 181 行.
NOTIC: [8] Use of undefined constant signNum - assumed 'signNum' D:\wamp\www\antsclub_tp\Index\Lib\Action\ActivityAction.class.php 第 182 行.

